<?xml version="1.0" encoding="UTF-8"?>
<testsuite name="edu.sraikar.ws.service.GreetingServiceTest" tests="8" skipped="0" failures="0" errors="0" timestamp="2016-06-21T01:06:03" hostname="SandeepRaikar" time="0.251">
  <properties/>
  <testcase name="testCreateWithId" classname="edu.sraikar.ws.service.GreetingServiceTest" time="0.016"/>
  <testcase name="testFindOneNotFound" classname="edu.sraikar.ws.service.GreetingServiceTest" time="0.015"/>
  <testcase name="testFindAll" classname="edu.sraikar.ws.service.GreetingServiceTest" time="0.026"/>
  <testcase name="testFindOne" classname="edu.sraikar.ws.service.GreetingServiceTest" time="0.011"/>
  <testcase name="testUpdateNotFound" classname="edu.sraikar.ws.service.GreetingServiceTest" time="0.01"/>
  <testcase name="testCreate" classname="edu.sraikar.ws.service.GreetingServiceTest" time="0.036"/>
  <testcase name="testDelete" classname="edu.sraikar.ws.service.GreetingServiceTest" time="0.102"/>
  <testcase name="testUpdate" classname="edu.sraikar.ws.service.GreetingServiceTest" time="0.013"/>
  <system-out><![CDATA[2016-06-20 20:05:52.263  INFO 3752 --- [    Test worker] o.s.t.c.support.AbstractContextLoader    : Could not detect default resource locations for test class [edu.sraikar.ws.AbstractTest]: no resource found for suffixes {-context.xml, Context.groovy}.
2016-06-20 20:05:52.300  INFO 3752 --- [    Test worker] o.s.t.c.s.DefaultTestContextBootstrapper : Loaded default TestExecutionListener class names from location [META-INF/spring.factories]: [org.springframework.test.context.web.ServletTestExecutionListener, org.springframework.test.context.support.DirtiesContextBeforeModesTestExecutionListener, org.springframework.test.context.support.DependencyInjectionTestExecutionListener, org.springframework.test.context.support.DirtiesContextTestExecutionListener, org.springframework.test.context.transaction.TransactionalTestExecutionListener, org.springframework.test.context.jdbc.SqlScriptsTestExecutionListener]
2016-06-20 20:05:52.302  INFO 3752 --- [    Test worker] o.s.t.c.s.DefaultTestContextBootstrapper : Using TestExecutionListeners: [org.springframework.test.context.web.ServletTestExecutionListener@eca42c, org.springframework.test.context.support.DirtiesContextBeforeModesTestExecutionListener@8f8e0b, org.springframework.test.context.support.DependencyInjectionTestExecutionListener@1aa9fbd, org.springframework.test.context.support.DirtiesContextTestExecutionListener@110cff7, org.springframework.test.context.transaction.TransactionalTestExecutionListener@f4cf3d, org.springframework.test.context.jdbc.SqlScriptsTestExecutionListener@27eafe]
2016-06-20 20:05:52.820  INFO 3752 --- [pool-3-thread-1] edu.sraikar.ws.batch.GreetingBatchBean   : Processing time was 5 secinds
2016-06-20 20:05:52.820  INFO 3752 --- [pool-3-thread-1] edu.sraikar.ws.batch.GreetingBatchBean   : ending fixedRateJobWithInitialDelay
2016-06-20 20:05:52.821  INFO 3752 --- [pool-3-thread-1] edu.sraikar.ws.batch.GreetingBatchBean   : starting fixedRateJobWithInitialDelay

  .   ____          _            __ _ _
 /\\ / ___'_ __ _ _(_)_ __  __ _ \ \ \ \
( ( )\___ | '_ | '_| | '_ \/ _` | \ \ \ \
 \\/  ___)| |_)| | | | | || (_| |  ) ) ) )
  '  |____| .__|_| |_|_| |_\__, | / / / /
 =========|_|==============|___/=/_/_/_/
 :: Spring Boot ::        (v1.3.1.RELEASE)

2016-06-20 20:05:52.869  INFO 3752 --- [    Test worker] e.s.ws.service.GreetingServiceTest       : Starting GreetingServiceTest on SandeepRaikar with PID 3752 (D:\Mars_workspace\Springwebservices-gradle\build\classes\test started by Sandeep in D:\Mars_workspace\Springwebservices-gradle)
2016-06-20 20:05:52.870  INFO 3752 --- [    Test worker] e.s.ws.service.GreetingServiceTest       : The following profiles are active: batch
2016-06-20 20:05:52.935  INFO 3752 --- [    Test worker] s.c.a.AnnotationConfigApplicationContext : Refreshing org.springframework.context.annotation.AnnotationConfigApplicationContext@13b7459: startup date [Mon Jun 20 20:05:52 CDT 2016]; root of context hierarchy
2016-06-20 20:05:57.823  INFO 3752 --- [pool-3-thread-1] edu.sraikar.ws.batch.GreetingBatchBean   : Processing time was 5 secinds
2016-06-20 20:05:57.823  INFO 3752 --- [pool-3-thread-1] edu.sraikar.ws.batch.GreetingBatchBean   : ending fixedRateJobWithInitialDelay
2016-06-20 20:05:58.100  INFO 3752 --- [    Test worker] o.s.s.a.AsyncAnnotationBeanPostProcessor : No TaskExecutor bean found for async annotation processing.
2016-06-20 20:05:59.049  INFO 3752 --- [    Test worker] o.s.jdbc.datasource.init.ScriptUtils     : Executing SQL script from class path resource [data/hsqldb/schema.sql]
2016-06-20 20:05:59.058  INFO 3752 --- [    Test worker] o.s.jdbc.datasource.init.ScriptUtils     : Executed SQL script from class path resource [data/hsqldb/schema.sql] in 9 ms.
2016-06-20 20:05:59.065  INFO 3752 --- [    Test worker] o.s.jdbc.datasource.init.ScriptUtils     : Executing SQL script from class path resource [data/hsqldb/data.sql]
2016-06-20 20:05:59.071  INFO 3752 --- [    Test worker] o.s.jdbc.datasource.init.ScriptUtils     : Executed SQL script from class path resource [data/hsqldb/data.sql] in 5 ms.
2016-06-20 20:05:59.326  INFO 3752 --- [    Test worker] j.LocalContainerEntityManagerFactoryBean : Building JPA container EntityManagerFactory for persistence unit 'default'
2016-06-20 20:05:59.327  INFO 3752 --- [    Test worker] o.hibernate.jpa.internal.util.LogHelper  : HHH000204: Processing PersistenceUnitInfo [
	name: default
	...]
2016-06-20 20:05:59.407  INFO 3752 --- [    Test worker] org.hibernate.dialect.Dialect            : HHH000400: Using dialect: org.hibernate.dialect.HSQLDialect
2016-06-20 20:05:59.417  INFO 3752 --- [    Test worker] o.h.h.i.ast.ASTQueryTranslatorFactory    : HHH000397: Using ASTQueryTranslatorFactory
2016-06-20 20:05:59.464  INFO 3752 --- [    Test worker] o.h.tool.hbm2ddl.SchemaValidator         : HHH000229: Running schema validator
2016-06-20 20:05:59.466  INFO 3752 --- [    Test worker] o.h.tool.hbm2ddl.SchemaValidator         : HHH000102: Fetching database metadata
2016-06-20 20:05:59.619  INFO 3752 --- [    Test worker] o.hibernate.tool.hbm2ddl.TableMetadata   : HHH000261: Table found: PUBLIC.PUBLIC.GREETING
2016-06-20 20:05:59.621  INFO 3752 --- [    Test worker] o.hibernate.tool.hbm2ddl.TableMetadata   : HHH000037: Columns: [id, text]
2016-06-20 20:05:59.627  WARN 3752 --- [    Test worker] o.h.j.i.EntityManagerFactoryRegistry     : HHH000436: Entity manager factory name (default) is already registered.  If entity manager will be clustered or passivated, specify a unique value for property 'hibernate.ejb.entitymanager_factory_name'
2016-06-20 20:06:00.008  INFO 3752 --- [pool-3-thread-1] edu.sraikar.ws.batch.GreetingBatchBean   : starting cron
2016-06-20 20:06:00.032  INFO 3752 --- [pool-3-thread-1] edu.sraikar.ws.batch.GreetingBatchBean   : There are 3 greetings in the data store
2016-06-20 20:06:00.033  INFO 3752 --- [pool-3-thread-1] edu.sraikar.ws.batch.GreetingBatchBean   : cron ended
2016-06-20 20:06:02.728  INFO 3752 --- [pool-3-thread-1] edu.sraikar.ws.batch.GreetingBatchBean   : starting fixedRateJobWithInitialDelay
2016-06-20 20:06:03.777  INFO 3752 --- [    Test worker] e.s.ws.service.GreetingServiceTest       : Started GreetingServiceTest in 11.453 seconds (JVM running for 90.148)
2016-06-20 20:06:03.841  INFO 3752 --- [    Test worker] o.s.t.c.transaction.TransactionContext   : Began transaction (1) for test context [DefaultTestContext@144543b testClass = GreetingServiceTest, testInstance = edu.sraikar.ws.service.GreetingServiceTest@1d41a7d, testMethod = testCreateWithId@GreetingServiceTest, testException = [null], mergedContextConfiguration = [MergedContextConfiguration@16d8f4b testClass = GreetingServiceTest, locations = '{}', classes = '{class edu.sraikar.Application}', contextInitializerClasses = '[]', activeProfiles = '{}', propertySourceLocations = '{}', propertySourceProperties = '{}', contextLoader = 'org.springframework.boot.test.SpringApplicationContextLoader', parent = [null]]]; transaction manager [org.springframework.orm.jpa.JpaTransactionManager@1b9391e]; rollback [true]
2016-06-20 20:06:03.846 ERROR 3752 --- [    Test worker] e.s.ws.service.GreetingServiceBean       : Attempted to create a Greeting, but id attribute was not null.
2016-06-20 20:06:03.852  INFO 3752 --- [    Test worker] o.s.t.c.transaction.TransactionContext   : Rolled back transaction for test context [DefaultTestContext@144543b testClass = GreetingServiceTest, testInstance = edu.sraikar.ws.service.GreetingServiceTest@1d41a7d, testMethod = testCreateWithId@GreetingServiceTest, testException = [null], mergedContextConfiguration = [MergedContextConfiguration@16d8f4b testClass = GreetingServiceTest, locations = '{}', classes = '{class edu.sraikar.Application}', contextInitializerClasses = '[]', activeProfiles = '{}', propertySourceLocations = '{}', propertySourceProperties = '{}', contextLoader = 'org.springframework.boot.test.SpringApplicationContextLoader', parent = [null]]].
2016-06-20 20:06:03.858  INFO 3752 --- [    Test worker] o.s.t.c.transaction.TransactionContext   : Began transaction (1) for test context [DefaultTestContext@144543b testClass = GreetingServiceTest, testInstance = edu.sraikar.ws.service.GreetingServiceTest@58acce, testMethod = testFindOneNotFound@GreetingServiceTest, testException = [null], mergedContextConfiguration = [MergedContextConfiguration@16d8f4b testClass = GreetingServiceTest, locations = '{}', classes = '{class edu.sraikar.Application}', contextInitializerClasses = '[]', activeProfiles = '{}', propertySourceLocations = '{}', propertySourceProperties = '{}', contextLoader = 'org.springframework.boot.test.SpringApplicationContextLoader', parent = [null]]]; transaction manager [org.springframework.orm.jpa.JpaTransactionManager@1b9391e]; rollback [true]
2016-06-20 20:06:03.869  INFO 3752 --- [    Test worker] o.s.t.c.transaction.TransactionContext   : Rolled back transaction for test context [DefaultTestContext@144543b testClass = GreetingServiceTest, testInstance = edu.sraikar.ws.service.GreetingServiceTest@58acce, testMethod = testFindOneNotFound@GreetingServiceTest, testException = [null], mergedContextConfiguration = [MergedContextConfiguration@16d8f4b testClass = GreetingServiceTest, locations = '{}', classes = '{class edu.sraikar.Application}', contextInitializerClasses = '[]', activeProfiles = '{}', propertySourceLocations = '{}', propertySourceProperties = '{}', contextLoader = 'org.springframework.boot.test.SpringApplicationContextLoader', parent = [null]]].
2016-06-20 20:06:03.882  INFO 3752 --- [    Test worker] o.s.t.c.transaction.TransactionContext   : Began transaction (1) for test context [DefaultTestContext@144543b testClass = GreetingServiceTest, testInstance = edu.sraikar.ws.service.GreetingServiceTest@1f607ee, testMethod = testFindAll@GreetingServiceTest, testException = [null], mergedContextConfiguration = [MergedContextConfiguration@16d8f4b testClass = GreetingServiceTest, locations = '{}', classes = '{class edu.sraikar.Application}', contextInitializerClasses = '[]', activeProfiles = '{}', propertySourceLocations = '{}', propertySourceProperties = '{}', contextLoader = 'org.springframework.boot.test.SpringApplicationContextLoader', parent = [null]]]; transaction manager [org.springframework.orm.jpa.JpaTransactionManager@1b9391e]; rollback [true]
2016-06-20 20:06:03.900  INFO 3752 --- [    Test worker] o.s.t.c.transaction.TransactionContext   : Rolled back transaction for test context [DefaultTestContext@144543b testClass = GreetingServiceTest, testInstance = edu.sraikar.ws.service.GreetingServiceTest@1f607ee, testMethod = testFindAll@GreetingServiceTest, testException = [null], mergedContextConfiguration = [MergedContextConfiguration@16d8f4b testClass = GreetingServiceTest, locations = '{}', classes = '{class edu.sraikar.Application}', contextInitializerClasses = '[]', activeProfiles = '{}', propertySourceLocations = '{}', propertySourceProperties = '{}', contextLoader = 'org.springframework.boot.test.SpringApplicationContextLoader', parent = [null]]].
2016-06-20 20:06:03.907  INFO 3752 --- [    Test worker] o.s.t.c.transaction.TransactionContext   : Began transaction (1) for test context [DefaultTestContext@144543b testClass = GreetingServiceTest, testInstance = edu.sraikar.ws.service.GreetingServiceTest@5e1f9b, testMethod = testFindOne@GreetingServiceTest, testException = [null], mergedContextConfiguration = [MergedContextConfiguration@16d8f4b testClass = GreetingServiceTest, locations = '{}', classes = '{class edu.sraikar.Application}', contextInitializerClasses = '[]', activeProfiles = '{}', propertySourceLocations = '{}', propertySourceProperties = '{}', contextLoader = 'org.springframework.boot.test.SpringApplicationContextLoader', parent = [null]]]; transaction manager [org.springframework.orm.jpa.JpaTransactionManager@1b9391e]; rollback [true]
2016-06-20 20:06:03.914  INFO 3752 --- [    Test worker] o.s.t.c.transaction.TransactionContext   : Rolled back transaction for test context [DefaultTestContext@144543b testClass = GreetingServiceTest, testInstance = edu.sraikar.ws.service.GreetingServiceTest@5e1f9b, testMethod = testFindOne@GreetingServiceTest, testException = [null], mergedContextConfiguration = [MergedContextConfiguration@16d8f4b testClass = GreetingServiceTest, locations = '{}', classes = '{class edu.sraikar.Application}', contextInitializerClasses = '[]', activeProfiles = '{}', propertySourceLocations = '{}', propertySourceProperties = '{}', contextLoader = 'org.springframework.boot.test.SpringApplicationContextLoader', parent = [null]]].
2016-06-20 20:06:03.920  INFO 3752 --- [    Test worker] o.s.t.c.transaction.TransactionContext   : Began transaction (1) for test context [DefaultTestContext@144543b testClass = GreetingServiceTest, testInstance = edu.sraikar.ws.service.GreetingServiceTest@dafffb, testMethod = testUpdateNotFound@GreetingServiceTest, testException = [null], mergedContextConfiguration = [MergedContextConfiguration@16d8f4b testClass = GreetingServiceTest, locations = '{}', classes = '{class edu.sraikar.Application}', contextInitializerClasses = '[]', activeProfiles = '{}', propertySourceLocations = '{}', propertySourceProperties = '{}', contextLoader = 'org.springframework.boot.test.SpringApplicationContextLoader', parent = [null]]]; transaction manager [org.springframework.orm.jpa.JpaTransactionManager@1b9391e]; rollback [true]
2016-06-20 20:06:03.924 ERROR 3752 --- [    Test worker] e.s.ws.service.GreetingServiceBean       : Attempted to update a Greeting, but the entity does not exist.
2016-06-20 20:06:03.927  INFO 3752 --- [    Test worker] o.s.t.c.transaction.TransactionContext   : Rolled back transaction for test context [DefaultTestContext@144543b testClass = GreetingServiceTest, testInstance = edu.sraikar.ws.service.GreetingServiceTest@dafffb, testMethod = testUpdateNotFound@GreetingServiceTest, testException = [null], mergedContextConfiguration = [MergedContextConfiguration@16d8f4b testClass = GreetingServiceTest, locations = '{}', classes = '{class edu.sraikar.Application}', contextInitializerClasses = '[]', activeProfiles = '{}', propertySourceLocations = '{}', propertySourceProperties = '{}', contextLoader = 'org.springframework.boot.test.SpringApplicationContextLoader', parent = [null]]].
2016-06-20 20:06:03.934  INFO 3752 --- [    Test worker] o.s.t.c.transaction.TransactionContext   : Began transaction (1) for test context [DefaultTestContext@144543b testClass = GreetingServiceTest, testInstance = edu.sraikar.ws.service.GreetingServiceTest@96fc36, testMethod = testCreate@GreetingServiceTest, testException = [null], mergedContextConfiguration = [MergedContextConfiguration@16d8f4b testClass = GreetingServiceTest, locations = '{}', classes = '{class edu.sraikar.Application}', contextInitializerClasses = '[]', activeProfiles = '{}', propertySourceLocations = '{}', propertySourceProperties = '{}', contextLoader = 'org.springframework.boot.test.SpringApplicationContextLoader', parent = [null]]]; transaction manager [org.springframework.orm.jpa.JpaTransactionManager@1b9391e]; rollback [true]
2016-06-20 20:06:03.966  INFO 3752 --- [    Test worker] o.s.t.c.transaction.TransactionContext   : Rolled back transaction for test context [DefaultTestContext@144543b testClass = GreetingServiceTest, testInstance = edu.sraikar.ws.service.GreetingServiceTest@96fc36, testMethod = testCreate@GreetingServiceTest, testException = [null], mergedContextConfiguration = [MergedContextConfiguration@16d8f4b testClass = GreetingServiceTest, locations = '{}', classes = '{class edu.sraikar.Application}', contextInitializerClasses = '[]', activeProfiles = '{}', propertySourceLocations = '{}', propertySourceProperties = '{}', contextLoader = 'org.springframework.boot.test.SpringApplicationContextLoader', parent = [null]]].
2016-06-20 20:06:03.972  INFO 3752 --- [    Test worker] o.s.t.c.transaction.TransactionContext   : Began transaction (1) for test context [DefaultTestContext@144543b testClass = GreetingServiceTest, testInstance = edu.sraikar.ws.service.GreetingServiceTest@1ba50df, testMethod = testDelete@GreetingServiceTest, testException = [null], mergedContextConfiguration = [MergedContextConfiguration@16d8f4b testClass = GreetingServiceTest, locations = '{}', classes = '{class edu.sraikar.Application}', contextInitializerClasses = '[]', activeProfiles = '{}', propertySourceLocations = '{}', propertySourceProperties = '{}', contextLoader = 'org.springframework.boot.test.SpringApplicationContextLoader', parent = [null]]]; transaction manager [org.springframework.orm.jpa.JpaTransactionManager@1b9391e]; rollback [true]
2016-06-20 20:06:04.071  INFO 3752 --- [    Test worker] o.s.t.c.transaction.TransactionContext   : Rolled back transaction for test context [DefaultTestContext@144543b testClass = GreetingServiceTest, testInstance = edu.sraikar.ws.service.GreetingServiceTest@1ba50df, testMethod = testDelete@GreetingServiceTest, testException = [null], mergedContextConfiguration = [MergedContextConfiguration@16d8f4b testClass = GreetingServiceTest, locations = '{}', classes = '{class edu.sraikar.Application}', contextInitializerClasses = '[]', activeProfiles = '{}', propertySourceLocations = '{}', propertySourceProperties = '{}', contextLoader = 'org.springframework.boot.test.SpringApplicationContextLoader', parent = [null]]].
2016-06-20 20:06:04.078  INFO 3752 --- [    Test worker] o.s.t.c.transaction.TransactionContext   : Began transaction (1) for test context [DefaultTestContext@144543b testClass = GreetingServiceTest, testInstance = edu.sraikar.ws.service.GreetingServiceTest@ba6244, testMethod = testUpdate@GreetingServiceTest, testException = [null], mergedContextConfiguration = [MergedContextConfiguration@16d8f4b testClass = GreetingServiceTest, locations = '{}', classes = '{class edu.sraikar.Application}', contextInitializerClasses = '[]', activeProfiles = '{}', propertySourceLocations = '{}', propertySourceProperties = '{}', contextLoader = 'org.springframework.boot.test.SpringApplicationContextLoader', parent = [null]]]; transaction manager [org.springframework.orm.jpa.JpaTransactionManager@1b9391e]; rollback [true]
2016-06-20 20:06:04.085  INFO 3752 --- [    Test worker] e.s.ws.service.GreetingServiceBean       : < update id:1
2016-06-20 20:06:04.087  INFO 3752 --- [    Test worker] o.s.t.c.transaction.TransactionContext   : Rolled back transaction for test context [DefaultTestContext@144543b testClass = GreetingServiceTest, testInstance = edu.sraikar.ws.service.GreetingServiceTest@ba6244, testMethod = testUpdate@GreetingServiceTest, testException = [null], mergedContextConfiguration = [MergedContextConfiguration@16d8f4b testClass = GreetingServiceTest, locations = '{}', classes = '{class edu.sraikar.Application}', contextInitializerClasses = '[]', activeProfiles = '{}', propertySourceLocations = '{}', propertySourceProperties = '{}', contextLoader = 'org.springframework.boot.test.SpringApplicationContextLoader', parent = [null]]].
]]></system-out>
  <system-err><![CDATA[]]></system-err>
</testsuite>
