<?xml version="1.0" encoding="UTF-8"?>
<testsuite name="edu.sraikar.ws.api.GreetingControllerTest" tests="6" skipped="0" failures="0" errors="0" timestamp="2016-06-21T22:56:43" hostname="SandeepRaikar" time="1.594">
  <properties/>
  <testcase name="testGetGreetingNotFound" classname="edu.sraikar.ws.api.GreetingControllerTest" time="0.277"/>
  <testcase name="testUpdateGreeting" classname="edu.sraikar.ws.api.GreetingControllerTest" time="0.178"/>
  <testcase name="testCreateGreeting" classname="edu.sraikar.ws.api.GreetingControllerTest" time="0.113"/>
  <testcase name="testGreeting" classname="edu.sraikar.ws.api.GreetingControllerTest" time="0.896"/>
  <testcase name="testDeleteGreeting" classname="edu.sraikar.ws.api.GreetingControllerTest" time="0.066"/>
  <testcase name="testGetGreeting" classname="edu.sraikar.ws.api.GreetingControllerTest" time="0.044"/>
  <system-out><![CDATA[2016-06-21 17:56:43.118  INFO 7864 --- [    Test worker] o.s.t.c.support.AbstractContextLoader    : Could not detect default resource locations for test class [edu.sraikar.ws.AbstractTest]: no resource found for suffixes {-context.xml, Context.groovy}.
2016-06-21 17:56:43.127  INFO 7864 --- [    Test worker] o.s.t.c.web.WebTestContextBootstrapper   : Loaded default TestExecutionListener class names from location [META-INF/spring.factories]: [org.springframework.test.context.web.ServletTestExecutionListener, org.springframework.test.context.support.DirtiesContextBeforeModesTestExecutionListener, org.springframework.test.context.support.DependencyInjectionTestExecutionListener, org.springframework.test.context.support.DirtiesContextTestExecutionListener, org.springframework.test.context.transaction.TransactionalTestExecutionListener, org.springframework.test.context.jdbc.SqlScriptsTestExecutionListener]
2016-06-21 17:56:43.129  INFO 7864 --- [    Test worker] o.s.t.c.web.WebTestContextBootstrapper   : Using TestExecutionListeners: [org.springframework.test.context.web.ServletTestExecutionListener@18e0685, org.springframework.test.context.support.DirtiesContextBeforeModesTestExecutionListener@3ccc44, org.springframework.test.context.support.DependencyInjectionTestExecutionListener@1d8cff2, org.springframework.test.context.support.DirtiesContextTestExecutionListener@11b9fed, org.springframework.test.context.transaction.TransactionalTestExecutionListener@161965, org.springframework.test.context.jdbc.SqlScriptsTestExecutionListener@deaf0f]
2016-06-21 17:56:43.222  INFO 7864 --- [    Test worker] o.s.t.c.transaction.TransactionContext   : Began transaction (1) for test context [DefaultTestContext@2d5b13 testClass = GreetingControllerTest, testInstance = edu.sraikar.ws.api.GreetingControllerTest@66b742, testMethod = testGetGreetingNotFound@GreetingControllerTest, testException = [null], mergedContextConfiguration = [WebMergedContextConfiguration@18441b9 testClass = GreetingControllerTest, locations = '{}', classes = '{class edu.sraikar.Application}', contextInitializerClasses = '[]', activeProfiles = '{}', propertySourceLocations = '{}', propertySourceProperties = '{}', resourceBasePath = 'src/main/webapp', contextLoader = 'org.springframework.boot.test.SpringApplicationContextLoader', parent = [null]]]; transaction manager [org.springframework.orm.jpa.JpaTransactionManager@75ac89]; rollback [true]
2016-06-21 17:56:43.226  INFO 7864 --- [    Test worker] o.s.b.test.SpringBootMockServletContext  : Initializing Spring FrameworkServlet ''
2016-06-21 17:56:43.227  INFO 7864 --- [    Test worker] o.s.t.web.servlet.TestDispatcherServlet  : FrameworkServlet '': initialization started
2016-06-21 17:56:43.290  INFO 7864 --- [    Test worker] o.s.t.web.servlet.TestDispatcherServlet  : FrameworkServlet '': initialization completed in 63 ms
2016-06-21 17:56:43.329  INFO 7864 --- [    Test worker] e.sraikar.ws.web.api.GreetingController  : getGreeting called!
2016-06-21 17:56:43.495  INFO 7864 --- [    Test worker] o.s.t.c.transaction.TransactionContext   : Rolled back transaction for test context [DefaultTestContext@2d5b13 testClass = GreetingControllerTest, testInstance = edu.sraikar.ws.api.GreetingControllerTest@66b742, testMethod = testGetGreetingNotFound@GreetingControllerTest, testException = [null], mergedContextConfiguration = [WebMergedContextConfiguration@18441b9 testClass = GreetingControllerTest, locations = '{}', classes = '{class edu.sraikar.Application}', contextInitializerClasses = '[]', activeProfiles = '{}', propertySourceLocations = '{}', propertySourceProperties = '{}', resourceBasePath = 'src/main/webapp', contextLoader = 'org.springframework.boot.test.SpringApplicationContextLoader', parent = [null]]].
2016-06-21 17:56:43.503  INFO 7864 --- [    Test worker] o.s.t.c.transaction.TransactionContext   : Began transaction (1) for test context [DefaultTestContext@2d5b13 testClass = GreetingControllerTest, testInstance = edu.sraikar.ws.api.GreetingControllerTest@546e56, testMethod = testUpdateGreeting@GreetingControllerTest, testException = [null], mergedContextConfiguration = [WebMergedContextConfiguration@18441b9 testClass = GreetingControllerTest, locations = '{}', classes = '{class edu.sraikar.Application}', contextInitializerClasses = '[]', activeProfiles = '{}', propertySourceLocations = '{}', propertySourceProperties = '{}', resourceBasePath = 'src/main/webapp', contextLoader = 'org.springframework.boot.test.SpringApplicationContextLoader', parent = [null]]]; transaction manager [org.springframework.orm.jpa.JpaTransactionManager@75ac89]; rollback [true]
2016-06-21 17:56:43.506  INFO 7864 --- [    Test worker] o.s.b.test.SpringBootMockServletContext  : Initializing Spring FrameworkServlet ''
2016-06-21 17:56:43.507  INFO 7864 --- [    Test worker] o.s.t.web.servlet.TestDispatcherServlet  : FrameworkServlet '': initialization started
2016-06-21 17:56:43.521  INFO 7864 --- [    Test worker] o.s.t.web.servlet.TestDispatcherServlet  : FrameworkServlet '': initialization completed in 13 ms
2016-06-21 17:56:43.607  INFO 7864 --- [    Test worker] e.sraikar.ws.web.api.GreetingController  : updateGreeting called!
2016-06-21 17:56:43.650  INFO 7864 --- [    Test worker] e.s.ws.service.GreetingServiceBean       : < update id:1
2016-06-21 17:56:43.676  INFO 7864 --- [    Test worker] o.s.t.c.transaction.TransactionContext   : Rolled back transaction for test context [DefaultTestContext@2d5b13 testClass = GreetingControllerTest, testInstance = edu.sraikar.ws.api.GreetingControllerTest@546e56, testMethod = testUpdateGreeting@GreetingControllerTest, testException = [null], mergedContextConfiguration = [WebMergedContextConfiguration@18441b9 testClass = GreetingControllerTest, locations = '{}', classes = '{class edu.sraikar.Application}', contextInitializerClasses = '[]', activeProfiles = '{}', propertySourceLocations = '{}', propertySourceProperties = '{}', resourceBasePath = 'src/main/webapp', contextLoader = 'org.springframework.boot.test.SpringApplicationContextLoader', parent = [null]]].
2016-06-21 17:56:43.685  INFO 7864 --- [    Test worker] o.s.t.c.transaction.TransactionContext   : Began transaction (1) for test context [DefaultTestContext@2d5b13 testClass = GreetingControllerTest, testInstance = edu.sraikar.ws.api.GreetingControllerTest@73cf02, testMethod = testCreateGreeting@GreetingControllerTest, testException = [null], mergedContextConfiguration = [WebMergedContextConfiguration@18441b9 testClass = GreetingControllerTest, locations = '{}', classes = '{class edu.sraikar.Application}', contextInitializerClasses = '[]', activeProfiles = '{}', propertySourceLocations = '{}', propertySourceProperties = '{}', resourceBasePath = 'src/main/webapp', contextLoader = 'org.springframework.boot.test.SpringApplicationContextLoader', parent = [null]]]; transaction manager [org.springframework.orm.jpa.JpaTransactionManager@75ac89]; rollback [true]
2016-06-21 17:56:43.687  INFO 7864 --- [    Test worker] o.s.b.test.SpringBootMockServletContext  : Initializing Spring FrameworkServlet ''
2016-06-21 17:56:43.688  INFO 7864 --- [    Test worker] o.s.t.web.servlet.TestDispatcherServlet  : FrameworkServlet '': initialization started
2016-06-21 17:56:43.704  INFO 7864 --- [    Test worker] o.s.t.web.servlet.TestDispatcherServlet  : FrameworkServlet '': initialization completed in 15 ms
2016-06-21 17:56:43.717  INFO 7864 --- [    Test worker] e.sraikar.ws.web.api.GreetingController  : createGreeting called!
2016-06-21 17:56:43.794  INFO 7864 --- [    Test worker] o.s.t.c.transaction.TransactionContext   : Rolled back transaction for test context [DefaultTestContext@2d5b13 testClass = GreetingControllerTest, testInstance = edu.sraikar.ws.api.GreetingControllerTest@73cf02, testMethod = testCreateGreeting@GreetingControllerTest, testException = [null], mergedContextConfiguration = [WebMergedContextConfiguration@18441b9 testClass = GreetingControllerTest, locations = '{}', classes = '{class edu.sraikar.Application}', contextInitializerClasses = '[]', activeProfiles = '{}', propertySourceLocations = '{}', propertySourceProperties = '{}', resourceBasePath = 'src/main/webapp', contextLoader = 'org.springframework.boot.test.SpringApplicationContextLoader', parent = [null]]].
2016-06-21 17:56:43.802  INFO 7864 --- [    Test worker] o.s.t.c.transaction.TransactionContext   : Began transaction (1) for test context [DefaultTestContext@2d5b13 testClass = GreetingControllerTest, testInstance = edu.sraikar.ws.api.GreetingControllerTest@1ed0631, testMethod = testGreeting@GreetingControllerTest, testException = [null], mergedContextConfiguration = [WebMergedContextConfiguration@18441b9 testClass = GreetingControllerTest, locations = '{}', classes = '{class edu.sraikar.Application}', contextInitializerClasses = '[]', activeProfiles = '{}', propertySourceLocations = '{}', propertySourceProperties = '{}', resourceBasePath = 'src/main/webapp', contextLoader = 'org.springframework.boot.test.SpringApplicationContextLoader', parent = [null]]]; transaction manager [org.springframework.orm.jpa.JpaTransactionManager@75ac89]; rollback [true]
2016-06-21 17:56:43.803  INFO 7864 --- [    Test worker] o.s.b.test.SpringBootMockServletContext  : Initializing Spring FrameworkServlet ''
2016-06-21 17:56:43.805  INFO 7864 --- [    Test worker] o.s.t.web.servlet.TestDispatcherServlet  : FrameworkServlet '': initialization started
2016-06-21 17:56:43.825  INFO 7864 --- [    Test worker] o.s.t.web.servlet.TestDispatcherServlet  : FrameworkServlet '': initialization completed in 17 ms
2016-06-21 17:56:43.835  INFO 7864 --- [    Test worker] e.sraikar.ws.web.api.GreetingController  : getAllGreetings called!
2016-06-21 17:56:44.694  INFO 7864 --- [    Test worker] o.s.t.c.transaction.TransactionContext   : Rolled back transaction for test context [DefaultTestContext@2d5b13 testClass = GreetingControllerTest, testInstance = edu.sraikar.ws.api.GreetingControllerTest@1ed0631, testMethod = testGreeting@GreetingControllerTest, testException = [null], mergedContextConfiguration = [WebMergedContextConfiguration@18441b9 testClass = GreetingControllerTest, locations = '{}', classes = '{class edu.sraikar.Application}', contextInitializerClasses = '[]', activeProfiles = '{}', propertySourceLocations = '{}', propertySourceProperties = '{}', resourceBasePath = 'src/main/webapp', contextLoader = 'org.springframework.boot.test.SpringApplicationContextLoader', parent = [null]]].
2016-06-21 17:56:44.703  INFO 7864 --- [    Test worker] o.s.t.c.transaction.TransactionContext   : Began transaction (1) for test context [DefaultTestContext@2d5b13 testClass = GreetingControllerTest, testInstance = edu.sraikar.ws.api.GreetingControllerTest@149982d, testMethod = testDeleteGreeting@GreetingControllerTest, testException = [null], mergedContextConfiguration = [WebMergedContextConfiguration@18441b9 testClass = GreetingControllerTest, locations = '{}', classes = '{class edu.sraikar.Application}', contextInitializerClasses = '[]', activeProfiles = '{}', propertySourceLocations = '{}', propertySourceProperties = '{}', resourceBasePath = 'src/main/webapp', contextLoader = 'org.springframework.boot.test.SpringApplicationContextLoader', parent = [null]]]; transaction manager [org.springframework.orm.jpa.JpaTransactionManager@75ac89]; rollback [true]
2016-06-21 17:56:44.706  INFO 7864 --- [    Test worker] o.s.b.test.SpringBootMockServletContext  : Initializing Spring FrameworkServlet ''
2016-06-21 17:56:44.707  INFO 7864 --- [    Test worker] o.s.t.web.servlet.TestDispatcherServlet  : FrameworkServlet '': initialization started
2016-06-21 17:56:44.725  INFO 7864 --- [    Test worker] o.s.t.web.servlet.TestDispatcherServlet  : FrameworkServlet '': initialization completed in 17 ms
2016-06-21 17:56:44.734  INFO 7864 --- [    Test worker] e.sraikar.ws.web.api.GreetingController  : deleteGreeting called!
2016-06-21 17:56:44.764  INFO 7864 --- [    Test worker] o.s.t.c.transaction.TransactionContext   : Rolled back transaction for test context [DefaultTestContext@2d5b13 testClass = GreetingControllerTest, testInstance = edu.sraikar.ws.api.GreetingControllerTest@149982d, testMethod = testDeleteGreeting@GreetingControllerTest, testException = [null], mergedContextConfiguration = [WebMergedContextConfiguration@18441b9 testClass = GreetingControllerTest, locations = '{}', classes = '{class edu.sraikar.Application}', contextInitializerClasses = '[]', activeProfiles = '{}', propertySourceLocations = '{}', propertySourceProperties = '{}', resourceBasePath = 'src/main/webapp', contextLoader = 'org.springframework.boot.test.SpringApplicationContextLoader', parent = [null]]].
2016-06-21 17:56:44.773  INFO 7864 --- [    Test worker] o.s.t.c.transaction.TransactionContext   : Began transaction (1) for test context [DefaultTestContext@2d5b13 testClass = GreetingControllerTest, testInstance = edu.sraikar.ws.api.GreetingControllerTest@17dceb, testMethod = testGetGreeting@GreetingControllerTest, testException = [null], mergedContextConfiguration = [WebMergedContextConfiguration@18441b9 testClass = GreetingControllerTest, locations = '{}', classes = '{class edu.sraikar.Application}', contextInitializerClasses = '[]', activeProfiles = '{}', propertySourceLocations = '{}', propertySourceProperties = '{}', resourceBasePath = 'src/main/webapp', contextLoader = 'org.springframework.boot.test.SpringApplicationContextLoader', parent = [null]]]; transaction manager [org.springframework.orm.jpa.JpaTransactionManager@75ac89]; rollback [true]
2016-06-21 17:56:44.775  INFO 7864 --- [    Test worker] o.s.b.test.SpringBootMockServletContext  : Initializing Spring FrameworkServlet ''
2016-06-21 17:56:44.775  INFO 7864 --- [    Test worker] o.s.t.web.servlet.TestDispatcherServlet  : FrameworkServlet '': initialization started
2016-06-21 17:56:44.791  INFO 7864 --- [    Test worker] o.s.t.web.servlet.TestDispatcherServlet  : FrameworkServlet '': initialization completed in 16 ms
2016-06-21 17:56:44.800  INFO 7864 --- [    Test worker] e.sraikar.ws.web.api.GreetingController  : getGreeting called!
2016-06-21 17:56:44.811  INFO 7864 --- [    Test worker] o.s.t.c.transaction.TransactionContext   : Rolled back transaction for test context [DefaultTestContext@2d5b13 testClass = GreetingControllerTest, testInstance = edu.sraikar.ws.api.GreetingControllerTest@17dceb, testMethod = testGetGreeting@GreetingControllerTest, testException = [null], mergedContextConfiguration = [WebMergedContextConfiguration@18441b9 testClass = GreetingControllerTest, locations = '{}', classes = '{class edu.sraikar.Application}', contextInitializerClasses = '[]', activeProfiles = '{}', propertySourceLocations = '{}', propertySourceProperties = '{}', resourceBasePath = 'src/main/webapp', contextLoader = 'org.springframework.boot.test.SpringApplicationContextLoader', parent = [null]]].
]]></system-out>
  <system-err><![CDATA[]]></system-err>
</testsuite>
