<?xml version="1.0" encoding="UTF-8"?>
<testsuite name="edu.sraikar.ws.service.GreetingServiceTest" tests="8" skipped="0" failures="0" errors="0" timestamp="2016-06-21T22:56:50" hostname="SandeepRaikar" time="0.168">
  <properties/>
  <testcase name="testCreateWithId" classname="edu.sraikar.ws.service.GreetingServiceTest" time="0.01"/>
  <testcase name="testFindOneNotFound" classname="edu.sraikar.ws.service.GreetingServiceTest" time="0.009"/>
  <testcase name="testFindAll" classname="edu.sraikar.ws.service.GreetingServiceTest" time="0.014"/>
  <testcase name="testFindOne" classname="edu.sraikar.ws.service.GreetingServiceTest" time="0.009"/>
  <testcase name="testUpdateNotFound" classname="edu.sraikar.ws.service.GreetingServiceTest" time="0.006"/>
  <testcase name="testCreate" classname="edu.sraikar.ws.service.GreetingServiceTest" time="0.024"/>
  <testcase name="testDelete" classname="edu.sraikar.ws.service.GreetingServiceTest" time="0.078"/>
  <testcase name="testUpdate" classname="edu.sraikar.ws.service.GreetingServiceTest" time="0.006"/>
  <system-out><![CDATA[2016-06-21 17:56:44.833  INFO 7864 --- [    Test worker] o.s.t.c.support.AbstractContextLoader    : Could not detect default resource locations for test class [edu.sraikar.ws.AbstractTest]: no resource found for suffixes {-context.xml, Context.groovy}.
2016-06-21 17:56:44.844  INFO 7864 --- [    Test worker] o.s.t.c.s.DefaultTestContextBootstrapper : Loaded default TestExecutionListener class names from location [META-INF/spring.factories]: [org.springframework.test.context.web.ServletTestExecutionListener, org.springframework.test.context.support.DirtiesContextBeforeModesTestExecutionListener, org.springframework.test.context.support.DependencyInjectionTestExecutionListener, org.springframework.test.context.support.DirtiesContextTestExecutionListener, org.springframework.test.context.transaction.TransactionalTestExecutionListener, org.springframework.test.context.jdbc.SqlScriptsTestExecutionListener]
2016-06-21 17:56:44.845  INFO 7864 --- [    Test worker] o.s.t.c.s.DefaultTestContextBootstrapper : Using TestExecutionListeners: [org.springframework.test.context.web.ServletTestExecutionListener@aa1486, org.springframework.test.context.support.DirtiesContextBeforeModesTestExecutionListener@640804, org.springframework.test.context.support.DependencyInjectionTestExecutionListener@786531, org.springframework.test.context.support.DirtiesContextTestExecutionListener@14434aa, org.springframework.test.context.transaction.TransactionalTestExecutionListener@1380520, org.springframework.test.context.jdbc.SqlScriptsTestExecutionListener@1661c6b]

  .   ____          _            __ _ _
 /\\ / ___'_ __ _ _(_)_ __  __ _ \ \ \ \
( ( )\___ | '_ | '_| | '_ \/ _` | \ \ \ \
 \\/  ___)| |_)| | | | | || (_| |  ) ) ) )
  '  |____| .__|_| |_|_| |_\__, | / / / /
 =========|_|==============|___/=/_/_/_/
 :: Spring Boot ::        (v1.3.1.RELEASE)

2016-06-21 17:56:45.040  INFO 7864 --- [    Test worker] e.s.ws.service.GreetingServiceTest       : Starting GreetingServiceTest on SandeepRaikar with PID 7864 (D:\Mars_workspace\Springwebservices-gradle\build\classes\test started by Sandeep in D:\Mars_workspace\Springwebservices-gradle)
2016-06-21 17:56:45.040  INFO 7864 --- [    Test worker] e.s.ws.service.GreetingServiceTest       : The following profiles are active: batch
2016-06-21 17:56:45.050  INFO 7864 --- [    Test worker] s.c.a.AnnotationConfigApplicationContext : Refreshing org.springframework.context.annotation.AnnotationConfigApplicationContext@b1876e: startup date [Tue Jun 21 17:56:45 CDT 2016]; root of context hierarchy
2016-06-21 17:56:46.561  INFO 7864 --- [pool-3-thread-1] edu.sraikar.ws.batch.GreetingBatchBean   : starting fixedRateJobWithInitialDelay
2016-06-21 17:56:48.297  INFO 7864 --- [    Test worker] o.s.s.a.AsyncAnnotationBeanPostProcessor : No TaskExecutor bean found for async annotation processing.
2016-06-21 17:56:48.876  INFO 7864 --- [    Test worker] o.s.jdbc.datasource.init.ScriptUtils     : Executing SQL script from class path resource [data/hsqldb/schema.sql]
2016-06-21 17:56:48.881  INFO 7864 --- [    Test worker] o.s.jdbc.datasource.init.ScriptUtils     : Executed SQL script from class path resource [data/hsqldb/schema.sql] in 3 ms.
2016-06-21 17:56:48.883  INFO 7864 --- [    Test worker] o.s.jdbc.datasource.init.ScriptUtils     : Executing SQL script from class path resource [data/hsqldb/data.sql]
2016-06-21 17:56:48.888  INFO 7864 --- [    Test worker] o.s.jdbc.datasource.init.ScriptUtils     : Executed SQL script from class path resource [data/hsqldb/data.sql] in 4 ms.
2016-06-21 17:56:49.012  INFO 7864 --- [    Test worker] j.LocalContainerEntityManagerFactoryBean : Building JPA container EntityManagerFactory for persistence unit 'default'
2016-06-21 17:56:49.012  INFO 7864 --- [    Test worker] o.hibernate.jpa.internal.util.LogHelper  : HHH000204: Processing PersistenceUnitInfo [
	name: default
	...]
2016-06-21 17:56:49.037  INFO 7864 --- [    Test worker] org.hibernate.dialect.Dialect            : HHH000400: Using dialect: org.hibernate.dialect.HSQLDialect
2016-06-21 17:56:49.042  INFO 7864 --- [    Test worker] o.h.h.i.ast.ASTQueryTranslatorFactory    : HHH000397: Using ASTQueryTranslatorFactory
2016-06-21 17:56:49.065  INFO 7864 --- [    Test worker] o.h.tool.hbm2ddl.SchemaValidator         : HHH000229: Running schema validator
2016-06-21 17:56:49.066  INFO 7864 --- [    Test worker] o.h.tool.hbm2ddl.SchemaValidator         : HHH000102: Fetching database metadata
2016-06-21 17:56:49.115  INFO 7864 --- [    Test worker] o.hibernate.tool.hbm2ddl.TableMetadata   : HHH000261: Table found: PUBLIC.PUBLIC.GREETING
2016-06-21 17:56:49.115  INFO 7864 --- [    Test worker] o.hibernate.tool.hbm2ddl.TableMetadata   : HHH000037: Columns: [id, text]
2016-06-21 17:56:49.117  WARN 7864 --- [    Test worker] o.h.j.i.EntityManagerFactoryRegistry     : HHH000436: Entity manager factory name (default) is already registered.  If entity manager will be clustered or passivated, specify a unique value for property 'hibernate.ejb.entitymanager_factory_name'
2016-06-21 17:56:50.304  INFO 7864 --- [    Test worker] e.s.ws.service.GreetingServiceTest       : Started GreetingServiceTest in 5.44 seconds (JVM running for 38.51)
2016-06-21 17:56:50.348  INFO 7864 --- [    Test worker] o.s.t.c.transaction.TransactionContext   : Began transaction (1) for test context [DefaultTestContext@1668d47 testClass = GreetingServiceTest, testInstance = edu.sraikar.ws.service.GreetingServiceTest@1a694fc, testMethod = testCreateWithId@GreetingServiceTest, testException = [null], mergedContextConfiguration = [MergedContextConfiguration@7b49ca testClass = GreetingServiceTest, locations = '{}', classes = '{class edu.sraikar.Application}', contextInitializerClasses = '[]', activeProfiles = '{}', propertySourceLocations = '{}', propertySourceProperties = '{}', contextLoader = 'org.springframework.boot.test.SpringApplicationContextLoader', parent = [null]]]; transaction manager [org.springframework.orm.jpa.JpaTransactionManager@3accd7]; rollback [true]
2016-06-21 17:56:50.350 ERROR 7864 --- [    Test worker] e.s.ws.service.GreetingServiceBean       : Attempted to create a Greeting, but id attribute was not null.
2016-06-21 17:56:50.354  INFO 7864 --- [    Test worker] o.s.t.c.transaction.TransactionContext   : Rolled back transaction for test context [DefaultTestContext@1668d47 testClass = GreetingServiceTest, testInstance = edu.sraikar.ws.service.GreetingServiceTest@1a694fc, testMethod = testCreateWithId@GreetingServiceTest, testException = [null], mergedContextConfiguration = [MergedContextConfiguration@7b49ca testClass = GreetingServiceTest, locations = '{}', classes = '{class edu.sraikar.Application}', contextInitializerClasses = '[]', activeProfiles = '{}', propertySourceLocations = '{}', propertySourceProperties = '{}', contextLoader = 'org.springframework.boot.test.SpringApplicationContextLoader', parent = [null]]].
2016-06-21 17:56:50.358  INFO 7864 --- [    Test worker] o.s.t.c.transaction.TransactionContext   : Began transaction (1) for test context [DefaultTestContext@1668d47 testClass = GreetingServiceTest, testInstance = edu.sraikar.ws.service.GreetingServiceTest@1867cee, testMethod = testFindOneNotFound@GreetingServiceTest, testException = [null], mergedContextConfiguration = [MergedContextConfiguration@7b49ca testClass = GreetingServiceTest, locations = '{}', classes = '{class edu.sraikar.Application}', contextInitializerClasses = '[]', activeProfiles = '{}', propertySourceLocations = '{}', propertySourceProperties = '{}', contextLoader = 'org.springframework.boot.test.SpringApplicationContextLoader', parent = [null]]]; transaction manager [org.springframework.orm.jpa.JpaTransactionManager@3accd7]; rollback [true]
2016-06-21 17:56:50.365  INFO 7864 --- [    Test worker] o.s.t.c.transaction.TransactionContext   : Rolled back transaction for test context [DefaultTestContext@1668d47 testClass = GreetingServiceTest, testInstance = edu.sraikar.ws.service.GreetingServiceTest@1867cee, testMethod = testFindOneNotFound@GreetingServiceTest, testException = [null], mergedContextConfiguration = [MergedContextConfiguration@7b49ca testClass = GreetingServiceTest, locations = '{}', classes = '{class edu.sraikar.Application}', contextInitializerClasses = '[]', activeProfiles = '{}', propertySourceLocations = '{}', propertySourceProperties = '{}', contextLoader = 'org.springframework.boot.test.SpringApplicationContextLoader', parent = [null]]].
2016-06-21 17:56:50.371  INFO 7864 --- [    Test worker] o.s.t.c.transaction.TransactionContext   : Began transaction (1) for test context [DefaultTestContext@1668d47 testClass = GreetingServiceTest, testInstance = edu.sraikar.ws.service.GreetingServiceTest@1a119d3, testMethod = testFindAll@GreetingServiceTest, testException = [null], mergedContextConfiguration = [MergedContextConfiguration@7b49ca testClass = GreetingServiceTest, locations = '{}', classes = '{class edu.sraikar.Application}', contextInitializerClasses = '[]', activeProfiles = '{}', propertySourceLocations = '{}', propertySourceProperties = '{}', contextLoader = 'org.springframework.boot.test.SpringApplicationContextLoader', parent = [null]]]; transaction manager [org.springframework.orm.jpa.JpaTransactionManager@3accd7]; rollback [true]
2016-06-21 17:56:50.381  INFO 7864 --- [    Test worker] o.s.t.c.transaction.TransactionContext   : Rolled back transaction for test context [DefaultTestContext@1668d47 testClass = GreetingServiceTest, testInstance = edu.sraikar.ws.service.GreetingServiceTest@1a119d3, testMethod = testFindAll@GreetingServiceTest, testException = [null], mergedContextConfiguration = [MergedContextConfiguration@7b49ca testClass = GreetingServiceTest, locations = '{}', classes = '{class edu.sraikar.Application}', contextInitializerClasses = '[]', activeProfiles = '{}', propertySourceLocations = '{}', propertySourceProperties = '{}', contextLoader = 'org.springframework.boot.test.SpringApplicationContextLoader', parent = [null]]].
2016-06-21 17:56:50.387  INFO 7864 --- [    Test worker] o.s.t.c.transaction.TransactionContext   : Began transaction (1) for test context [DefaultTestContext@1668d47 testClass = GreetingServiceTest, testInstance = edu.sraikar.ws.service.GreetingServiceTest@17ff95c, testMethod = testFindOne@GreetingServiceTest, testException = [null], mergedContextConfiguration = [MergedContextConfiguration@7b49ca testClass = GreetingServiceTest, locations = '{}', classes = '{class edu.sraikar.Application}', contextInitializerClasses = '[]', activeProfiles = '{}', propertySourceLocations = '{}', propertySourceProperties = '{}', contextLoader = 'org.springframework.boot.test.SpringApplicationContextLoader', parent = [null]]]; transaction manager [org.springframework.orm.jpa.JpaTransactionManager@3accd7]; rollback [true]
2016-06-21 17:56:50.392  INFO 7864 --- [    Test worker] o.s.t.c.transaction.TransactionContext   : Rolled back transaction for test context [DefaultTestContext@1668d47 testClass = GreetingServiceTest, testInstance = edu.sraikar.ws.service.GreetingServiceTest@17ff95c, testMethod = testFindOne@GreetingServiceTest, testException = [null], mergedContextConfiguration = [MergedContextConfiguration@7b49ca testClass = GreetingServiceTest, locations = '{}', classes = '{class edu.sraikar.Application}', contextInitializerClasses = '[]', activeProfiles = '{}', propertySourceLocations = '{}', propertySourceProperties = '{}', contextLoader = 'org.springframework.boot.test.SpringApplicationContextLoader', parent = [null]]].
2016-06-21 17:56:50.396  INFO 7864 --- [    Test worker] o.s.t.c.transaction.TransactionContext   : Began transaction (1) for test context [DefaultTestContext@1668d47 testClass = GreetingServiceTest, testInstance = edu.sraikar.ws.service.GreetingServiceTest@1d72573, testMethod = testUpdateNotFound@GreetingServiceTest, testException = [null], mergedContextConfiguration = [MergedContextConfiguration@7b49ca testClass = GreetingServiceTest, locations = '{}', classes = '{class edu.sraikar.Application}', contextInitializerClasses = '[]', activeProfiles = '{}', propertySourceLocations = '{}', propertySourceProperties = '{}', contextLoader = 'org.springframework.boot.test.SpringApplicationContextLoader', parent = [null]]]; transaction manager [org.springframework.orm.jpa.JpaTransactionManager@3accd7]; rollback [true]
2016-06-21 17:56:50.399 ERROR 7864 --- [    Test worker] e.s.ws.service.GreetingServiceBean       : Attempted to update a Greeting, but the entity does not exist.
2016-06-21 17:56:50.401  INFO 7864 --- [    Test worker] o.s.t.c.transaction.TransactionContext   : Rolled back transaction for test context [DefaultTestContext@1668d47 testClass = GreetingServiceTest, testInstance = edu.sraikar.ws.service.GreetingServiceTest@1d72573, testMethod = testUpdateNotFound@GreetingServiceTest, testException = [null], mergedContextConfiguration = [MergedContextConfiguration@7b49ca testClass = GreetingServiceTest, locations = '{}', classes = '{class edu.sraikar.Application}', contextInitializerClasses = '[]', activeProfiles = '{}', propertySourceLocations = '{}', propertySourceProperties = '{}', contextLoader = 'org.springframework.boot.test.SpringApplicationContextLoader', parent = [null]]].
2016-06-21 17:56:50.405  INFO 7864 --- [    Test worker] o.s.t.c.transaction.TransactionContext   : Began transaction (1) for test context [DefaultTestContext@1668d47 testClass = GreetingServiceTest, testInstance = edu.sraikar.ws.service.GreetingServiceTest@608e4, testMethod = testCreate@GreetingServiceTest, testException = [null], mergedContextConfiguration = [MergedContextConfiguration@7b49ca testClass = GreetingServiceTest, locations = '{}', classes = '{class edu.sraikar.Application}', contextInitializerClasses = '[]', activeProfiles = '{}', propertySourceLocations = '{}', propertySourceProperties = '{}', contextLoader = 'org.springframework.boot.test.SpringApplicationContextLoader', parent = [null]]]; transaction manager [org.springframework.orm.jpa.JpaTransactionManager@3accd7]; rollback [true]
2016-06-21 17:56:50.426  INFO 7864 --- [    Test worker] o.s.t.c.transaction.TransactionContext   : Rolled back transaction for test context [DefaultTestContext@1668d47 testClass = GreetingServiceTest, testInstance = edu.sraikar.ws.service.GreetingServiceTest@608e4, testMethod = testCreate@GreetingServiceTest, testException = [null], mergedContextConfiguration = [MergedContextConfiguration@7b49ca testClass = GreetingServiceTest, locations = '{}', classes = '{class edu.sraikar.Application}', contextInitializerClasses = '[]', activeProfiles = '{}', propertySourceLocations = '{}', propertySourceProperties = '{}', contextLoader = 'org.springframework.boot.test.SpringApplicationContextLoader', parent = [null]]].
2016-06-21 17:56:50.430  INFO 7864 --- [    Test worker] o.s.t.c.transaction.TransactionContext   : Began transaction (1) for test context [DefaultTestContext@1668d47 testClass = GreetingServiceTest, testInstance = edu.sraikar.ws.service.GreetingServiceTest@13c9c8e, testMethod = testDelete@GreetingServiceTest, testException = [null], mergedContextConfiguration = [MergedContextConfiguration@7b49ca testClass = GreetingServiceTest, locations = '{}', classes = '{class edu.sraikar.Application}', contextInitializerClasses = '[]', activeProfiles = '{}', propertySourceLocations = '{}', propertySourceProperties = '{}', contextLoader = 'org.springframework.boot.test.SpringApplicationContextLoader', parent = [null]]]; transaction manager [org.springframework.orm.jpa.JpaTransactionManager@3accd7]; rollback [true]
2016-06-21 17:56:50.505  INFO 7864 --- [    Test worker] o.s.t.c.transaction.TransactionContext   : Rolled back transaction for test context [DefaultTestContext@1668d47 testClass = GreetingServiceTest, testInstance = edu.sraikar.ws.service.GreetingServiceTest@13c9c8e, testMethod = testDelete@GreetingServiceTest, testException = [null], mergedContextConfiguration = [MergedContextConfiguration@7b49ca testClass = GreetingServiceTest, locations = '{}', classes = '{class edu.sraikar.Application}', contextInitializerClasses = '[]', activeProfiles = '{}', propertySourceLocations = '{}', propertySourceProperties = '{}', contextLoader = 'org.springframework.boot.test.SpringApplicationContextLoader', parent = [null]]].
2016-06-21 17:56:50.509  INFO 7864 --- [    Test worker] o.s.t.c.transaction.TransactionContext   : Began transaction (1) for test context [DefaultTestContext@1668d47 testClass = GreetingServiceTest, testInstance = edu.sraikar.ws.service.GreetingServiceTest@bf271f, testMethod = testUpdate@GreetingServiceTest, testException = [null], mergedContextConfiguration = [MergedContextConfiguration@7b49ca testClass = GreetingServiceTest, locations = '{}', classes = '{class edu.sraikar.Application}', contextInitializerClasses = '[]', activeProfiles = '{}', propertySourceLocations = '{}', propertySourceProperties = '{}', contextLoader = 'org.springframework.boot.test.SpringApplicationContextLoader', parent = [null]]]; transaction manager [org.springframework.orm.jpa.JpaTransactionManager@3accd7]; rollback [true]
2016-06-21 17:56:50.512  INFO 7864 --- [    Test worker] e.s.ws.service.GreetingServiceBean       : < update id:1
2016-06-21 17:56:50.513  INFO 7864 --- [    Test worker] o.s.t.c.transaction.TransactionContext   : Rolled back transaction for test context [DefaultTestContext@1668d47 testClass = GreetingServiceTest, testInstance = edu.sraikar.ws.service.GreetingServiceTest@bf271f, testMethod = testUpdate@GreetingServiceTest, testException = [null], mergedContextConfiguration = [MergedContextConfiguration@7b49ca testClass = GreetingServiceTest, locations = '{}', classes = '{class edu.sraikar.Application}', contextInitializerClasses = '[]', activeProfiles = '{}', propertySourceLocations = '{}', propertySourceProperties = '{}', contextLoader = 'org.springframework.boot.test.SpringApplicationContextLoader', parent = [null]]].
]]></system-out>
  <system-err><![CDATA[]]></system-err>
</testsuite>
