<?xml version="1.0" encoding="UTF-8"?>
<testsuite name="edu.sraikar.ws.api.GreetingControllerTest" tests="6" skipped="0" failures="0" errors="0" timestamp="2016-06-21T04:47:11" hostname="SandeepRaikar" time="1.242">
  <properties/>
  <testcase name="testGetGreetingNotFound" classname="edu.sraikar.ws.api.GreetingControllerTest" time="0.167"/>
  <testcase name="testUpdateGreeting" classname="edu.sraikar.ws.api.GreetingControllerTest" time="0.157"/>
  <testcase name="testCreateGreeting" classname="edu.sraikar.ws.api.GreetingControllerTest" time="0.105"/>
  <testcase name="testGreeting" classname="edu.sraikar.ws.api.GreetingControllerTest" time="0.748"/>
  <testcase name="testDeleteGreeting" classname="edu.sraikar.ws.api.GreetingControllerTest" time="0.03"/>
  <testcase name="testGetGreeting" classname="edu.sraikar.ws.api.GreetingControllerTest" time="0.022"/>
  <system-out><![CDATA[2016-06-20 23:47:11.836  INFO 2012 --- [    Test worker] o.s.t.c.support.AbstractContextLoader    : Could not detect default resource locations for test class [edu.sraikar.ws.AbstractTest]: no resource found for suffixes {-context.xml, Context.groovy}.
2016-06-20 23:47:11.842  INFO 2012 --- [    Test worker] o.s.t.c.web.WebTestContextBootstrapper   : Loaded default TestExecutionListener class names from location [META-INF/spring.factories]: [org.springframework.test.context.web.ServletTestExecutionListener, org.springframework.test.context.support.DirtiesContextBeforeModesTestExecutionListener, org.springframework.test.context.support.DependencyInjectionTestExecutionListener, org.springframework.test.context.support.DirtiesContextTestExecutionListener, org.springframework.test.context.transaction.TransactionalTestExecutionListener, org.springframework.test.context.jdbc.SqlScriptsTestExecutionListener]
2016-06-20 23:47:11.843  INFO 2012 --- [    Test worker] o.s.t.c.web.WebTestContextBootstrapper   : Using TestExecutionListeners: [org.springframework.test.context.web.ServletTestExecutionListener@1104f2b, org.springframework.test.context.support.DirtiesContextBeforeModesTestExecutionListener@6934cb, org.springframework.test.context.support.DependencyInjectionTestExecutionListener@1e7d85, org.springframework.test.context.support.DirtiesContextTestExecutionListener@620a27, org.springframework.test.context.transaction.TransactionalTestExecutionListener@13e6397, org.springframework.test.context.jdbc.SqlScriptsTestExecutionListener@b4d117]
2016-06-20 23:47:11.895  INFO 2012 --- [    Test worker] o.s.t.c.transaction.TransactionContext   : Began transaction (1) for test context [DefaultTestContext@17e6338 testClass = GreetingControllerTest, testInstance = edu.sraikar.ws.api.GreetingControllerTest@126829b, testMethod = testGetGreetingNotFound@GreetingControllerTest, testException = [null], mergedContextConfiguration = [WebMergedContextConfiguration@1e16f51 testClass = GreetingControllerTest, locations = '{}', classes = '{class edu.sraikar.Application}', contextInitializerClasses = '[]', activeProfiles = '{}', propertySourceLocations = '{}', propertySourceProperties = '{}', resourceBasePath = 'src/main/webapp', contextLoader = 'org.springframework.boot.test.SpringApplicationContextLoader', parent = [null]]]; transaction manager [org.springframework.orm.jpa.JpaTransactionManager@5e1182]; rollback [true]
2016-06-20 23:47:11.897  INFO 2012 --- [    Test worker] o.s.b.test.SpringBootMockServletContext  : Initializing Spring FrameworkServlet ''
2016-06-20 23:47:11.897  INFO 2012 --- [    Test worker] o.s.t.web.servlet.TestDispatcherServlet  : FrameworkServlet '': initialization started
2016-06-20 23:47:11.918  INFO 2012 --- [    Test worker] o.s.t.web.servlet.TestDispatcherServlet  : FrameworkServlet '': initialization completed in 21 ms
2016-06-20 23:47:11.940  INFO 2012 --- [    Test worker] e.sraikar.ws.web.api.GreetingController  : getGreeting called!
2016-06-20 23:47:12.058  INFO 2012 --- [    Test worker] o.s.t.c.transaction.TransactionContext   : Rolled back transaction for test context [DefaultTestContext@17e6338 testClass = GreetingControllerTest, testInstance = edu.sraikar.ws.api.GreetingControllerTest@126829b, testMethod = testGetGreetingNotFound@GreetingControllerTest, testException = [null], mergedContextConfiguration = [WebMergedContextConfiguration@1e16f51 testClass = GreetingControllerTest, locations = '{}', classes = '{class edu.sraikar.Application}', contextInitializerClasses = '[]', activeProfiles = '{}', propertySourceLocations = '{}', propertySourceProperties = '{}', resourceBasePath = 'src/main/webapp', contextLoader = 'org.springframework.boot.test.SpringApplicationContextLoader', parent = [null]]].
2016-06-20 23:47:12.062  INFO 2012 --- [    Test worker] o.s.t.c.transaction.TransactionContext   : Began transaction (1) for test context [DefaultTestContext@17e6338 testClass = GreetingControllerTest, testInstance = edu.sraikar.ws.api.GreetingControllerTest@ba4337, testMethod = testUpdateGreeting@GreetingControllerTest, testException = [null], mergedContextConfiguration = [WebMergedContextConfiguration@1e16f51 testClass = GreetingControllerTest, locations = '{}', classes = '{class edu.sraikar.Application}', contextInitializerClasses = '[]', activeProfiles = '{}', propertySourceLocations = '{}', propertySourceProperties = '{}', resourceBasePath = 'src/main/webapp', contextLoader = 'org.springframework.boot.test.SpringApplicationContextLoader', parent = [null]]]; transaction manager [org.springframework.orm.jpa.JpaTransactionManager@5e1182]; rollback [true]
2016-06-20 23:47:12.062  INFO 2012 --- [    Test worker] o.s.b.test.SpringBootMockServletContext  : Initializing Spring FrameworkServlet ''
2016-06-20 23:47:12.063  INFO 2012 --- [    Test worker] o.s.t.web.servlet.TestDispatcherServlet  : FrameworkServlet '': initialization started
2016-06-20 23:47:12.076  INFO 2012 --- [    Test worker] o.s.t.web.servlet.TestDispatcherServlet  : FrameworkServlet '': initialization completed in 13 ms
2016-06-20 23:47:12.161  INFO 2012 --- [    Test worker] e.sraikar.ws.web.api.GreetingController  : updateGreeting called!
2016-06-20 23:47:12.194  INFO 2012 --- [    Test worker] e.s.ws.service.GreetingServiceBean       : < update id:1
2016-06-20 23:47:12.217  INFO 2012 --- [    Test worker] o.s.t.c.transaction.TransactionContext   : Rolled back transaction for test context [DefaultTestContext@17e6338 testClass = GreetingControllerTest, testInstance = edu.sraikar.ws.api.GreetingControllerTest@ba4337, testMethod = testUpdateGreeting@GreetingControllerTest, testException = [null], mergedContextConfiguration = [WebMergedContextConfiguration@1e16f51 testClass = GreetingControllerTest, locations = '{}', classes = '{class edu.sraikar.Application}', contextInitializerClasses = '[]', activeProfiles = '{}', propertySourceLocations = '{}', propertySourceProperties = '{}', resourceBasePath = 'src/main/webapp', contextLoader = 'org.springframework.boot.test.SpringApplicationContextLoader', parent = [null]]].
2016-06-20 23:47:12.224  INFO 2012 --- [    Test worker] o.s.t.c.transaction.TransactionContext   : Began transaction (1) for test context [DefaultTestContext@17e6338 testClass = GreetingControllerTest, testInstance = edu.sraikar.ws.api.GreetingControllerTest@cf1d63, testMethod = testCreateGreeting@GreetingControllerTest, testException = [null], mergedContextConfiguration = [WebMergedContextConfiguration@1e16f51 testClass = GreetingControllerTest, locations = '{}', classes = '{class edu.sraikar.Application}', contextInitializerClasses = '[]', activeProfiles = '{}', propertySourceLocations = '{}', propertySourceProperties = '{}', resourceBasePath = 'src/main/webapp', contextLoader = 'org.springframework.boot.test.SpringApplicationContextLoader', parent = [null]]]; transaction manager [org.springframework.orm.jpa.JpaTransactionManager@5e1182]; rollback [true]
2016-06-20 23:47:12.228  INFO 2012 --- [    Test worker] o.s.b.test.SpringBootMockServletContext  : Initializing Spring FrameworkServlet ''
2016-06-20 23:47:12.228  INFO 2012 --- [    Test worker] o.s.t.web.servlet.TestDispatcherServlet  : FrameworkServlet '': initialization started
2016-06-20 23:47:12.236  INFO 2012 --- [    Test worker] o.s.t.web.servlet.TestDispatcherServlet  : FrameworkServlet '': initialization completed in 8 ms
2016-06-20 23:47:12.253  INFO 2012 --- [    Test worker] e.sraikar.ws.web.api.GreetingController  : createGreeting called!
2016-06-20 23:47:12.326  INFO 2012 --- [    Test worker] o.s.t.c.transaction.TransactionContext   : Rolled back transaction for test context [DefaultTestContext@17e6338 testClass = GreetingControllerTest, testInstance = edu.sraikar.ws.api.GreetingControllerTest@cf1d63, testMethod = testCreateGreeting@GreetingControllerTest, testException = [null], mergedContextConfiguration = [WebMergedContextConfiguration@1e16f51 testClass = GreetingControllerTest, locations = '{}', classes = '{class edu.sraikar.Application}', contextInitializerClasses = '[]', activeProfiles = '{}', propertySourceLocations = '{}', propertySourceProperties = '{}', resourceBasePath = 'src/main/webapp', contextLoader = 'org.springframework.boot.test.SpringApplicationContextLoader', parent = [null]]].
2016-06-20 23:47:12.335  INFO 2012 --- [    Test worker] o.s.t.c.transaction.TransactionContext   : Began transaction (1) for test context [DefaultTestContext@17e6338 testClass = GreetingControllerTest, testInstance = edu.sraikar.ws.api.GreetingControllerTest@1731865, testMethod = testGreeting@GreetingControllerTest, testException = [null], mergedContextConfiguration = [WebMergedContextConfiguration@1e16f51 testClass = GreetingControllerTest, locations = '{}', classes = '{class edu.sraikar.Application}', contextInitializerClasses = '[]', activeProfiles = '{}', propertySourceLocations = '{}', propertySourceProperties = '{}', resourceBasePath = 'src/main/webapp', contextLoader = 'org.springframework.boot.test.SpringApplicationContextLoader', parent = [null]]]; transaction manager [org.springframework.orm.jpa.JpaTransactionManager@5e1182]; rollback [true]
2016-06-20 23:47:12.336  INFO 2012 --- [    Test worker] o.s.b.test.SpringBootMockServletContext  : Initializing Spring FrameworkServlet ''
2016-06-20 23:47:12.336  INFO 2012 --- [    Test worker] o.s.t.web.servlet.TestDispatcherServlet  : FrameworkServlet '': initialization started
2016-06-20 23:47:12.349  INFO 2012 --- [    Test worker] o.s.t.web.servlet.TestDispatcherServlet  : FrameworkServlet '': initialization completed in 13 ms
2016-06-20 23:47:12.358  INFO 2012 --- [    Test worker] e.sraikar.ws.web.api.GreetingController  : getAllGreetings called!
2016-06-20 23:47:13.079  INFO 2012 --- [    Test worker] o.s.t.c.transaction.TransactionContext   : Rolled back transaction for test context [DefaultTestContext@17e6338 testClass = GreetingControllerTest, testInstance = edu.sraikar.ws.api.GreetingControllerTest@1731865, testMethod = testGreeting@GreetingControllerTest, testException = [null], mergedContextConfiguration = [WebMergedContextConfiguration@1e16f51 testClass = GreetingControllerTest, locations = '{}', classes = '{class edu.sraikar.Application}', contextInitializerClasses = '[]', activeProfiles = '{}', propertySourceLocations = '{}', propertySourceProperties = '{}', resourceBasePath = 'src/main/webapp', contextLoader = 'org.springframework.boot.test.SpringApplicationContextLoader', parent = [null]]].
2016-06-20 23:47:13.082  INFO 2012 --- [    Test worker] o.s.t.c.transaction.TransactionContext   : Began transaction (1) for test context [DefaultTestContext@17e6338 testClass = GreetingControllerTest, testInstance = edu.sraikar.ws.api.GreetingControllerTest@1dfb54f, testMethod = testDeleteGreeting@GreetingControllerTest, testException = [null], mergedContextConfiguration = [WebMergedContextConfiguration@1e16f51 testClass = GreetingControllerTest, locations = '{}', classes = '{class edu.sraikar.Application}', contextInitializerClasses = '[]', activeProfiles = '{}', propertySourceLocations = '{}', propertySourceProperties = '{}', resourceBasePath = 'src/main/webapp', contextLoader = 'org.springframework.boot.test.SpringApplicationContextLoader', parent = [null]]]; transaction manager [org.springframework.orm.jpa.JpaTransactionManager@5e1182]; rollback [true]
2016-06-20 23:47:13.083  INFO 2012 --- [    Test worker] o.s.b.test.SpringBootMockServletContext  : Initializing Spring FrameworkServlet ''
2016-06-20 23:47:13.084  INFO 2012 --- [    Test worker] o.s.t.web.servlet.TestDispatcherServlet  : FrameworkServlet '': initialization started
2016-06-20 23:47:13.092  INFO 2012 --- [    Test worker] o.s.t.web.servlet.TestDispatcherServlet  : FrameworkServlet '': initialization completed in 8 ms
2016-06-20 23:47:13.095  INFO 2012 --- [    Test worker] e.sraikar.ws.web.api.GreetingController  : deleteGreeting called!
2016-06-20 23:47:13.110  INFO 2012 --- [    Test worker] o.s.t.c.transaction.TransactionContext   : Rolled back transaction for test context [DefaultTestContext@17e6338 testClass = GreetingControllerTest, testInstance = edu.sraikar.ws.api.GreetingControllerTest@1dfb54f, testMethod = testDeleteGreeting@GreetingControllerTest, testException = [null], mergedContextConfiguration = [WebMergedContextConfiguration@1e16f51 testClass = GreetingControllerTest, locations = '{}', classes = '{class edu.sraikar.Application}', contextInitializerClasses = '[]', activeProfiles = '{}', propertySourceLocations = '{}', propertySourceProperties = '{}', resourceBasePath = 'src/main/webapp', contextLoader = 'org.springframework.boot.test.SpringApplicationContextLoader', parent = [null]]].
2016-06-20 23:47:13.114  INFO 2012 --- [    Test worker] o.s.t.c.transaction.TransactionContext   : Began transaction (1) for test context [DefaultTestContext@17e6338 testClass = GreetingControllerTest, testInstance = edu.sraikar.ws.api.GreetingControllerTest@a8321e, testMethod = testGetGreeting@GreetingControllerTest, testException = [null], mergedContextConfiguration = [WebMergedContextConfiguration@1e16f51 testClass = GreetingControllerTest, locations = '{}', classes = '{class edu.sraikar.Application}', contextInitializerClasses = '[]', activeProfiles = '{}', propertySourceLocations = '{}', propertySourceProperties = '{}', resourceBasePath = 'src/main/webapp', contextLoader = 'org.springframework.boot.test.SpringApplicationContextLoader', parent = [null]]]; transaction manager [org.springframework.orm.jpa.JpaTransactionManager@5e1182]; rollback [true]
2016-06-20 23:47:13.115  INFO 2012 --- [    Test worker] o.s.b.test.SpringBootMockServletContext  : Initializing Spring FrameworkServlet ''
2016-06-20 23:47:13.116  INFO 2012 --- [    Test worker] o.s.t.web.servlet.TestDispatcherServlet  : FrameworkServlet '': initialization started
2016-06-20 23:47:13.124  INFO 2012 --- [    Test worker] o.s.t.web.servlet.TestDispatcherServlet  : FrameworkServlet '': initialization completed in 8 ms
2016-06-20 23:47:13.127  INFO 2012 --- [    Test worker] e.sraikar.ws.web.api.GreetingController  : getGreeting called!
2016-06-20 23:47:13.133  INFO 2012 --- [    Test worker] o.s.t.c.transaction.TransactionContext   : Rolled back transaction for test context [DefaultTestContext@17e6338 testClass = GreetingControllerTest, testInstance = edu.sraikar.ws.api.GreetingControllerTest@a8321e, testMethod = testGetGreeting@GreetingControllerTest, testException = [null], mergedContextConfiguration = [WebMergedContextConfiguration@1e16f51 testClass = GreetingControllerTest, locations = '{}', classes = '{class edu.sraikar.Application}', contextInitializerClasses = '[]', activeProfiles = '{}', propertySourceLocations = '{}', propertySourceProperties = '{}', resourceBasePath = 'src/main/webapp', contextLoader = 'org.springframework.boot.test.SpringApplicationContextLoader', parent = [null]]].
]]></system-out>
  <system-err><![CDATA[]]></system-err>
</testsuite>
