<?xml version="1.0" encoding="UTF-8"?>
<testsuite name="edu.sraikar.ws.api.GreetingControllerMocksTest" tests="6" skipped="0" failures="0" errors="0" timestamp="2016-06-21T22:56:41" hostname="SandeepRaikar" time="1.424">
  <properties/>
  <testcase name="testGetGreetings" classname="edu.sraikar.ws.api.GreetingControllerMocksTest" time="0.707"/>
  <testcase name="testGetGreetingNotFound" classname="edu.sraikar.ws.api.GreetingControllerMocksTest" time="0.101"/>
  <testcase name="testUpdateGreeting" classname="edu.sraikar.ws.api.GreetingControllerMocksTest" time="0.311"/>
  <testcase name="testCreateGreeting" classname="edu.sraikar.ws.api.GreetingControllerMocksTest" time="0.096"/>
  <testcase name="testDeleteGreeting" classname="edu.sraikar.ws.api.GreetingControllerMocksTest" time="0.095"/>
  <testcase name="testGetGreeting" classname="edu.sraikar.ws.api.GreetingControllerMocksTest" time="0.093"/>
  <system-out><![CDATA[17:56:15.818 [Test worker] DEBUG o.s.t.c.j.SpringJUnit4ClassRunner - SpringJUnit4ClassRunner constructor called with [class edu.sraikar.ws.api.GreetingControllerMocksTest]
17:56:15.854 [Test worker] DEBUG o.s.test.context.BootstrapUtils - Instantiating CacheAwareContextLoaderDelegate from class [org.springframework.test.context.cache.DefaultCacheAwareContextLoaderDelegate]
17:56:15.887 [Test worker] DEBUG o.s.test.context.BootstrapUtils - Instantiating BootstrapContext using constructor [public org.springframework.test.context.support.DefaultBootstrapContext(java.lang.Class,org.springframework.test.context.CacheAwareContextLoaderDelegate)]
17:56:16.007 [Test worker] DEBUG o.s.test.context.BootstrapUtils - Instantiating TestContextBootstrapper for test class [edu.sraikar.ws.api.GreetingControllerMocksTest] from class [org.springframework.test.context.web.WebTestContextBootstrapper]
17:56:16.101 [Test worker] DEBUG o.s.t.c.w.WebTestContextBootstrapper - Found explicit ContextLoader class [org.springframework.boot.test.SpringApplicationContextLoader] for context configuration attributes [ContextConfigurationAttributes@bacfaf declaringClass = 'edu.sraikar.ws.AbstractTest', classes = '{class edu.sraikar.Application}', locations = '{}', inheritLocations = true, initializers = '{}', inheritInitializers = true, name = [null], contextLoaderClass = 'org.springframework.boot.test.SpringApplicationContextLoader']
17:56:16.130 [Test worker] DEBUG o.s.t.c.s.AbstractContextLoader - Did not detect default resource location for test class [edu.sraikar.ws.AbstractTest]: class path resource [edu/sraikar/ws/AbstractTest-context.xml] does not exist
17:56:16.132 [Test worker] DEBUG o.s.t.c.s.AbstractContextLoader - Did not detect default resource location for test class [edu.sraikar.ws.AbstractTest]: class path resource [edu/sraikar/ws/AbstractTestContext.groovy] does not exist
17:56:16.133 [Test worker] INFO  o.s.t.c.s.AbstractContextLoader - Could not detect default resource locations for test class [edu.sraikar.ws.AbstractTest]: no resource found for suffixes {-context.xml, Context.groovy}.
17:56:16.142 [Test worker] DEBUG o.s.t.c.support.ActiveProfilesUtils - Could not find an 'annotation declaring class' for annotation type [org.springframework.test.context.ActiveProfiles] and class [edu.sraikar.ws.api.GreetingControllerMocksTest]
17:56:16.161 [Test worker] DEBUG o.s.t.c.w.WebTestContextBootstrapper - @TestExecutionListeners is not present for class [edu.sraikar.ws.api.GreetingControllerMocksTest]: using defaults.
17:56:16.184 [Test worker] INFO  o.s.t.c.w.WebTestContextBootstrapper - Loaded default TestExecutionListener class names from location [META-INF/spring.factories]: [org.springframework.test.context.web.ServletTestExecutionListener, org.springframework.test.context.support.DirtiesContextBeforeModesTestExecutionListener, org.springframework.test.context.support.DependencyInjectionTestExecutionListener, org.springframework.test.context.support.DirtiesContextTestExecutionListener, org.springframework.test.context.transaction.TransactionalTestExecutionListener, org.springframework.test.context.jdbc.SqlScriptsTestExecutionListener]
17:56:16.312 [Test worker] INFO  o.s.t.c.w.WebTestContextBootstrapper - Using TestExecutionListeners: [org.springframework.test.context.web.ServletTestExecutionListener@87bc1, org.springframework.test.context.support.DirtiesContextBeforeModesTestExecutionListener@18ae4ba, org.springframework.test.context.support.DependencyInjectionTestExecutionListener@19e67da, org.springframework.test.context.support.DirtiesContextTestExecutionListener@db9cc8, org.springframework.test.context.transaction.TransactionalTestExecutionListener@1123a61, org.springframework.test.context.jdbc.SqlScriptsTestExecutionListener@1c5a10d]
17:56:16.325 [Test worker] DEBUG o.s.t.annotation.ProfileValueUtils - Retrieved @ProfileValueSourceConfiguration [null] for test class [edu.sraikar.ws.api.GreetingControllerMocksTest]
17:56:16.333 [Test worker] DEBUG o.s.t.annotation.ProfileValueUtils - Retrieved ProfileValueSource type [class org.springframework.test.annotation.SystemProfileValueSource] for class [edu.sraikar.ws.api.GreetingControllerMocksTest]
17:56:16.338 [Test worker] DEBUG o.s.t.annotation.ProfileValueUtils - Retrieved @ProfileValueSourceConfiguration [null] for test class [edu.sraikar.ws.api.GreetingControllerMocksTest]
17:56:16.339 [Test worker] DEBUG o.s.t.annotation.ProfileValueUtils - Retrieved ProfileValueSource type [class org.springframework.test.annotation.SystemProfileValueSource] for class [edu.sraikar.ws.api.GreetingControllerMocksTest]
17:56:16.349 [Test worker] DEBUG o.s.t.c.s.AbstractDirtiesContextTestExecutionListener - Before test class: context [DefaultTestContext@167ac8d testClass = GreetingControllerMocksTest, testInstance = [null], testMethod = [null], testException = [null], mergedContextConfiguration = [WebMergedContextConfiguration@1e884f0 testClass = GreetingControllerMocksTest, locations = '{}', classes = '{class edu.sraikar.Application}', contextInitializerClasses = '[]', activeProfiles = '{}', propertySourceLocations = '{}', propertySourceProperties = '{}', resourceBasePath = 'src/main/webapp', contextLoader = 'org.springframework.boot.test.SpringApplicationContextLoader', parent = [null]]], class annotated with @DirtiesContext [false] with mode [null].
17:56:16.351 [Test worker] DEBUG o.s.t.annotation.ProfileValueUtils - Retrieved @ProfileValueSourceConfiguration [null] for test class [edu.sraikar.ws.api.GreetingControllerMocksTest]
17:56:16.352 [Test worker] DEBUG o.s.t.annotation.ProfileValueUtils - Retrieved ProfileValueSource type [class org.springframework.test.annotation.SystemProfileValueSource] for class [edu.sraikar.ws.api.GreetingControllerMocksTest]
17:56:16.987 [Test worker] DEBUG o.s.core.env.StandardEnvironment - Adding [systemProperties] PropertySource with lowest search precedence
17:56:16.991 [Test worker] DEBUG o.s.core.env.StandardEnvironment - Adding [systemEnvironment] PropertySource with lowest search precedence
17:56:16.992 [Test worker] DEBUG o.s.core.env.StandardEnvironment - Initialized StandardEnvironment with PropertySources [systemProperties,systemEnvironment]
17:56:16.997 [Test worker] DEBUG o.s.core.env.StandardEnvironment - Adding [integrationTest] PropertySource with search precedence immediately lower than [systemEnvironment]

  .   ____          _            __ _ _
 /\\ / ___'_ __ _ _(_)_ __  __ _ \ \ \ \
( ( )\___ | '_ | '_| | '_ \/ _` | \ \ \ \
 \\/  ___)| |_)| | | | | || (_| |  ) ) ) )
  '  |____| .__|_| |_|_| |_\__, | / / / /
 =========|_|==============|___/=/_/_/_/
 :: Spring Boot ::        (v1.3.1.RELEASE)

2016-06-21 17:56:17.671  INFO 7864 --- [    Test worker] e.s.ws.api.GreetingControllerMocksTest   : Starting GreetingControllerMocksTest on SandeepRaikar with PID 7864 (D:\Mars_workspace\Springwebservices-gradle\build\classes\test started by Sandeep in D:\Mars_workspace\Springwebservices-gradle)
2016-06-21 17:56:17.671  INFO 7864 --- [    Test worker] e.s.ws.api.GreetingControllerMocksTest   : The following profiles are active: batch
2016-06-21 17:56:17.869  INFO 7864 --- [    Test worker] o.s.w.c.s.GenericWebApplicationContext   : Refreshing org.springframework.web.context.support.GenericWebApplicationContext@1407ed1: startup date [Tue Jun 21 17:56:17 CDT 2016]; root of context hierarchy
2016-06-21 17:56:21.336  INFO 7864 --- [    Test worker] o.s.b.f.s.DefaultListableBeanFactory     : Overriding bean definition for bean 'beanNameViewResolver' with a different definition: replacing [Root bean: class [null]; scope=; abstract=false; lazyInit=false; autowireMode=3; dependencyCheck=0; autowireCandidate=true; primary=false; factoryBeanName=org.springframework.boot.autoconfigure.web.ErrorMvcAutoConfiguration$WhitelabelErrorViewConfiguration; factoryMethodName=beanNameViewResolver; initMethodName=null; destroyMethodName=(inferred); defined in class path resource [org/springframework/boot/autoconfigure/web/ErrorMvcAutoConfiguration$WhitelabelErrorViewConfiguration.class]] with [Root bean: class [null]; scope=; abstract=false; lazyInit=false; autowireMode=3; dependencyCheck=0; autowireCandidate=true; primary=false; factoryBeanName=org.springframework.boot.autoconfigure.web.WebMvcAutoConfiguration$WebMvcAutoConfigurationAdapter; factoryMethodName=beanNameViewResolver; initMethodName=null; destroyMethodName=(inferred); defined in class path resource [org/springframework/boot/autoconfigure/web/WebMvcAutoConfiguration$WebMvcAutoConfigurationAdapter.class]]
2016-06-21 17:56:21.527  INFO 7864 --- [    Test worker] o.s.b.f.s.DefaultListableBeanFactory     : Overriding bean definition for bean 'ignoredPathsWebSecurityConfigurerAdapter' with a different definition: replacing [Root bean: class [null]; scope=; abstract=false; lazyInit=false; autowireMode=3; dependencyCheck=0; autowireCandidate=true; primary=false; factoryBeanName=org.springframework.boot.autoconfigure.security.SpringBootWebSecurityConfiguration; factoryMethodName=ignoredPathsWebSecurityConfigurerAdapter; initMethodName=null; destroyMethodName=(inferred); defined in class path resource [org/springframework/boot/autoconfigure/security/SpringBootWebSecurityConfiguration.class]] with [Root bean: class [null]; scope=; abstract=false; lazyInit=false; autowireMode=3; dependencyCheck=0; autowireCandidate=true; primary=false; factoryBeanName=org.springframework.boot.actuate.autoconfigure.ManagementWebSecurityAutoConfiguration; factoryMethodName=ignoredPathsWebSecurityConfigurerAdapter; initMethodName=null; destroyMethodName=(inferred); defined in class path resource [org/springframework/boot/actuate/autoconfigure/ManagementWebSecurityAutoConfiguration.class]]
2016-06-21 17:56:22.335  INFO 7864 --- [    Test worker] o.s.b.f.s.DefaultListableBeanFactory     : Overriding bean definition for bean 'managementServletContext' with a different definition: replacing [Root bean: class [null]; scope=; abstract=false; lazyInit=false; autowireMode=3; dependencyCheck=0; autowireCandidate=true; primary=false; factoryBeanName=org.springframework.boot.actuate.autoconfigure.EndpointWebMvcHypermediaManagementContextConfiguration; factoryMethodName=managementServletContext; initMethodName=null; destroyMethodName=(inferred); defined in class path resource [org/springframework/boot/actuate/autoconfigure/EndpointWebMvcHypermediaManagementContextConfiguration.class]] with [Root bean: class [null]; scope=; abstract=false; lazyInit=false; autowireMode=3; dependencyCheck=0; autowireCandidate=true; primary=false; factoryBeanName=org.springframework.boot.actuate.autoconfigure.EndpointWebMvcAutoConfiguration; factoryMethodName=managementServletContext; initMethodName=null; destroyMethodName=(inferred); defined in class path resource [org/springframework/boot/actuate/autoconfigure/EndpointWebMvcAutoConfiguration.class]]
2016-06-21 17:56:24.420  INFO 7864 --- [    Test worker] o.s.s.a.AsyncAnnotationBeanPostProcessor : No TaskExecutor bean found for async annotation processing.
2016-06-21 17:56:24.717  INFO 7864 --- [    Test worker] trationDelegate$BeanPostProcessorChecker : Bean 'org.springframework.cache.annotation.ProxyCachingConfiguration' of type [class org.springframework.cache.annotation.ProxyCachingConfiguration$$EnhancerBySpringCGLIB$$5425ed55] is not eligible for getting processed by all BeanPostProcessors (for example: not eligible for auto-proxying)
2016-06-21 17:56:24.900  INFO 7864 --- [    Test worker] trationDelegate$BeanPostProcessorChecker : Bean 'org.springframework.transaction.annotation.ProxyTransactionManagementConfiguration' of type [class org.springframework.transaction.annotation.ProxyTransactionManagementConfiguration$$EnhancerBySpringCGLIB$$ecc822f7] is not eligible for getting processed by all BeanPostProcessors (for example: not eligible for auto-proxying)
2016-06-21 17:56:28.831  INFO 7864 --- [    Test worker] o.s.jdbc.datasource.init.ScriptUtils     : Executing SQL script from class path resource [data/hsqldb/schema.sql]
2016-06-21 17:56:28.865  INFO 7864 --- [    Test worker] o.s.jdbc.datasource.init.ScriptUtils     : Executed SQL script from class path resource [data/hsqldb/schema.sql] in 33 ms.
2016-06-21 17:56:28.902  INFO 7864 --- [    Test worker] o.s.jdbc.datasource.init.ScriptUtils     : Executing SQL script from class path resource [data/hsqldb/data.sql]
2016-06-21 17:56:28.911  INFO 7864 --- [    Test worker] o.s.jdbc.datasource.init.ScriptUtils     : Executed SQL script from class path resource [data/hsqldb/data.sql] in 8 ms.
2016-06-21 17:56:29.547  INFO 7864 --- [    Test worker] j.LocalContainerEntityManagerFactoryBean : Building JPA container EntityManagerFactory for persistence unit 'default'
2016-06-21 17:56:29.655  INFO 7864 --- [    Test worker] o.hibernate.jpa.internal.util.LogHelper  : HHH000204: Processing PersistenceUnitInfo [
	name: default
	...]
2016-06-21 17:56:30.400  INFO 7864 --- [    Test worker] org.hibernate.Version                    : HHH000412: Hibernate Core {4.3.11.Final}
2016-06-21 17:56:30.407  INFO 7864 --- [    Test worker] org.hibernate.cfg.Environment            : HHH000206: hibernate.properties not found
2016-06-21 17:56:30.415  INFO 7864 --- [    Test worker] org.hibernate.cfg.Environment            : HHH000021: Bytecode provider name : javassist
2016-06-21 17:56:31.487  INFO 7864 --- [    Test worker] o.hibernate.annotations.common.Version   : HCANN000001: Hibernate Commons Annotations {4.0.5.Final}
2016-06-21 17:56:31.971  INFO 7864 --- [    Test worker] org.hibernate.dialect.Dialect            : HHH000400: Using dialect: org.hibernate.dialect.HSQLDialect
2016-06-21 17:56:32.797  INFO 7864 --- [    Test worker] o.h.h.i.ast.ASTQueryTranslatorFactory    : HHH000397: Using ASTQueryTranslatorFactory
2016-06-21 17:56:35.506  INFO 7864 --- [    Test worker] o.h.tool.hbm2ddl.SchemaValidator         : HHH000229: Running schema validator
2016-06-21 17:56:35.507  INFO 7864 --- [    Test worker] o.h.tool.hbm2ddl.SchemaValidator         : HHH000102: Fetching database metadata
2016-06-21 17:56:35.746  INFO 7864 --- [    Test worker] o.hibernate.tool.hbm2ddl.TableMetadata   : HHH000261: Table found: PUBLIC.PUBLIC.GREETING
2016-06-21 17:56:35.747  INFO 7864 --- [    Test worker] o.hibernate.tool.hbm2ddl.TableMetadata   : HHH000037: Columns: [id, text]
2016-06-21 17:56:39.088  INFO 7864 --- [    Test worker] s.w.s.m.m.a.RequestMappingHandlerAdapter : Looking for @ControllerAdvice: org.springframework.web.context.support.GenericWebApplicationContext@1407ed1: startup date [Tue Jun 21 17:56:17 CDT 2016]; root of context hierarchy
2016-06-21 17:56:39.106  INFO 7864 --- [    Test worker] s.w.s.m.m.a.RequestMappingHandlerAdapter : Detected ResponseBodyAdvice bean in org.springframework.boot.actuate.autoconfigure.EndpointWebMvcHypermediaManagementContextConfiguration$ActuatorEndpointLinksAdvice
2016-06-21 17:56:39.268  INFO 7864 --- [    Test worker] s.w.s.m.m.a.RequestMappingHandlerMapping : Mapped "{[/api/greetings/{id}],methods=[DELETE]}" onto public org.springframework.http.ResponseEntity<edu.sraikar.ws.model.Greeting> edu.sraikar.ws.web.api.GreetingController.deleteGreeting(java.lang.Long)
2016-06-21 17:56:39.269  INFO 7864 --- [    Test worker] s.w.s.m.m.a.RequestMappingHandlerMapping : Mapped "{[/api/greetings/{id}/send],methods=[POST],produces=[application/json]}" onto public org.springframework.http.ResponseEntity<edu.sraikar.ws.model.Greeting> edu.sraikar.ws.web.api.GreetingController.sendGreeting(java.lang.Long,boolean)
2016-06-21 17:56:39.270  INFO 7864 --- [    Test worker] s.w.s.m.m.a.RequestMappingHandlerMapping : Mapped "{[/api/greetings/{id}],methods=[GET],produces=[application/json]}" onto public org.springframework.http.ResponseEntity<edu.sraikar.ws.model.Greeting> edu.sraikar.ws.web.api.GreetingController.getGreeting(java.lang.Long)
2016-06-21 17:56:39.271  INFO 7864 --- [    Test worker] s.w.s.m.m.a.RequestMappingHandlerMapping : Mapped "{[/api/greetings/{id}],methods=[PUT],consumes=[application/json],produces=[application/json]}" onto public org.springframework.http.ResponseEntity<edu.sraikar.ws.model.Greeting> edu.sraikar.ws.web.api.GreetingController.updateGreeting(edu.sraikar.ws.model.Greeting)
2016-06-21 17:56:39.271  INFO 7864 --- [    Test worker] s.w.s.m.m.a.RequestMappingHandlerMapping : Mapped "{[/api/greetings],methods=[GET],produces=[application/json]}" onto public org.springframework.http.ResponseEntity<java.util.Collection<edu.sraikar.ws.model.Greeting>> edu.sraikar.ws.web.api.GreetingController.getGreetings()
2016-06-21 17:56:39.272  INFO 7864 --- [    Test worker] s.w.s.m.m.a.RequestMappingHandlerMapping : Mapped "{[/api/greetings],methods=[POST],consumes=[application/json],produces=[application/json]}" onto public org.springframework.http.ResponseEntity<edu.sraikar.ws.model.Greeting> edu.sraikar.ws.web.api.GreetingController.createGreeting(edu.sraikar.ws.model.Greeting)
2016-06-21 17:56:39.274  INFO 7864 --- [    Test worker] s.w.s.m.m.a.RequestMappingHandlerMapping : Mapped "{[/error]}" onto public org.springframework.http.ResponseEntity<java.util.Map<java.lang.String, java.lang.Object>> org.springframework.boot.autoconfigure.web.BasicErrorController.error(javax.servlet.http.HttpServletRequest)
2016-06-21 17:56:39.275  INFO 7864 --- [    Test worker] s.w.s.m.m.a.RequestMappingHandlerMapping : Mapped "{[/error],produces=[text/html]}" onto public org.springframework.web.servlet.ModelAndView org.springframework.boot.autoconfigure.web.BasicErrorController.errorHtml(javax.servlet.http.HttpServletRequest,javax.servlet.http.HttpServletResponse)
2016-06-21 17:56:39.326  INFO 7864 --- [    Test worker] o.s.w.s.handler.SimpleUrlHandlerMapping  : Mapped URL path [/webjars/**] onto handler of type [class org.springframework.web.servlet.resource.ResourceHttpRequestHandler]
2016-06-21 17:56:39.327  INFO 7864 --- [    Test worker] o.s.w.s.handler.SimpleUrlHandlerMapping  : Mapped URL path [/**] onto handler of type [class org.springframework.web.servlet.resource.ResourceHttpRequestHandler]
2016-06-21 17:56:39.362  INFO 7864 --- [    Test worker] .m.m.a.ExceptionHandlerExceptionResolver : Detected ResponseBodyAdvice implementation in org.springframework.boot.actuate.autoconfigure.EndpointWebMvcHypermediaManagementContextConfiguration$ActuatorEndpointLinksAdvice
2016-06-21 17:56:39.407  INFO 7864 --- [    Test worker] o.s.w.s.handler.SimpleUrlHandlerMapping  : Mapped URL path [/**/favicon.ico] onto handler of type [class org.springframework.web.servlet.resource.ResourceHttpRequestHandler]
2016-06-21 17:56:40.060  INFO 7864 --- [    Test worker] o.s.s.web.DefaultSecurityFilterChain     : Creating filter chain: OrRequestMatcher [requestMatchers=[Ant [pattern='/css/**'], Ant [pattern='/js/**'], Ant [pattern='/images/**'], Ant [pattern='/**/favicon.ico'], Ant [pattern='/error']]], []
2016-06-21 17:56:40.170  INFO 7864 --- [    Test worker] o.s.s.web.DefaultSecurityFilterChain     : Creating filter chain: Ant [pattern='/actuators/**'], [org.springframework.security.web.context.request.async.WebAsyncManagerIntegrationFilter@408337, org.springframework.security.web.context.SecurityContextPersistenceFilter@e515b1, org.springframework.security.web.header.HeaderWriterFilter@1649280, org.springframework.security.web.authentication.logout.LogoutFilter@9126ae, org.springframework.security.web.authentication.www.BasicAuthenticationFilter@14a863c, org.springframework.security.web.savedrequest.RequestCacheAwareFilter@1eb69be, org.springframework.security.web.servletapi.SecurityContextHolderAwareRequestFilter@35d0e1, org.springframework.security.web.authentication.AnonymousAuthenticationFilter@14c9ba5, org.springframework.security.web.session.SessionManagementFilter@15dda86, org.springframework.security.web.access.ExceptionTranslationFilter@1654920, org.springframework.security.web.access.intercept.FilterSecurityInterceptor@17b8df3]
2016-06-21 17:56:40.175  INFO 7864 --- [    Test worker] o.s.s.web.DefaultSecurityFilterChain     : Creating filter chain: OrRequestMatcher [requestMatchers=[Ant [pattern='/**']]], [org.springframework.security.web.context.request.async.WebAsyncManagerIntegrationFilter@1ae98b3, org.springframework.security.web.context.SecurityContextPersistenceFilter@1211d5f, org.springframework.security.web.header.HeaderWriterFilter@102fbc6, org.springframework.security.web.authentication.logout.LogoutFilter@1437fa7, org.springframework.security.web.authentication.www.BasicAuthenticationFilter@fb5335, org.springframework.security.web.savedrequest.RequestCacheAwareFilter@dd287c, org.springframework.security.web.servletapi.SecurityContextHolderAwareRequestFilter@4b31aa, org.springframework.security.web.authentication.AnonymousAuthenticationFilter@2fad0d, org.springframework.security.web.session.SessionManagementFilter@422ce8, org.springframework.security.web.access.ExceptionTranslationFilter@adab8c, org.springframework.security.web.access.intercept.FilterSecurityInterceptor@37d0d2]
2016-06-21 17:56:40.986  INFO 7864 --- [    Test worker] o.s.b.a.e.mvc.EndpointHandlerMapping     : Mapped "{[/actuators/status || /actuators/status.json],produces=[application/json]}" onto public java.lang.Object org.springframework.boot.actuate.endpoint.mvc.HealthMvcEndpoint.invoke(java.security.Principal)
2016-06-21 17:56:40.988  INFO 7864 --- [    Test worker] o.s.b.a.e.mvc.EndpointHandlerMapping     : Mapped "{[/actuators/],produces=[application/json]}" onto public java.lang.String org.springframework.boot.actuate.endpoint.mvc.HalJsonMvcEndpoint.forward()
2016-06-21 17:56:40.988  INFO 7864 --- [    Test worker] o.s.b.a.e.mvc.EndpointHandlerMapping     : Mapped "{[/actuators || /actuators.json],produces=[application/json]}" onto public org.springframework.hateoas.ResourceSupport org.springframework.boot.actuate.endpoint.mvc.HalJsonMvcEndpoint.links()
2016-06-21 17:56:40.989  INFO 7864 --- [    Test worker] o.s.b.a.e.mvc.EndpointHandlerMapping     : Mapped "{[/actuators/trace || /actuators/trace.json],methods=[GET],produces=[application/json]}" onto public java.lang.Object org.springframework.boot.actuate.endpoint.mvc.EndpointMvcAdapter.invoke()
2016-06-21 17:56:40.993  INFO 7864 --- [    Test worker] o.s.b.a.e.mvc.EndpointHandlerMapping     : Mapped "{[/actuators/shutdown || /actuators/shutdown.json],methods=[POST]}" onto public java.lang.Object org.springframework.boot.actuate.endpoint.mvc.ShutdownMvcEndpoint.invoke()
2016-06-21 17:56:40.994  INFO 7864 --- [    Test worker] o.s.b.a.e.mvc.EndpointHandlerMapping     : Mapped "{[/actuators/mappings || /actuators/mappings.json],methods=[GET],produces=[application/json]}" onto public java.lang.Object org.springframework.boot.actuate.endpoint.mvc.EndpointMvcAdapter.invoke()
2016-06-21 17:56:40.996  INFO 7864 --- [    Test worker] o.s.b.a.e.mvc.EndpointHandlerMapping     : Mapped "{[/actuators/env/{name:.*}],methods=[GET],produces=[application/json]}" onto public java.lang.Object org.springframework.boot.actuate.endpoint.mvc.EnvironmentMvcEndpoint.value(java.lang.String)
2016-06-21 17:56:40.996  INFO 7864 --- [    Test worker] o.s.b.a.e.mvc.EndpointHandlerMapping     : Mapped "{[/actuators/env || /actuators/env.json],methods=[GET],produces=[application/json]}" onto public java.lang.Object org.springframework.boot.actuate.endpoint.mvc.EndpointMvcAdapter.invoke()
2016-06-21 17:56:40.997  INFO 7864 --- [    Test worker] o.s.b.a.e.mvc.EndpointHandlerMapping     : Mapped "{[/actuators/metrics/{name:.*}],methods=[GET],produces=[application/json]}" onto public java.lang.Object org.springframework.boot.actuate.endpoint.mvc.MetricsMvcEndpoint.value(java.lang.String)
2016-06-21 17:56:40.998  INFO 7864 --- [    Test worker] o.s.b.a.e.mvc.EndpointHandlerMapping     : Mapped "{[/actuators/metrics || /actuators/metrics.json],methods=[GET],produces=[application/json]}" onto public java.lang.Object org.springframework.boot.actuate.endpoint.mvc.EndpointMvcAdapter.invoke()
2016-06-21 17:56:40.999  INFO 7864 --- [    Test worker] o.s.b.a.e.mvc.EndpointHandlerMapping     : Mapped "{[/actuators/info || /actuators/info.json],methods=[GET],produces=[application/json]}" onto public java.lang.Object org.springframework.boot.actuate.endpoint.mvc.EndpointMvcAdapter.invoke()
2016-06-21 17:56:41.000  INFO 7864 --- [    Test worker] o.s.b.a.e.mvc.EndpointHandlerMapping     : Mapped "{[/actuators/configprops || /actuators/configprops.json],methods=[GET],produces=[application/json]}" onto public java.lang.Object org.springframework.boot.actuate.endpoint.mvc.EndpointMvcAdapter.invoke()
2016-06-21 17:56:41.001  INFO 7864 --- [    Test worker] o.s.b.a.e.mvc.EndpointHandlerMapping     : Mapped "{[/actuators/autoconfig || /actuators/autoconfig.json],methods=[GET],produces=[application/json]}" onto public java.lang.Object org.springframework.boot.actuate.endpoint.mvc.EndpointMvcAdapter.invoke()
2016-06-21 17:56:41.002  INFO 7864 --- [    Test worker] o.s.b.a.e.mvc.EndpointHandlerMapping     : Mapped "{[/actuators/dump || /actuators/dump.json],methods=[GET],produces=[application/json]}" onto public java.lang.Object org.springframework.boot.actuate.endpoint.mvc.EndpointMvcAdapter.invoke()
2016-06-21 17:56:41.003  INFO 7864 --- [    Test worker] o.s.b.a.e.mvc.EndpointHandlerMapping     : Mapped "{[/actuators/beans || /actuators/beans.json],methods=[GET],produces=[application/json]}" onto public java.lang.Object org.springframework.boot.actuate.endpoint.mvc.EndpointMvcAdapter.invoke()
2016-06-21 17:56:41.565  INFO 7864 --- [    Test worker] e.s.ws.api.GreetingControllerMocksTest   : Started GreetingControllerMocksTest in 24.52 seconds (JVM running for 29.772)
2016-06-21 17:56:41.695  INFO 7864 --- [    Test worker] o.s.t.c.transaction.TransactionContext   : Began transaction (1) for test context [DefaultTestContext@167ac8d testClass = GreetingControllerMocksTest, testInstance = edu.sraikar.ws.api.GreetingControllerMocksTest@8f9e73, testMethod = testGetGreetings@GreetingControllerMocksTest, testException = [null], mergedContextConfiguration = [WebMergedContextConfiguration@1e884f0 testClass = GreetingControllerMocksTest, locations = '{}', classes = '{class edu.sraikar.Application}', contextInitializerClasses = '[]', activeProfiles = '{}', propertySourceLocations = '{}', propertySourceProperties = '{}', resourceBasePath = 'src/main/webapp', contextLoader = 'org.springframework.boot.test.SpringApplicationContextLoader', parent = [null]]]; transaction manager [org.springframework.orm.jpa.JpaTransactionManager@75ac89]; rollback [true]
2016-06-21 17:56:41.999  INFO 7864 --- [    Test worker] ilder$StaticRequestMappingHandlerMapping : Mapped "{[/api/greetings/{id}],methods=[DELETE]}" onto public org.springframework.http.ResponseEntity<edu.sraikar.ws.model.Greeting> edu.sraikar.ws.web.api.GreetingController.deleteGreeting(java.lang.Long)
2016-06-21 17:56:41.999  INFO 7864 --- [    Test worker] ilder$StaticRequestMappingHandlerMapping : Mapped "{[/api/greetings/{id}/send],methods=[POST],produces=[application/json]}" onto public org.springframework.http.ResponseEntity<edu.sraikar.ws.model.Greeting> edu.sraikar.ws.web.api.GreetingController.sendGreeting(java.lang.Long,boolean)
2016-06-21 17:56:42.000  INFO 7864 --- [    Test worker] ilder$StaticRequestMappingHandlerMapping : Mapped "{[/api/greetings/{id}],methods=[GET],produces=[application/json]}" onto public org.springframework.http.ResponseEntity<edu.sraikar.ws.model.Greeting> edu.sraikar.ws.web.api.GreetingController.getGreeting(java.lang.Long)
2016-06-21 17:56:42.000  INFO 7864 --- [    Test worker] ilder$StaticRequestMappingHandlerMapping : Mapped "{[/api/greetings/{id}],methods=[PUT],consumes=[application/json],produces=[application/json]}" onto public org.springframework.http.ResponseEntity<edu.sraikar.ws.model.Greeting> edu.sraikar.ws.web.api.GreetingController.updateGreeting(edu.sraikar.ws.model.Greeting)
2016-06-21 17:56:42.001  INFO 7864 --- [    Test worker] ilder$StaticRequestMappingHandlerMapping : Mapped "{[/api/greetings],methods=[GET],produces=[application/json]}" onto public org.springframework.http.ResponseEntity<java.util.Collection<edu.sraikar.ws.model.Greeting>> edu.sraikar.ws.web.api.GreetingController.getGreetings()
2016-06-21 17:56:42.001  INFO 7864 --- [    Test worker] ilder$StaticRequestMappingHandlerMapping : Mapped "{[/api/greetings],methods=[POST],consumes=[application/json],produces=[application/json]}" onto public org.springframework.http.ResponseEntity<edu.sraikar.ws.model.Greeting> edu.sraikar.ws.web.api.GreetingController.createGreeting(edu.sraikar.ws.model.Greeting)
2016-06-21 17:56:42.013  INFO 7864 --- [    Test worker] s.w.s.m.m.a.RequestMappingHandlerAdapter : Looking for @ControllerAdvice: org.springframework.test.web.servlet.setup.StubWebApplicationContext@15cdf5
2016-06-21 17:56:42.025  INFO 7864 --- [    Test worker] o.s.mock.web.MockServletContext          : Initializing Spring FrameworkServlet ''
2016-06-21 17:56:42.025  INFO 7864 --- [    Test worker] o.s.t.web.servlet.TestDispatcherServlet  : FrameworkServlet '': initialization started
2016-06-21 17:56:42.025  INFO 7864 --- [    Test worker] o.s.t.web.servlet.TestDispatcherServlet  : FrameworkServlet '': initialization completed in 0 ms
2016-06-21 17:56:42.082  INFO 7864 --- [    Test worker] e.sraikar.ws.web.api.GreetingController  : getAllGreetings called!
2016-06-21 17:56:42.381  INFO 7864 --- [    Test worker] o.s.t.c.transaction.TransactionContext   : Rolled back transaction for test context [DefaultTestContext@167ac8d testClass = GreetingControllerMocksTest, testInstance = edu.sraikar.ws.api.GreetingControllerMocksTest@8f9e73, testMethod = testGetGreetings@GreetingControllerMocksTest, testException = [null], mergedContextConfiguration = [WebMergedContextConfiguration@1e884f0 testClass = GreetingControllerMocksTest, locations = '{}', classes = '{class edu.sraikar.Application}', contextInitializerClasses = '[]', activeProfiles = '{}', propertySourceLocations = '{}', propertySourceProperties = '{}', resourceBasePath = 'src/main/webapp', contextLoader = 'org.springframework.boot.test.SpringApplicationContextLoader', parent = [null]]].
2016-06-21 17:56:42.392  INFO 7864 --- [    Test worker] o.s.t.c.transaction.TransactionContext   : Began transaction (1) for test context [DefaultTestContext@167ac8d testClass = GreetingControllerMocksTest, testInstance = edu.sraikar.ws.api.GreetingControllerMocksTest@13edadf, testMethod = testGetGreetingNotFound@GreetingControllerMocksTest, testException = [null], mergedContextConfiguration = [WebMergedContextConfiguration@1e884f0 testClass = GreetingControllerMocksTest, locations = '{}', classes = '{class edu.sraikar.Application}', contextInitializerClasses = '[]', activeProfiles = '{}', propertySourceLocations = '{}', propertySourceProperties = '{}', resourceBasePath = 'src/main/webapp', contextLoader = 'org.springframework.boot.test.SpringApplicationContextLoader', parent = [null]]]; transaction manager [org.springframework.orm.jpa.JpaTransactionManager@75ac89]; rollback [true]
2016-06-21 17:56:42.403  INFO 7864 --- [    Test worker] ilder$StaticRequestMappingHandlerMapping : Mapped "{[/api/greetings/{id}],methods=[DELETE]}" onto public org.springframework.http.ResponseEntity<edu.sraikar.ws.model.Greeting> edu.sraikar.ws.web.api.GreetingController.deleteGreeting(java.lang.Long)
2016-06-21 17:56:42.404  INFO 7864 --- [    Test worker] ilder$StaticRequestMappingHandlerMapping : Mapped "{[/api/greetings/{id}/send],methods=[POST],produces=[application/json]}" onto public org.springframework.http.ResponseEntity<edu.sraikar.ws.model.Greeting> edu.sraikar.ws.web.api.GreetingController.sendGreeting(java.lang.Long,boolean)
2016-06-21 17:56:42.406  INFO 7864 --- [    Test worker] ilder$StaticRequestMappingHandlerMapping : Mapped "{[/api/greetings/{id}],methods=[GET],produces=[application/json]}" onto public org.springframework.http.ResponseEntity<edu.sraikar.ws.model.Greeting> edu.sraikar.ws.web.api.GreetingController.getGreeting(java.lang.Long)
2016-06-21 17:56:42.407  INFO 7864 --- [    Test worker] ilder$StaticRequestMappingHandlerMapping : Mapped "{[/api/greetings/{id}],methods=[PUT],consumes=[application/json],produces=[application/json]}" onto public org.springframework.http.ResponseEntity<edu.sraikar.ws.model.Greeting> edu.sraikar.ws.web.api.GreetingController.updateGreeting(edu.sraikar.ws.model.Greeting)
2016-06-21 17:56:42.408  INFO 7864 --- [    Test worker] ilder$StaticRequestMappingHandlerMapping : Mapped "{[/api/greetings],methods=[GET],produces=[application/json]}" onto public org.springframework.http.ResponseEntity<java.util.Collection<edu.sraikar.ws.model.Greeting>> edu.sraikar.ws.web.api.GreetingController.getGreetings()
2016-06-21 17:56:42.409  INFO 7864 --- [    Test worker] ilder$StaticRequestMappingHandlerMapping : Mapped "{[/api/greetings],methods=[POST],consumes=[application/json],produces=[application/json]}" onto public org.springframework.http.ResponseEntity<edu.sraikar.ws.model.Greeting> edu.sraikar.ws.web.api.GreetingController.createGreeting(edu.sraikar.ws.model.Greeting)
2016-06-21 17:56:42.440  INFO 7864 --- [    Test worker] s.w.s.m.m.a.RequestMappingHandlerAdapter : Looking for @ControllerAdvice: org.springframework.test.web.servlet.setup.StubWebApplicationContext@1fd66e0
2016-06-21 17:56:42.451  INFO 7864 --- [    Test worker] o.s.mock.web.MockServletContext          : Initializing Spring FrameworkServlet ''
2016-06-21 17:56:42.451  INFO 7864 --- [    Test worker] o.s.t.web.servlet.TestDispatcherServlet  : FrameworkServlet '': initialization started
2016-06-21 17:56:42.452  INFO 7864 --- [    Test worker] o.s.t.web.servlet.TestDispatcherServlet  : FrameworkServlet '': initialization completed in 0 ms
2016-06-21 17:56:42.478  INFO 7864 --- [    Test worker] e.sraikar.ws.web.api.GreetingController  : getGreeting called!
2016-06-21 17:56:42.488  INFO 7864 --- [    Test worker] o.s.t.c.transaction.TransactionContext   : Rolled back transaction for test context [DefaultTestContext@167ac8d testClass = GreetingControllerMocksTest, testInstance = edu.sraikar.ws.api.GreetingControllerMocksTest@13edadf, testMethod = testGetGreetingNotFound@GreetingControllerMocksTest, testException = [null], mergedContextConfiguration = [WebMergedContextConfiguration@1e884f0 testClass = GreetingControllerMocksTest, locations = '{}', classes = '{class edu.sraikar.Application}', contextInitializerClasses = '[]', activeProfiles = '{}', propertySourceLocations = '{}', propertySourceProperties = '{}', resourceBasePath = 'src/main/webapp', contextLoader = 'org.springframework.boot.test.SpringApplicationContextLoader', parent = [null]]].
2016-06-21 17:56:42.496  INFO 7864 --- [    Test worker] o.s.t.c.transaction.TransactionContext   : Began transaction (1) for test context [DefaultTestContext@167ac8d testClass = GreetingControllerMocksTest, testInstance = edu.sraikar.ws.api.GreetingControllerMocksTest@ab025, testMethod = testUpdateGreeting@GreetingControllerMocksTest, testException = [null], mergedContextConfiguration = [WebMergedContextConfiguration@1e884f0 testClass = GreetingControllerMocksTest, locations = '{}', classes = '{class edu.sraikar.Application}', contextInitializerClasses = '[]', activeProfiles = '{}', propertySourceLocations = '{}', propertySourceProperties = '{}', resourceBasePath = 'src/main/webapp', contextLoader = 'org.springframework.boot.test.SpringApplicationContextLoader', parent = [null]]]; transaction manager [org.springframework.orm.jpa.JpaTransactionManager@75ac89]; rollback [true]
2016-06-21 17:56:42.508  INFO 7864 --- [    Test worker] ilder$StaticRequestMappingHandlerMapping : Mapped "{[/api/greetings/{id}],methods=[DELETE]}" onto public org.springframework.http.ResponseEntity<edu.sraikar.ws.model.Greeting> edu.sraikar.ws.web.api.GreetingController.deleteGreeting(java.lang.Long)
2016-06-21 17:56:42.509  INFO 7864 --- [    Test worker] ilder$StaticRequestMappingHandlerMapping : Mapped "{[/api/greetings/{id}/send],methods=[POST],produces=[application/json]}" onto public org.springframework.http.ResponseEntity<edu.sraikar.ws.model.Greeting> edu.sraikar.ws.web.api.GreetingController.sendGreeting(java.lang.Long,boolean)
2016-06-21 17:56:42.510  INFO 7864 --- [    Test worker] ilder$StaticRequestMappingHandlerMapping : Mapped "{[/api/greetings/{id}],methods=[GET],produces=[application/json]}" onto public org.springframework.http.ResponseEntity<edu.sraikar.ws.model.Greeting> edu.sraikar.ws.web.api.GreetingController.getGreeting(java.lang.Long)
2016-06-21 17:56:42.511  INFO 7864 --- [    Test worker] ilder$StaticRequestMappingHandlerMapping : Mapped "{[/api/greetings/{id}],methods=[PUT],consumes=[application/json],produces=[application/json]}" onto public org.springframework.http.ResponseEntity<edu.sraikar.ws.model.Greeting> edu.sraikar.ws.web.api.GreetingController.updateGreeting(edu.sraikar.ws.model.Greeting)
2016-06-21 17:56:42.512  INFO 7864 --- [    Test worker] ilder$StaticRequestMappingHandlerMapping : Mapped "{[/api/greetings],methods=[GET],produces=[application/json]}" onto public org.springframework.http.ResponseEntity<java.util.Collection<edu.sraikar.ws.model.Greeting>> edu.sraikar.ws.web.api.GreetingController.getGreetings()
2016-06-21 17:56:42.513  INFO 7864 --- [    Test worker] ilder$StaticRequestMappingHandlerMapping : Mapped "{[/api/greetings],methods=[POST],consumes=[application/json],produces=[application/json]}" onto public org.springframework.http.ResponseEntity<edu.sraikar.ws.model.Greeting> edu.sraikar.ws.web.api.GreetingController.createGreeting(edu.sraikar.ws.model.Greeting)
2016-06-21 17:56:42.543  INFO 7864 --- [    Test worker] s.w.s.m.m.a.RequestMappingHandlerAdapter : Looking for @ControllerAdvice: org.springframework.test.web.servlet.setup.StubWebApplicationContext@1ddf262
2016-06-21 17:56:42.554  INFO 7864 --- [    Test worker] o.s.mock.web.MockServletContext          : Initializing Spring FrameworkServlet ''
2016-06-21 17:56:42.555  INFO 7864 --- [    Test worker] o.s.t.web.servlet.TestDispatcherServlet  : FrameworkServlet '': initialization started
2016-06-21 17:56:42.556  INFO 7864 --- [    Test worker] o.s.t.web.servlet.TestDispatcherServlet  : FrameworkServlet '': initialization completed in 0 ms
2016-06-21 17:56:42.782  INFO 7864 --- [    Test worker] e.sraikar.ws.web.api.GreetingController  : updateGreeting called!
2016-06-21 17:56:42.803  INFO 7864 --- [    Test worker] o.s.t.c.transaction.TransactionContext   : Rolled back transaction for test context [DefaultTestContext@167ac8d testClass = GreetingControllerMocksTest, testInstance = edu.sraikar.ws.api.GreetingControllerMocksTest@ab025, testMethod = testUpdateGreeting@GreetingControllerMocksTest, testException = [null], mergedContextConfiguration = [WebMergedContextConfiguration@1e884f0 testClass = GreetingControllerMocksTest, locations = '{}', classes = '{class edu.sraikar.Application}', contextInitializerClasses = '[]', activeProfiles = '{}', propertySourceLocations = '{}', propertySourceProperties = '{}', resourceBasePath = 'src/main/webapp', contextLoader = 'org.springframework.boot.test.SpringApplicationContextLoader', parent = [null]]].
2016-06-21 17:56:42.813  INFO 7864 --- [    Test worker] o.s.t.c.transaction.TransactionContext   : Began transaction (1) for test context [DefaultTestContext@167ac8d testClass = GreetingControllerMocksTest, testInstance = edu.sraikar.ws.api.GreetingControllerMocksTest@836458, testMethod = testCreateGreeting@GreetingControllerMocksTest, testException = [null], mergedContextConfiguration = [WebMergedContextConfiguration@1e884f0 testClass = GreetingControllerMocksTest, locations = '{}', classes = '{class edu.sraikar.Application}', contextInitializerClasses = '[]', activeProfiles = '{}', propertySourceLocations = '{}', propertySourceProperties = '{}', resourceBasePath = 'src/main/webapp', contextLoader = 'org.springframework.boot.test.SpringApplicationContextLoader', parent = [null]]]; transaction manager [org.springframework.orm.jpa.JpaTransactionManager@75ac89]; rollback [true]
2016-06-21 17:56:42.827  INFO 7864 --- [    Test worker] ilder$StaticRequestMappingHandlerMapping : Mapped "{[/api/greetings/{id}],methods=[DELETE]}" onto public org.springframework.http.ResponseEntity<edu.sraikar.ws.model.Greeting> edu.sraikar.ws.web.api.GreetingController.deleteGreeting(java.lang.Long)
2016-06-21 17:56:42.829  INFO 7864 --- [    Test worker] ilder$StaticRequestMappingHandlerMapping : Mapped "{[/api/greetings/{id}/send],methods=[POST],produces=[application/json]}" onto public org.springframework.http.ResponseEntity<edu.sraikar.ws.model.Greeting> edu.sraikar.ws.web.api.GreetingController.sendGreeting(java.lang.Long,boolean)
2016-06-21 17:56:42.830  INFO 7864 --- [    Test worker] ilder$StaticRequestMappingHandlerMapping : Mapped "{[/api/greetings/{id}],methods=[GET],produces=[application/json]}" onto public org.springframework.http.ResponseEntity<edu.sraikar.ws.model.Greeting> edu.sraikar.ws.web.api.GreetingController.getGreeting(java.lang.Long)
2016-06-21 17:56:42.831  INFO 7864 --- [    Test worker] ilder$StaticRequestMappingHandlerMapping : Mapped "{[/api/greetings/{id}],methods=[PUT],consumes=[application/json],produces=[application/json]}" onto public org.springframework.http.ResponseEntity<edu.sraikar.ws.model.Greeting> edu.sraikar.ws.web.api.GreetingController.updateGreeting(edu.sraikar.ws.model.Greeting)
2016-06-21 17:56:42.832  INFO 7864 --- [    Test worker] ilder$StaticRequestMappingHandlerMapping : Mapped "{[/api/greetings],methods=[GET],produces=[application/json]}" onto public org.springframework.http.ResponseEntity<java.util.Collection<edu.sraikar.ws.model.Greeting>> edu.sraikar.ws.web.api.GreetingController.getGreetings()
2016-06-21 17:56:42.833  INFO 7864 --- [    Test worker] ilder$StaticRequestMappingHandlerMapping : Mapped "{[/api/greetings],methods=[POST],consumes=[application/json],produces=[application/json]}" onto public org.springframework.http.ResponseEntity<edu.sraikar.ws.model.Greeting> edu.sraikar.ws.web.api.GreetingController.createGreeting(edu.sraikar.ws.model.Greeting)
2016-06-21 17:56:42.869  INFO 7864 --- [    Test worker] s.w.s.m.m.a.RequestMappingHandlerAdapter : Looking for @ControllerAdvice: org.springframework.test.web.servlet.setup.StubWebApplicationContext@ebccfc
2016-06-21 17:56:42.884  INFO 7864 --- [    Test worker] o.s.mock.web.MockServletContext          : Initializing Spring FrameworkServlet ''
2016-06-21 17:56:42.884  INFO 7864 --- [    Test worker] o.s.t.web.servlet.TestDispatcherServlet  : FrameworkServlet '': initialization started
2016-06-21 17:56:42.885  INFO 7864 --- [    Test worker] o.s.t.web.servlet.TestDispatcherServlet  : FrameworkServlet '': initialization completed in 1 ms
2016-06-21 17:56:42.895  INFO 7864 --- [    Test worker] e.sraikar.ws.web.api.GreetingController  : createGreeting called!
2016-06-21 17:56:42.904  INFO 7864 --- [    Test worker] o.s.t.c.transaction.TransactionContext   : Rolled back transaction for test context [DefaultTestContext@167ac8d testClass = GreetingControllerMocksTest, testInstance = edu.sraikar.ws.api.GreetingControllerMocksTest@836458, testMethod = testCreateGreeting@GreetingControllerMocksTest, testException = [null], mergedContextConfiguration = [WebMergedContextConfiguration@1e884f0 testClass = GreetingControllerMocksTest, locations = '{}', classes = '{class edu.sraikar.Application}', contextInitializerClasses = '[]', activeProfiles = '{}', propertySourceLocations = '{}', propertySourceProperties = '{}', resourceBasePath = 'src/main/webapp', contextLoader = 'org.springframework.boot.test.SpringApplicationContextLoader', parent = [null]]].
2016-06-21 17:56:42.912  INFO 7864 --- [    Test worker] o.s.t.c.transaction.TransactionContext   : Began transaction (1) for test context [DefaultTestContext@167ac8d testClass = GreetingControllerMocksTest, testInstance = edu.sraikar.ws.api.GreetingControllerMocksTest@1810007, testMethod = testDeleteGreeting@GreetingControllerMocksTest, testException = [null], mergedContextConfiguration = [WebMergedContextConfiguration@1e884f0 testClass = GreetingControllerMocksTest, locations = '{}', classes = '{class edu.sraikar.Application}', contextInitializerClasses = '[]', activeProfiles = '{}', propertySourceLocations = '{}', propertySourceProperties = '{}', resourceBasePath = 'src/main/webapp', contextLoader = 'org.springframework.boot.test.SpringApplicationContextLoader', parent = [null]]]; transaction manager [org.springframework.orm.jpa.JpaTransactionManager@75ac89]; rollback [true]
2016-06-21 17:56:42.926  INFO 7864 --- [    Test worker] ilder$StaticRequestMappingHandlerMapping : Mapped "{[/api/greetings/{id}],methods=[DELETE]}" onto public org.springframework.http.ResponseEntity<edu.sraikar.ws.model.Greeting> edu.sraikar.ws.web.api.GreetingController.deleteGreeting(java.lang.Long)
2016-06-21 17:56:42.928  INFO 7864 --- [    Test worker] ilder$StaticRequestMappingHandlerMapping : Mapped "{[/api/greetings/{id}/send],methods=[POST],produces=[application/json]}" onto public org.springframework.http.ResponseEntity<edu.sraikar.ws.model.Greeting> edu.sraikar.ws.web.api.GreetingController.sendGreeting(java.lang.Long,boolean)
2016-06-21 17:56:42.928  INFO 7864 --- [    Test worker] ilder$StaticRequestMappingHandlerMapping : Mapped "{[/api/greetings/{id}],methods=[GET],produces=[application/json]}" onto public org.springframework.http.ResponseEntity<edu.sraikar.ws.model.Greeting> edu.sraikar.ws.web.api.GreetingController.getGreeting(java.lang.Long)
2016-06-21 17:56:42.929  INFO 7864 --- [    Test worker] ilder$StaticRequestMappingHandlerMapping : Mapped "{[/api/greetings/{id}],methods=[PUT],consumes=[application/json],produces=[application/json]}" onto public org.springframework.http.ResponseEntity<edu.sraikar.ws.model.Greeting> edu.sraikar.ws.web.api.GreetingController.updateGreeting(edu.sraikar.ws.model.Greeting)
2016-06-21 17:56:42.930  INFO 7864 --- [    Test worker] ilder$StaticRequestMappingHandlerMapping : Mapped "{[/api/greetings],methods=[GET],produces=[application/json]}" onto public org.springframework.http.ResponseEntity<java.util.Collection<edu.sraikar.ws.model.Greeting>> edu.sraikar.ws.web.api.GreetingController.getGreetings()
2016-06-21 17:56:42.931  INFO 7864 --- [    Test worker] ilder$StaticRequestMappingHandlerMapping : Mapped "{[/api/greetings],methods=[POST],consumes=[application/json],produces=[application/json]}" onto public org.springframework.http.ResponseEntity<edu.sraikar.ws.model.Greeting> edu.sraikar.ws.web.api.GreetingController.createGreeting(edu.sraikar.ws.model.Greeting)
2016-06-21 17:56:42.965  INFO 7864 --- [    Test worker] s.w.s.m.m.a.RequestMappingHandlerAdapter : Looking for @ControllerAdvice: org.springframework.test.web.servlet.setup.StubWebApplicationContext@b4cb8f
2016-06-21 17:56:42.983  INFO 7864 --- [    Test worker] o.s.mock.web.MockServletContext          : Initializing Spring FrameworkServlet ''
2016-06-21 17:56:42.984  INFO 7864 --- [    Test worker] o.s.t.web.servlet.TestDispatcherServlet  : FrameworkServlet '': initialization started
2016-06-21 17:56:42.985  INFO 7864 --- [    Test worker] o.s.t.web.servlet.TestDispatcherServlet  : FrameworkServlet '': initialization completed in 0 ms
2016-06-21 17:56:42.992  INFO 7864 --- [    Test worker] e.sraikar.ws.web.api.GreetingController  : deleteGreeting called!
2016-06-21 17:56:43.003  INFO 7864 --- [    Test worker] o.s.t.c.transaction.TransactionContext   : Rolled back transaction for test context [DefaultTestContext@167ac8d testClass = GreetingControllerMocksTest, testInstance = edu.sraikar.ws.api.GreetingControllerMocksTest@1810007, testMethod = testDeleteGreeting@GreetingControllerMocksTest, testException = [null], mergedContextConfiguration = [WebMergedContextConfiguration@1e884f0 testClass = GreetingControllerMocksTest, locations = '{}', classes = '{class edu.sraikar.Application}', contextInitializerClasses = '[]', activeProfiles = '{}', propertySourceLocations = '{}', propertySourceProperties = '{}', resourceBasePath = 'src/main/webapp', contextLoader = 'org.springframework.boot.test.SpringApplicationContextLoader', parent = [null]]].
2016-06-21 17:56:43.015  INFO 7864 --- [    Test worker] o.s.t.c.transaction.TransactionContext   : Began transaction (1) for test context [DefaultTestContext@167ac8d testClass = GreetingControllerMocksTest, testInstance = edu.sraikar.ws.api.GreetingControllerMocksTest@1e0a44b, testMethod = testGetGreeting@GreetingControllerMocksTest, testException = [null], mergedContextConfiguration = [WebMergedContextConfiguration@1e884f0 testClass = GreetingControllerMocksTest, locations = '{}', classes = '{class edu.sraikar.Application}', contextInitializerClasses = '[]', activeProfiles = '{}', propertySourceLocations = '{}', propertySourceProperties = '{}', resourceBasePath = 'src/main/webapp', contextLoader = 'org.springframework.boot.test.SpringApplicationContextLoader', parent = [null]]]; transaction manager [org.springframework.orm.jpa.JpaTransactionManager@75ac89]; rollback [true]
2016-06-21 17:56:43.030  INFO 7864 --- [    Test worker] ilder$StaticRequestMappingHandlerMapping : Mapped "{[/api/greetings/{id}],methods=[DELETE]}" onto public org.springframework.http.ResponseEntity<edu.sraikar.ws.model.Greeting> edu.sraikar.ws.web.api.GreetingController.deleteGreeting(java.lang.Long)
2016-06-21 17:56:43.031  INFO 7864 --- [    Test worker] ilder$StaticRequestMappingHandlerMapping : Mapped "{[/api/greetings/{id}/send],methods=[POST],produces=[application/json]}" onto public org.springframework.http.ResponseEntity<edu.sraikar.ws.model.Greeting> edu.sraikar.ws.web.api.GreetingController.sendGreeting(java.lang.Long,boolean)
2016-06-21 17:56:43.033  INFO 7864 --- [    Test worker] ilder$StaticRequestMappingHandlerMapping : Mapped "{[/api/greetings/{id}],methods=[GET],produces=[application/json]}" onto public org.springframework.http.ResponseEntity<edu.sraikar.ws.model.Greeting> edu.sraikar.ws.web.api.GreetingController.getGreeting(java.lang.Long)
2016-06-21 17:56:43.034  INFO 7864 --- [    Test worker] ilder$StaticRequestMappingHandlerMapping : Mapped "{[/api/greetings/{id}],methods=[PUT],consumes=[application/json],produces=[application/json]}" onto public org.springframework.http.ResponseEntity<edu.sraikar.ws.model.Greeting> edu.sraikar.ws.web.api.GreetingController.updateGreeting(edu.sraikar.ws.model.Greeting)
2016-06-21 17:56:43.035  INFO 7864 --- [    Test worker] ilder$StaticRequestMappingHandlerMapping : Mapped "{[/api/greetings],methods=[GET],produces=[application/json]}" onto public org.springframework.http.ResponseEntity<java.util.Collection<edu.sraikar.ws.model.Greeting>> edu.sraikar.ws.web.api.GreetingController.getGreetings()
2016-06-21 17:56:43.036  INFO 7864 --- [    Test worker] ilder$StaticRequestMappingHandlerMapping : Mapped "{[/api/greetings],methods=[POST],consumes=[application/json],produces=[application/json]}" onto public org.springframework.http.ResponseEntity<edu.sraikar.ws.model.Greeting> edu.sraikar.ws.web.api.GreetingController.createGreeting(edu.sraikar.ws.model.Greeting)
2016-06-21 17:56:43.073  INFO 7864 --- [    Test worker] s.w.s.m.m.a.RequestMappingHandlerAdapter : Looking for @ControllerAdvice: org.springframework.test.web.servlet.setup.StubWebApplicationContext@12084e4
2016-06-21 17:56:43.086  INFO 7864 --- [    Test worker] o.s.mock.web.MockServletContext          : Initializing Spring FrameworkServlet ''
2016-06-21 17:56:43.086  INFO 7864 --- [    Test worker] o.s.t.web.servlet.TestDispatcherServlet  : FrameworkServlet '': initialization started
2016-06-21 17:56:43.088  INFO 7864 --- [    Test worker] o.s.t.web.servlet.TestDispatcherServlet  : FrameworkServlet '': initialization completed in 1 ms
2016-06-21 17:56:43.094  INFO 7864 --- [    Test worker] e.sraikar.ws.web.api.GreetingController  : getGreeting called!
2016-06-21 17:56:43.101  INFO 7864 --- [    Test worker] o.s.t.c.transaction.TransactionContext   : Rolled back transaction for test context [DefaultTestContext@167ac8d testClass = GreetingControllerMocksTest, testInstance = edu.sraikar.ws.api.GreetingControllerMocksTest@1e0a44b, testMethod = testGetGreeting@GreetingControllerMocksTest, testException = [null], mergedContextConfiguration = [WebMergedContextConfiguration@1e884f0 testClass = GreetingControllerMocksTest, locations = '{}', classes = '{class edu.sraikar.Application}', contextInitializerClasses = '[]', activeProfiles = '{}', propertySourceLocations = '{}', propertySourceProperties = '{}', resourceBasePath = 'src/main/webapp', contextLoader = 'org.springframework.boot.test.SpringApplicationContextLoader', parent = [null]]].
]]></system-out>
  <system-err><![CDATA[]]></system-err>
</testsuite>
