<?xml version="1.0" encoding="UTF-8"?>
<testsuite name="edu.sraikar.ws.service.GreetingServiceTest" tests="8" skipped="0" failures="0" errors="0" timestamp="2016-06-21T04:47:16" hostname="SandeepRaikar" time="0.182">
  <properties/>
  <testcase name="testCreateWithId" classname="edu.sraikar.ws.service.GreetingServiceTest" time="0.009"/>
  <testcase name="testFindOneNotFound" classname="edu.sraikar.ws.service.GreetingServiceTest" time="0.01"/>
  <testcase name="testFindAll" classname="edu.sraikar.ws.service.GreetingServiceTest" time="0.015"/>
  <testcase name="testFindOne" classname="edu.sraikar.ws.service.GreetingServiceTest" time="0.011"/>
  <testcase name="testUpdateNotFound" classname="edu.sraikar.ws.service.GreetingServiceTest" time="0.007"/>
  <testcase name="testCreate" classname="edu.sraikar.ws.service.GreetingServiceTest" time="0.031"/>
  <testcase name="testDelete" classname="edu.sraikar.ws.service.GreetingServiceTest" time="0.076"/>
  <testcase name="testUpdate" classname="edu.sraikar.ws.service.GreetingServiceTest" time="0.007"/>
  <system-out><![CDATA[2016-06-20 23:47:13.143  INFO 2012 --- [    Test worker] o.s.t.c.support.AbstractContextLoader    : Could not detect default resource locations for test class [edu.sraikar.ws.AbstractTest]: no resource found for suffixes {-context.xml, Context.groovy}.
2016-06-20 23:47:13.147  INFO 2012 --- [    Test worker] o.s.t.c.s.DefaultTestContextBootstrapper : Loaded default TestExecutionListener class names from location [META-INF/spring.factories]: [org.springframework.test.context.web.ServletTestExecutionListener, org.springframework.test.context.support.DirtiesContextBeforeModesTestExecutionListener, org.springframework.test.context.support.DependencyInjectionTestExecutionListener, org.springframework.test.context.support.DirtiesContextTestExecutionListener, org.springframework.test.context.transaction.TransactionalTestExecutionListener, org.springframework.test.context.jdbc.SqlScriptsTestExecutionListener]
2016-06-20 23:47:13.147  INFO 2012 --- [    Test worker] o.s.t.c.s.DefaultTestContextBootstrapper : Using TestExecutionListeners: [org.springframework.test.context.web.ServletTestExecutionListener@cf813e, org.springframework.test.context.support.DirtiesContextBeforeModesTestExecutionListener@e2d6b7, org.springframework.test.context.support.DependencyInjectionTestExecutionListener@c60559, org.springframework.test.context.support.DirtiesContextTestExecutionListener@18db15e, org.springframework.test.context.transaction.TransactionalTestExecutionListener@1a104e0, org.springframework.test.context.jdbc.SqlScriptsTestExecutionListener@1c8228d]

  .   ____          _            __ _ _
 /\\ / ___'_ __ _ _(_)_ __  __ _ \ \ \ \
( ( )\___ | '_ | '_| | '_ \/ _` | \ \ \ \
 \\/  ___)| |_)| | | | | || (_| |  ) ) ) )
  '  |____| .__|_| |_|_| |_\__, | / / / /
 =========|_|==============|___/=/_/_/_/
 :: Spring Boot ::        (v1.3.1.RELEASE)

2016-06-20 23:47:13.239  INFO 2012 --- [    Test worker] e.s.ws.service.GreetingServiceTest       : Starting GreetingServiceTest on SandeepRaikar with PID 2012 (D:\Mars_workspace\Springwebservices-gradle\build\classes\test started by Sandeep in D:\Mars_workspace\Springwebservices-gradle)
2016-06-20 23:47:13.240  INFO 2012 --- [    Test worker] e.s.ws.service.GreetingServiceTest       : The following profiles are active: batch
2016-06-20 23:47:13.246  INFO 2012 --- [    Test worker] s.c.a.AnnotationConfigApplicationContext : Refreshing org.springframework.context.annotation.AnnotationConfigApplicationContext@16b0f52: startup date [Mon Jun 20 23:47:13 CDT 2016]; root of context hierarchy
2016-06-20 23:47:14.419  INFO 2012 --- [    Test worker] o.s.s.a.AsyncAnnotationBeanPostProcessor : No TaskExecutor bean found for async annotation processing.
2016-06-20 23:47:14.669  INFO 2012 --- [    Test worker] o.s.jdbc.datasource.init.ScriptUtils     : Executing SQL script from class path resource [data/hsqldb/schema.sql]
2016-06-20 23:47:14.674  INFO 2012 --- [    Test worker] o.s.jdbc.datasource.init.ScriptUtils     : Executed SQL script from class path resource [data/hsqldb/schema.sql] in 5 ms.
2016-06-20 23:47:14.676  INFO 2012 --- [    Test worker] o.s.jdbc.datasource.init.ScriptUtils     : Executing SQL script from class path resource [data/hsqldb/data.sql]
2016-06-20 23:47:14.678  INFO 2012 --- [    Test worker] o.s.jdbc.datasource.init.ScriptUtils     : Executed SQL script from class path resource [data/hsqldb/data.sql] in 2 ms.
2016-06-20 23:47:14.751  INFO 2012 --- [    Test worker] j.LocalContainerEntityManagerFactoryBean : Building JPA container EntityManagerFactory for persistence unit 'default'
2016-06-20 23:47:14.751  INFO 2012 --- [    Test worker] o.hibernate.jpa.internal.util.LogHelper  : HHH000204: Processing PersistenceUnitInfo [
	name: default
	...]
2016-06-20 23:47:14.768  INFO 2012 --- [    Test worker] org.hibernate.dialect.Dialect            : HHH000400: Using dialect: org.hibernate.dialect.HSQLDialect
2016-06-20 23:47:14.775  INFO 2012 --- [    Test worker] o.h.h.i.ast.ASTQueryTranslatorFactory    : HHH000397: Using ASTQueryTranslatorFactory
2016-06-20 23:47:14.790  INFO 2012 --- [    Test worker] o.h.tool.hbm2ddl.SchemaValidator         : HHH000229: Running schema validator
2016-06-20 23:47:14.791  INFO 2012 --- [    Test worker] o.h.tool.hbm2ddl.SchemaValidator         : HHH000102: Fetching database metadata
2016-06-20 23:47:14.839  INFO 2012 --- [    Test worker] o.hibernate.tool.hbm2ddl.TableMetadata   : HHH000261: Table found: PUBLIC.PUBLIC.GREETING
2016-06-20 23:47:14.840  INFO 2012 --- [    Test worker] o.hibernate.tool.hbm2ddl.TableMetadata   : HHH000037: Columns: [id, text]
2016-06-20 23:47:14.842  WARN 2012 --- [    Test worker] o.h.j.i.EntityManagerFactoryRegistry     : HHH000436: Entity manager factory name (default) is already registered.  If entity manager will be clustered or passivated, specify a unique value for property 'hibernate.ejb.entitymanager_factory_name'
2016-06-20 23:47:15.367  INFO 2012 --- [pool-3-thread-1] edu.sraikar.ws.batch.GreetingBatchBean   : starting fixedRateJobWithInitialDelay
2016-06-20 23:47:15.971  INFO 2012 --- [    Test worker] e.s.ws.service.GreetingServiceTest       : Started GreetingServiceTest in 2.814 seconds (JVM running for 27.67)
2016-06-20 23:47:16.011  INFO 2012 --- [    Test worker] o.s.t.c.transaction.TransactionContext   : Began transaction (1) for test context [DefaultTestContext@5d75bc testClass = GreetingServiceTest, testInstance = edu.sraikar.ws.service.GreetingServiceTest@d5e2fc, testMethod = testCreateWithId@GreetingServiceTest, testException = [null], mergedContextConfiguration = [MergedContextConfiguration@112b08c testClass = GreetingServiceTest, locations = '{}', classes = '{class edu.sraikar.Application}', contextInitializerClasses = '[]', activeProfiles = '{}', propertySourceLocations = '{}', propertySourceProperties = '{}', contextLoader = 'org.springframework.boot.test.SpringApplicationContextLoader', parent = [null]]]; transaction manager [org.springframework.orm.jpa.JpaTransactionManager@f27bee]; rollback [true]
2016-06-20 23:47:16.013 ERROR 2012 --- [    Test worker] e.s.ws.service.GreetingServiceBean       : Attempted to create a Greeting, but id attribute was not null.
2016-06-20 23:47:16.016  INFO 2012 --- [    Test worker] o.s.t.c.transaction.TransactionContext   : Rolled back transaction for test context [DefaultTestContext@5d75bc testClass = GreetingServiceTest, testInstance = edu.sraikar.ws.service.GreetingServiceTest@d5e2fc, testMethod = testCreateWithId@GreetingServiceTest, testException = [null], mergedContextConfiguration = [MergedContextConfiguration@112b08c testClass = GreetingServiceTest, locations = '{}', classes = '{class edu.sraikar.Application}', contextInitializerClasses = '[]', activeProfiles = '{}', propertySourceLocations = '{}', propertySourceProperties = '{}', contextLoader = 'org.springframework.boot.test.SpringApplicationContextLoader', parent = [null]]].
2016-06-20 23:47:16.020  INFO 2012 --- [    Test worker] o.s.t.c.transaction.TransactionContext   : Began transaction (1) for test context [DefaultTestContext@5d75bc testClass = GreetingServiceTest, testInstance = edu.sraikar.ws.service.GreetingServiceTest@1ec4881, testMethod = testFindOneNotFound@GreetingServiceTest, testException = [null], mergedContextConfiguration = [MergedContextConfiguration@112b08c testClass = GreetingServiceTest, locations = '{}', classes = '{class edu.sraikar.Application}', contextInitializerClasses = '[]', activeProfiles = '{}', propertySourceLocations = '{}', propertySourceProperties = '{}', contextLoader = 'org.springframework.boot.test.SpringApplicationContextLoader', parent = [null]]]; transaction manager [org.springframework.orm.jpa.JpaTransactionManager@f27bee]; rollback [true]
2016-06-20 23:47:16.027  INFO 2012 --- [    Test worker] o.s.t.c.transaction.TransactionContext   : Rolled back transaction for test context [DefaultTestContext@5d75bc testClass = GreetingServiceTest, testInstance = edu.sraikar.ws.service.GreetingServiceTest@1ec4881, testMethod = testFindOneNotFound@GreetingServiceTest, testException = [null], mergedContextConfiguration = [MergedContextConfiguration@112b08c testClass = GreetingServiceTest, locations = '{}', classes = '{class edu.sraikar.Application}', contextInitializerClasses = '[]', activeProfiles = '{}', propertySourceLocations = '{}', propertySourceProperties = '{}', contextLoader = 'org.springframework.boot.test.SpringApplicationContextLoader', parent = [null]]].
2016-06-20 23:47:16.032  INFO 2012 --- [    Test worker] o.s.t.c.transaction.TransactionContext   : Began transaction (1) for test context [DefaultTestContext@5d75bc testClass = GreetingServiceTest, testInstance = edu.sraikar.ws.service.GreetingServiceTest@9670d4, testMethod = testFindAll@GreetingServiceTest, testException = [null], mergedContextConfiguration = [MergedContextConfiguration@112b08c testClass = GreetingServiceTest, locations = '{}', classes = '{class edu.sraikar.Application}', contextInitializerClasses = '[]', activeProfiles = '{}', propertySourceLocations = '{}', propertySourceProperties = '{}', contextLoader = 'org.springframework.boot.test.SpringApplicationContextLoader', parent = [null]]]; transaction manager [org.springframework.orm.jpa.JpaTransactionManager@f27bee]; rollback [true]
2016-06-20 23:47:16.044  INFO 2012 --- [    Test worker] o.s.t.c.transaction.TransactionContext   : Rolled back transaction for test context [DefaultTestContext@5d75bc testClass = GreetingServiceTest, testInstance = edu.sraikar.ws.service.GreetingServiceTest@9670d4, testMethod = testFindAll@GreetingServiceTest, testException = [null], mergedContextConfiguration = [MergedContextConfiguration@112b08c testClass = GreetingServiceTest, locations = '{}', classes = '{class edu.sraikar.Application}', contextInitializerClasses = '[]', activeProfiles = '{}', propertySourceLocations = '{}', propertySourceProperties = '{}', contextLoader = 'org.springframework.boot.test.SpringApplicationContextLoader', parent = [null]]].
2016-06-20 23:47:16.051  INFO 2012 --- [    Test worker] o.s.t.c.transaction.TransactionContext   : Began transaction (1) for test context [DefaultTestContext@5d75bc testClass = GreetingServiceTest, testInstance = edu.sraikar.ws.service.GreetingServiceTest@2f0835, testMethod = testFindOne@GreetingServiceTest, testException = [null], mergedContextConfiguration = [MergedContextConfiguration@112b08c testClass = GreetingServiceTest, locations = '{}', classes = '{class edu.sraikar.Application}', contextInitializerClasses = '[]', activeProfiles = '{}', propertySourceLocations = '{}', propertySourceProperties = '{}', contextLoader = 'org.springframework.boot.test.SpringApplicationContextLoader', parent = [null]]]; transaction manager [org.springframework.orm.jpa.JpaTransactionManager@f27bee]; rollback [true]
2016-06-20 23:47:16.057  INFO 2012 --- [    Test worker] o.s.t.c.transaction.TransactionContext   : Rolled back transaction for test context [DefaultTestContext@5d75bc testClass = GreetingServiceTest, testInstance = edu.sraikar.ws.service.GreetingServiceTest@2f0835, testMethod = testFindOne@GreetingServiceTest, testException = [null], mergedContextConfiguration = [MergedContextConfiguration@112b08c testClass = GreetingServiceTest, locations = '{}', classes = '{class edu.sraikar.Application}', contextInitializerClasses = '[]', activeProfiles = '{}', propertySourceLocations = '{}', propertySourceProperties = '{}', contextLoader = 'org.springframework.boot.test.SpringApplicationContextLoader', parent = [null]]].
2016-06-20 23:47:16.061  INFO 2012 --- [    Test worker] o.s.t.c.transaction.TransactionContext   : Began transaction (1) for test context [DefaultTestContext@5d75bc testClass = GreetingServiceTest, testInstance = edu.sraikar.ws.service.GreetingServiceTest@1f4c261, testMethod = testUpdateNotFound@GreetingServiceTest, testException = [null], mergedContextConfiguration = [MergedContextConfiguration@112b08c testClass = GreetingServiceTest, locations = '{}', classes = '{class edu.sraikar.Application}', contextInitializerClasses = '[]', activeProfiles = '{}', propertySourceLocations = '{}', propertySourceProperties = '{}', contextLoader = 'org.springframework.boot.test.SpringApplicationContextLoader', parent = [null]]]; transaction manager [org.springframework.orm.jpa.JpaTransactionManager@f27bee]; rollback [true]
2016-06-20 23:47:16.065 ERROR 2012 --- [    Test worker] e.s.ws.service.GreetingServiceBean       : Attempted to update a Greeting, but the entity does not exist.
2016-06-20 23:47:16.067  INFO 2012 --- [    Test worker] o.s.t.c.transaction.TransactionContext   : Rolled back transaction for test context [DefaultTestContext@5d75bc testClass = GreetingServiceTest, testInstance = edu.sraikar.ws.service.GreetingServiceTest@1f4c261, testMethod = testUpdateNotFound@GreetingServiceTest, testException = [null], mergedContextConfiguration = [MergedContextConfiguration@112b08c testClass = GreetingServiceTest, locations = '{}', classes = '{class edu.sraikar.Application}', contextInitializerClasses = '[]', activeProfiles = '{}', propertySourceLocations = '{}', propertySourceProperties = '{}', contextLoader = 'org.springframework.boot.test.SpringApplicationContextLoader', parent = [null]]].
2016-06-20 23:47:16.075  INFO 2012 --- [    Test worker] o.s.t.c.transaction.TransactionContext   : Began transaction (1) for test context [DefaultTestContext@5d75bc testClass = GreetingServiceTest, testInstance = edu.sraikar.ws.service.GreetingServiceTest@1c7435b, testMethod = testCreate@GreetingServiceTest, testException = [null], mergedContextConfiguration = [MergedContextConfiguration@112b08c testClass = GreetingServiceTest, locations = '{}', classes = '{class edu.sraikar.Application}', contextInitializerClasses = '[]', activeProfiles = '{}', propertySourceLocations = '{}', propertySourceProperties = '{}', contextLoader = 'org.springframework.boot.test.SpringApplicationContextLoader', parent = [null]]]; transaction manager [org.springframework.orm.jpa.JpaTransactionManager@f27bee]; rollback [true]
2016-06-20 23:47:16.102  INFO 2012 --- [    Test worker] o.s.t.c.transaction.TransactionContext   : Rolled back transaction for test context [DefaultTestContext@5d75bc testClass = GreetingServiceTest, testInstance = edu.sraikar.ws.service.GreetingServiceTest@1c7435b, testMethod = testCreate@GreetingServiceTest, testException = [null], mergedContextConfiguration = [MergedContextConfiguration@112b08c testClass = GreetingServiceTest, locations = '{}', classes = '{class edu.sraikar.Application}', contextInitializerClasses = '[]', activeProfiles = '{}', propertySourceLocations = '{}', propertySourceProperties = '{}', contextLoader = 'org.springframework.boot.test.SpringApplicationContextLoader', parent = [null]]].
2016-06-20 23:47:16.107  INFO 2012 --- [    Test worker] o.s.t.c.transaction.TransactionContext   : Began transaction (1) for test context [DefaultTestContext@5d75bc testClass = GreetingServiceTest, testInstance = edu.sraikar.ws.service.GreetingServiceTest@e0c08c, testMethod = testDelete@GreetingServiceTest, testException = [null], mergedContextConfiguration = [MergedContextConfiguration@112b08c testClass = GreetingServiceTest, locations = '{}', classes = '{class edu.sraikar.Application}', contextInitializerClasses = '[]', activeProfiles = '{}', propertySourceLocations = '{}', propertySourceProperties = '{}', contextLoader = 'org.springframework.boot.test.SpringApplicationContextLoader', parent = [null]]]; transaction manager [org.springframework.orm.jpa.JpaTransactionManager@f27bee]; rollback [true]
2016-06-20 23:47:16.181  INFO 2012 --- [    Test worker] o.s.t.c.transaction.TransactionContext   : Rolled back transaction for test context [DefaultTestContext@5d75bc testClass = GreetingServiceTest, testInstance = edu.sraikar.ws.service.GreetingServiceTest@e0c08c, testMethod = testDelete@GreetingServiceTest, testException = [null], mergedContextConfiguration = [MergedContextConfiguration@112b08c testClass = GreetingServiceTest, locations = '{}', classes = '{class edu.sraikar.Application}', contextInitializerClasses = '[]', activeProfiles = '{}', propertySourceLocations = '{}', propertySourceProperties = '{}', contextLoader = 'org.springframework.boot.test.SpringApplicationContextLoader', parent = [null]]].
2016-06-20 23:47:16.184  INFO 2012 --- [    Test worker] o.s.t.c.transaction.TransactionContext   : Began transaction (1) for test context [DefaultTestContext@5d75bc testClass = GreetingServiceTest, testInstance = edu.sraikar.ws.service.GreetingServiceTest@15b0187, testMethod = testUpdate@GreetingServiceTest, testException = [null], mergedContextConfiguration = [MergedContextConfiguration@112b08c testClass = GreetingServiceTest, locations = '{}', classes = '{class edu.sraikar.Application}', contextInitializerClasses = '[]', activeProfiles = '{}', propertySourceLocations = '{}', propertySourceProperties = '{}', contextLoader = 'org.springframework.boot.test.SpringApplicationContextLoader', parent = [null]]]; transaction manager [org.springframework.orm.jpa.JpaTransactionManager@f27bee]; rollback [true]
2016-06-20 23:47:16.189  INFO 2012 --- [    Test worker] e.s.ws.service.GreetingServiceBean       : < update id:1
2016-06-20 23:47:16.190  INFO 2012 --- [    Test worker] o.s.t.c.transaction.TransactionContext   : Rolled back transaction for test context [DefaultTestContext@5d75bc testClass = GreetingServiceTest, testInstance = edu.sraikar.ws.service.GreetingServiceTest@15b0187, testMethod = testUpdate@GreetingServiceTest, testException = [null], mergedContextConfiguration = [MergedContextConfiguration@112b08c testClass = GreetingServiceTest, locations = '{}', classes = '{class edu.sraikar.Application}', contextInitializerClasses = '[]', activeProfiles = '{}', propertySourceLocations = '{}', propertySourceProperties = '{}', contextLoader = 'org.springframework.boot.test.SpringApplicationContextLoader', parent = [null]]].
]]></system-out>
  <system-err><![CDATA[]]></system-err>
</testsuite>
