<?xml version="1.0" encoding="UTF-8"?>
<testsuite name="edu.sraikar.ws.api.GreetingControllerTest" tests="6" skipped="0" failures="0" errors="0" timestamp="2016-06-21T01:05:49" hostname="SandeepRaikar" time="2.797">
  <properties/>
  <testcase name="testGetGreetingNotFound" classname="edu.sraikar.ws.api.GreetingControllerTest" time="0.535"/>
  <testcase name="testUpdateGreeting" classname="edu.sraikar.ws.api.GreetingControllerTest" time="0.353"/>
  <testcase name="testCreateGreeting" classname="edu.sraikar.ws.api.GreetingControllerTest" time="0.219"/>
  <testcase name="testGreeting" classname="edu.sraikar.ws.api.GreetingControllerTest" time="1.43"/>
  <testcase name="testDeleteGreeting" classname="edu.sraikar.ws.api.GreetingControllerTest" time="0.115"/>
  <testcase name="testGetGreeting" classname="edu.sraikar.ws.api.GreetingControllerTest" time="0.096"/>
  <system-out><![CDATA[2016-06-20 20:05:49.220  INFO 3752 --- [    Test worker] o.s.t.c.support.AbstractContextLoader    : Could not detect default resource locations for test class [edu.sraikar.ws.AbstractTest]: no resource found for suffixes {-context.xml, Context.groovy}.
2016-06-20 20:05:49.232  INFO 3752 --- [    Test worker] o.s.t.c.web.WebTestContextBootstrapper   : Loaded default TestExecutionListener class names from location [META-INF/spring.factories]: [org.springframework.test.context.web.ServletTestExecutionListener, org.springframework.test.context.support.DirtiesContextBeforeModesTestExecutionListener, org.springframework.test.context.support.DependencyInjectionTestExecutionListener, org.springframework.test.context.support.DirtiesContextTestExecutionListener, org.springframework.test.context.transaction.TransactionalTestExecutionListener, org.springframework.test.context.jdbc.SqlScriptsTestExecutionListener]
2016-06-20 20:05:49.234  INFO 3752 --- [    Test worker] o.s.t.c.web.WebTestContextBootstrapper   : Using TestExecutionListeners: [org.springframework.test.context.web.ServletTestExecutionListener@48c141, org.springframework.test.context.support.DirtiesContextBeforeModesTestExecutionListener@67316c, org.springframework.test.context.support.DependencyInjectionTestExecutionListener@13f3b41, org.springframework.test.context.support.DirtiesContextTestExecutionListener@1c4e540, org.springframework.test.context.transaction.TransactionalTestExecutionListener@1c076f0, org.springframework.test.context.jdbc.SqlScriptsTestExecutionListener@f1db35]
2016-06-20 20:05:49.445  INFO 3752 --- [    Test worker] o.s.t.c.transaction.TransactionContext   : Began transaction (1) for test context [DefaultTestContext@32033b testClass = GreetingControllerTest, testInstance = edu.sraikar.ws.api.GreetingControllerTest@c1907b, testMethod = testGetGreetingNotFound@GreetingControllerTest, testException = [null], mergedContextConfiguration = [WebMergedContextConfiguration@3a0619 testClass = GreetingControllerTest, locations = '{}', classes = '{class edu.sraikar.Application}', contextInitializerClasses = '[]', activeProfiles = '{}', propertySourceLocations = '{}', propertySourceProperties = '{}', resourceBasePath = 'src/main/webapp', contextLoader = 'org.springframework.boot.test.SpringApplicationContextLoader', parent = [null]]]; transaction manager [org.springframework.orm.jpa.JpaTransactionManager@59329a]; rollback [true]
2016-06-20 20:05:49.472  INFO 3752 --- [    Test worker] o.s.b.test.SpringBootMockServletContext  : Initializing Spring FrameworkServlet ''
2016-06-20 20:05:49.472  INFO 3752 --- [    Test worker] o.s.t.web.servlet.TestDispatcherServlet  : FrameworkServlet '': initialization started
2016-06-20 20:05:49.543  INFO 3752 --- [    Test worker] o.s.t.web.servlet.TestDispatcherServlet  : FrameworkServlet '': initialization completed in 71 ms
2016-06-20 20:05:49.608  INFO 3752 --- [    Test worker] e.sraikar.ws.web.api.GreetingController  : getGreeting called!
2016-06-20 20:05:49.972  INFO 3752 --- [    Test worker] o.s.t.c.transaction.TransactionContext   : Rolled back transaction for test context [DefaultTestContext@32033b testClass = GreetingControllerTest, testInstance = edu.sraikar.ws.api.GreetingControllerTest@c1907b, testMethod = testGetGreetingNotFound@GreetingControllerTest, testException = [null], mergedContextConfiguration = [WebMergedContextConfiguration@3a0619 testClass = GreetingControllerTest, locations = '{}', classes = '{class edu.sraikar.Application}', contextInitializerClasses = '[]', activeProfiles = '{}', propertySourceLocations = '{}', propertySourceProperties = '{}', resourceBasePath = 'src/main/webapp', contextLoader = 'org.springframework.boot.test.SpringApplicationContextLoader', parent = [null]]].
2016-06-20 20:05:49.998  INFO 3752 --- [    Test worker] o.s.t.c.transaction.TransactionContext   : Began transaction (1) for test context [DefaultTestContext@32033b testClass = GreetingControllerTest, testInstance = edu.sraikar.ws.api.GreetingControllerTest@efe46f, testMethod = testUpdateGreeting@GreetingControllerTest, testException = [null], mergedContextConfiguration = [WebMergedContextConfiguration@3a0619 testClass = GreetingControllerTest, locations = '{}', classes = '{class edu.sraikar.Application}', contextInitializerClasses = '[]', activeProfiles = '{}', propertySourceLocations = '{}', propertySourceProperties = '{}', resourceBasePath = 'src/main/webapp', contextLoader = 'org.springframework.boot.test.SpringApplicationContextLoader', parent = [null]]]; transaction manager [org.springframework.orm.jpa.JpaTransactionManager@59329a]; rollback [true]
2016-06-20 20:05:50.000  INFO 3752 --- [    Test worker] o.s.b.test.SpringBootMockServletContext  : Initializing Spring FrameworkServlet ''
2016-06-20 20:05:50.001  INFO 3752 --- [    Test worker] o.s.t.web.servlet.TestDispatcherServlet  : FrameworkServlet '': initialization started
2016-06-20 20:05:50.021  INFO 3752 --- [    Test worker] o.s.t.web.servlet.TestDispatcherServlet  : FrameworkServlet '': initialization completed in 20 ms
2016-06-20 20:05:50.195  INFO 3752 --- [    Test worker] e.sraikar.ws.web.api.GreetingController  : updateGreeting called!
2016-06-20 20:05:50.268  INFO 3752 --- [    Test worker] e.s.ws.service.GreetingServiceBean       : < update id:1
2016-06-20 20:05:50.345  INFO 3752 --- [    Test worker] o.s.t.c.transaction.TransactionContext   : Rolled back transaction for test context [DefaultTestContext@32033b testClass = GreetingControllerTest, testInstance = edu.sraikar.ws.api.GreetingControllerTest@efe46f, testMethod = testUpdateGreeting@GreetingControllerTest, testException = [null], mergedContextConfiguration = [WebMergedContextConfiguration@3a0619 testClass = GreetingControllerTest, locations = '{}', classes = '{class edu.sraikar.Application}', contextInitializerClasses = '[]', activeProfiles = '{}', propertySourceLocations = '{}', propertySourceProperties = '{}', resourceBasePath = 'src/main/webapp', contextLoader = 'org.springframework.boot.test.SpringApplicationContextLoader', parent = [null]]].
2016-06-20 20:05:50.361  INFO 3752 --- [    Test worker] o.s.t.c.transaction.TransactionContext   : Began transaction (1) for test context [DefaultTestContext@32033b testClass = GreetingControllerTest, testInstance = edu.sraikar.ws.api.GreetingControllerTest@140f21b, testMethod = testCreateGreeting@GreetingControllerTest, testException = [null], mergedContextConfiguration = [WebMergedContextConfiguration@3a0619 testClass = GreetingControllerTest, locations = '{}', classes = '{class edu.sraikar.Application}', contextInitializerClasses = '[]', activeProfiles = '{}', propertySourceLocations = '{}', propertySourceProperties = '{}', resourceBasePath = 'src/main/webapp', contextLoader = 'org.springframework.boot.test.SpringApplicationContextLoader', parent = [null]]]; transaction manager [org.springframework.orm.jpa.JpaTransactionManager@59329a]; rollback [true]
2016-06-20 20:05:50.365  INFO 3752 --- [    Test worker] o.s.b.test.SpringBootMockServletContext  : Initializing Spring FrameworkServlet ''
2016-06-20 20:05:50.367  INFO 3752 --- [    Test worker] o.s.t.web.servlet.TestDispatcherServlet  : FrameworkServlet '': initialization started
2016-06-20 20:05:50.408  INFO 3752 --- [    Test worker] o.s.t.web.servlet.TestDispatcherServlet  : FrameworkServlet '': initialization completed in 40 ms
2016-06-20 20:05:50.421  INFO 3752 --- [    Test worker] e.sraikar.ws.web.api.GreetingController  : createGreeting called!
2016-06-20 20:05:50.573  INFO 3752 --- [    Test worker] o.s.t.c.transaction.TransactionContext   : Rolled back transaction for test context [DefaultTestContext@32033b testClass = GreetingControllerTest, testInstance = edu.sraikar.ws.api.GreetingControllerTest@140f21b, testMethod = testCreateGreeting@GreetingControllerTest, testException = [null], mergedContextConfiguration = [WebMergedContextConfiguration@3a0619 testClass = GreetingControllerTest, locations = '{}', classes = '{class edu.sraikar.Application}', contextInitializerClasses = '[]', activeProfiles = '{}', propertySourceLocations = '{}', propertySourceProperties = '{}', resourceBasePath = 'src/main/webapp', contextLoader = 'org.springframework.boot.test.SpringApplicationContextLoader', parent = [null]]].
2016-06-20 20:05:50.585  INFO 3752 --- [    Test worker] o.s.t.c.transaction.TransactionContext   : Began transaction (1) for test context [DefaultTestContext@32033b testClass = GreetingControllerTest, testInstance = edu.sraikar.ws.api.GreetingControllerTest@1960d60, testMethod = testGreeting@GreetingControllerTest, testException = [null], mergedContextConfiguration = [WebMergedContextConfiguration@3a0619 testClass = GreetingControllerTest, locations = '{}', classes = '{class edu.sraikar.Application}', contextInitializerClasses = '[]', activeProfiles = '{}', propertySourceLocations = '{}', propertySourceProperties = '{}', resourceBasePath = 'src/main/webapp', contextLoader = 'org.springframework.boot.test.SpringApplicationContextLoader', parent = [null]]]; transaction manager [org.springframework.orm.jpa.JpaTransactionManager@59329a]; rollback [true]
2016-06-20 20:05:50.588  INFO 3752 --- [    Test worker] o.s.b.test.SpringBootMockServletContext  : Initializing Spring FrameworkServlet ''
2016-06-20 20:05:50.588  INFO 3752 --- [    Test worker] o.s.t.web.servlet.TestDispatcherServlet  : FrameworkServlet '': initialization started
2016-06-20 20:05:50.683  INFO 3752 --- [    Test worker] o.s.t.web.servlet.TestDispatcherServlet  : FrameworkServlet '': initialization completed in 95 ms
2016-06-20 20:05:50.691  INFO 3752 --- [    Test worker] e.sraikar.ws.web.api.GreetingController  : getAllGreetings called!
2016-06-20 20:05:52.011  INFO 3752 --- [    Test worker] o.s.t.c.transaction.TransactionContext   : Rolled back transaction for test context [DefaultTestContext@32033b testClass = GreetingControllerTest, testInstance = edu.sraikar.ws.api.GreetingControllerTest@1960d60, testMethod = testGreeting@GreetingControllerTest, testException = [null], mergedContextConfiguration = [WebMergedContextConfiguration@3a0619 testClass = GreetingControllerTest, locations = '{}', classes = '{class edu.sraikar.Application}', contextInitializerClasses = '[]', activeProfiles = '{}', propertySourceLocations = '{}', propertySourceProperties = '{}', resourceBasePath = 'src/main/webapp', contextLoader = 'org.springframework.boot.test.SpringApplicationContextLoader', parent = [null]]].
2016-06-20 20:05:52.023  INFO 3752 --- [    Test worker] o.s.t.c.transaction.TransactionContext   : Began transaction (1) for test context [DefaultTestContext@32033b testClass = GreetingControllerTest, testInstance = edu.sraikar.ws.api.GreetingControllerTest@1d4d023, testMethod = testDeleteGreeting@GreetingControllerTest, testException = [null], mergedContextConfiguration = [WebMergedContextConfiguration@3a0619 testClass = GreetingControllerTest, locations = '{}', classes = '{class edu.sraikar.Application}', contextInitializerClasses = '[]', activeProfiles = '{}', propertySourceLocations = '{}', propertySourceProperties = '{}', resourceBasePath = 'src/main/webapp', contextLoader = 'org.springframework.boot.test.SpringApplicationContextLoader', parent = [null]]]; transaction manager [org.springframework.orm.jpa.JpaTransactionManager@59329a]; rollback [true]
2016-06-20 20:05:52.027  INFO 3752 --- [    Test worker] o.s.b.test.SpringBootMockServletContext  : Initializing Spring FrameworkServlet ''
2016-06-20 20:05:52.028  INFO 3752 --- [    Test worker] o.s.t.web.servlet.TestDispatcherServlet  : FrameworkServlet '': initialization started
2016-06-20 20:05:52.050  INFO 3752 --- [    Test worker] o.s.t.web.servlet.TestDispatcherServlet  : FrameworkServlet '': initialization completed in 21 ms
2016-06-20 20:05:52.077  INFO 3752 --- [    Test worker] e.sraikar.ws.web.api.GreetingController  : deleteGreeting called!
2016-06-20 20:05:52.112  INFO 3752 --- [    Test worker] o.s.t.c.transaction.TransactionContext   : Rolled back transaction for test context [DefaultTestContext@32033b testClass = GreetingControllerTest, testInstance = edu.sraikar.ws.api.GreetingControllerTest@1d4d023, testMethod = testDeleteGreeting@GreetingControllerTest, testException = [null], mergedContextConfiguration = [WebMergedContextConfiguration@3a0619 testClass = GreetingControllerTest, locations = '{}', classes = '{class edu.sraikar.Application}', contextInitializerClasses = '[]', activeProfiles = '{}', propertySourceLocations = '{}', propertySourceProperties = '{}', resourceBasePath = 'src/main/webapp', contextLoader = 'org.springframework.boot.test.SpringApplicationContextLoader', parent = [null]]].
2016-06-20 20:05:52.145  INFO 3752 --- [    Test worker] o.s.t.c.transaction.TransactionContext   : Began transaction (1) for test context [DefaultTestContext@32033b testClass = GreetingControllerTest, testInstance = edu.sraikar.ws.api.GreetingControllerTest@9f5429, testMethod = testGetGreeting@GreetingControllerTest, testException = [null], mergedContextConfiguration = [WebMergedContextConfiguration@3a0619 testClass = GreetingControllerTest, locations = '{}', classes = '{class edu.sraikar.Application}', contextInitializerClasses = '[]', activeProfiles = '{}', propertySourceLocations = '{}', propertySourceProperties = '{}', resourceBasePath = 'src/main/webapp', contextLoader = 'org.springframework.boot.test.SpringApplicationContextLoader', parent = [null]]]; transaction manager [org.springframework.orm.jpa.JpaTransactionManager@59329a]; rollback [true]
2016-06-20 20:05:52.147  INFO 3752 --- [    Test worker] o.s.b.test.SpringBootMockServletContext  : Initializing Spring FrameworkServlet ''
2016-06-20 20:05:52.148  INFO 3752 --- [    Test worker] o.s.t.web.servlet.TestDispatcherServlet  : FrameworkServlet '': initialization started
2016-06-20 20:05:52.168  INFO 3752 --- [    Test worker] o.s.t.web.servlet.TestDispatcherServlet  : FrameworkServlet '': initialization completed in 18 ms
2016-06-20 20:05:52.220  INFO 3752 --- [    Test worker] e.sraikar.ws.web.api.GreetingController  : getGreeting called!
2016-06-20 20:05:52.231  INFO 3752 --- [    Test worker] o.s.t.c.transaction.TransactionContext   : Rolled back transaction for test context [DefaultTestContext@32033b testClass = GreetingControllerTest, testInstance = edu.sraikar.ws.api.GreetingControllerTest@9f5429, testMethod = testGetGreeting@GreetingControllerTest, testException = [null], mergedContextConfiguration = [WebMergedContextConfiguration@3a0619 testClass = GreetingControllerTest, locations = '{}', classes = '{class edu.sraikar.Application}', contextInitializerClasses = '[]', activeProfiles = '{}', propertySourceLocations = '{}', propertySourceProperties = '{}', resourceBasePath = 'src/main/webapp', contextLoader = 'org.springframework.boot.test.SpringApplicationContextLoader', parent = [null]]].
]]></system-out>
  <system-err><![CDATA[]]></system-err>
</testsuite>
