<?xml version="1.0" encoding="UTF-8"?>
<testsuite name="edu.sraikar.ws.api.GreetingControllerMocksTest" tests="6" skipped="0" failures="0" errors="0" timestamp="2016-06-21T04:47:10" hostname="SandeepRaikar" time="1.294">
  <properties/>
  <testcase name="testGetGreetings" classname="edu.sraikar.ws.api.GreetingControllerMocksTest" time="0.892"/>
  <testcase name="testGetGreetingNotFound" classname="edu.sraikar.ws.api.GreetingControllerMocksTest" time="0.054"/>
  <testcase name="testUpdateGreeting" classname="edu.sraikar.ws.api.GreetingControllerMocksTest" time="0.202"/>
  <testcase name="testCreateGreeting" classname="edu.sraikar.ws.api.GreetingControllerMocksTest" time="0.049"/>
  <testcase name="testDeleteGreeting" classname="edu.sraikar.ws.api.GreetingControllerMocksTest" time="0.048"/>
  <testcase name="testGetGreeting" classname="edu.sraikar.ws.api.GreetingControllerMocksTest" time="0.042"/>
  <system-out><![CDATA[23:46:50.912 [Test worker] DEBUG o.s.t.c.j.SpringJUnit4ClassRunner - SpringJUnit4ClassRunner constructor called with [class edu.sraikar.ws.api.GreetingControllerMocksTest]
23:46:50.937 [Test worker] DEBUG o.s.test.context.BootstrapUtils - Instantiating CacheAwareContextLoaderDelegate from class [org.springframework.test.context.cache.DefaultCacheAwareContextLoaderDelegate]
23:46:50.959 [Test worker] DEBUG o.s.test.context.BootstrapUtils - Instantiating BootstrapContext using constructor [public org.springframework.test.context.support.DefaultBootstrapContext(java.lang.Class,org.springframework.test.context.CacheAwareContextLoaderDelegate)]
23:46:51.006 [Test worker] DEBUG o.s.test.context.BootstrapUtils - Instantiating TestContextBootstrapper for test class [edu.sraikar.ws.api.GreetingControllerMocksTest] from class [org.springframework.test.context.web.WebTestContextBootstrapper]
23:46:51.103 [Test worker] DEBUG o.s.t.c.w.WebTestContextBootstrapper - Found explicit ContextLoader class [org.springframework.boot.test.SpringApplicationContextLoader] for context configuration attributes [ContextConfigurationAttributes@13d20e7 declaringClass = 'edu.sraikar.ws.AbstractTest', classes = '{class edu.sraikar.Application}', locations = '{}', inheritLocations = true, initializers = '{}', inheritInitializers = true, name = [null], contextLoaderClass = 'org.springframework.boot.test.SpringApplicationContextLoader']
23:46:51.123 [Test worker] DEBUG o.s.t.c.s.AbstractContextLoader - Did not detect default resource location for test class [edu.sraikar.ws.AbstractTest]: class path resource [edu/sraikar/ws/AbstractTest-context.xml] does not exist
23:46:51.124 [Test worker] DEBUG o.s.t.c.s.AbstractContextLoader - Did not detect default resource location for test class [edu.sraikar.ws.AbstractTest]: class path resource [edu/sraikar/ws/AbstractTestContext.groovy] does not exist
23:46:51.125 [Test worker] INFO  o.s.t.c.s.AbstractContextLoader - Could not detect default resource locations for test class [edu.sraikar.ws.AbstractTest]: no resource found for suffixes {-context.xml, Context.groovy}.
23:46:51.132 [Test worker] DEBUG o.s.t.c.support.ActiveProfilesUtils - Could not find an 'annotation declaring class' for annotation type [org.springframework.test.context.ActiveProfiles] and class [edu.sraikar.ws.api.GreetingControllerMocksTest]
23:46:51.142 [Test worker] DEBUG o.s.t.c.w.WebTestContextBootstrapper - @TestExecutionListeners is not present for class [edu.sraikar.ws.api.GreetingControllerMocksTest]: using defaults.
23:46:51.158 [Test worker] INFO  o.s.t.c.w.WebTestContextBootstrapper - Loaded default TestExecutionListener class names from location [META-INF/spring.factories]: [org.springframework.test.context.web.ServletTestExecutionListener, org.springframework.test.context.support.DirtiesContextBeforeModesTestExecutionListener, org.springframework.test.context.support.DependencyInjectionTestExecutionListener, org.springframework.test.context.support.DirtiesContextTestExecutionListener, org.springframework.test.context.transaction.TransactionalTestExecutionListener, org.springframework.test.context.jdbc.SqlScriptsTestExecutionListener]
23:46:51.220 [Test worker] INFO  o.s.t.c.w.WebTestContextBootstrapper - Using TestExecutionListeners: [org.springframework.test.context.web.ServletTestExecutionListener@ab855d, org.springframework.test.context.support.DirtiesContextBeforeModesTestExecutionListener@201cf2, org.springframework.test.context.support.DependencyInjectionTestExecutionListener@8edb07, org.springframework.test.context.support.DirtiesContextTestExecutionListener@cdd2ae, org.springframework.test.context.transaction.TransactionalTestExecutionListener@fe2487, org.springframework.test.context.jdbc.SqlScriptsTestExecutionListener@b563a6]
23:46:51.229 [Test worker] DEBUG o.s.t.annotation.ProfileValueUtils - Retrieved @ProfileValueSourceConfiguration [null] for test class [edu.sraikar.ws.api.GreetingControllerMocksTest]
23:46:51.230 [Test worker] DEBUG o.s.t.annotation.ProfileValueUtils - Retrieved ProfileValueSource type [class org.springframework.test.annotation.SystemProfileValueSource] for class [edu.sraikar.ws.api.GreetingControllerMocksTest]
23:46:51.232 [Test worker] DEBUG o.s.t.annotation.ProfileValueUtils - Retrieved @ProfileValueSourceConfiguration [null] for test class [edu.sraikar.ws.api.GreetingControllerMocksTest]
23:46:51.233 [Test worker] DEBUG o.s.t.annotation.ProfileValueUtils - Retrieved ProfileValueSource type [class org.springframework.test.annotation.SystemProfileValueSource] for class [edu.sraikar.ws.api.GreetingControllerMocksTest]
23:46:51.238 [Test worker] DEBUG o.s.t.c.s.AbstractDirtiesContextTestExecutionListener - Before test class: context [DefaultTestContext@1f90dab testClass = GreetingControllerMocksTest, testInstance = [null], testMethod = [null], testException = [null], mergedContextConfiguration = [WebMergedContextConfiguration@1a7046f testClass = GreetingControllerMocksTest, locations = '{}', classes = '{class edu.sraikar.Application}', contextInitializerClasses = '[]', activeProfiles = '{}', propertySourceLocations = '{}', propertySourceProperties = '{}', resourceBasePath = 'src/main/webapp', contextLoader = 'org.springframework.boot.test.SpringApplicationContextLoader', parent = [null]]], class annotated with @DirtiesContext [false] with mode [null].
23:46:51.240 [Test worker] DEBUG o.s.t.annotation.ProfileValueUtils - Retrieved @ProfileValueSourceConfiguration [null] for test class [edu.sraikar.ws.api.GreetingControllerMocksTest]
23:46:51.240 [Test worker] DEBUG o.s.t.annotation.ProfileValueUtils - Retrieved ProfileValueSource type [class org.springframework.test.annotation.SystemProfileValueSource] for class [edu.sraikar.ws.api.GreetingControllerMocksTest]
23:46:51.484 [Test worker] DEBUG o.s.core.env.StandardEnvironment - Adding [systemProperties] PropertySource with lowest search precedence
23:46:51.487 [Test worker] DEBUG o.s.core.env.StandardEnvironment - Adding [systemEnvironment] PropertySource with lowest search precedence
23:46:51.488 [Test worker] DEBUG o.s.core.env.StandardEnvironment - Initialized StandardEnvironment with PropertySources [systemProperties,systemEnvironment]
23:46:51.493 [Test worker] DEBUG o.s.core.env.StandardEnvironment - Adding [integrationTest] PropertySource with search precedence immediately lower than [systemEnvironment]

  .   ____          _            __ _ _
 /\\ / ___'_ __ _ _(_)_ __  __ _ \ \ \ \
( ( )\___ | '_ | '_| | '_ \/ _` | \ \ \ \
 \\/  ___)| |_)| | | | | || (_| |  ) ) ) )
  '  |____| .__|_| |_|_| |_\__, | / / / /
 =========|_|==============|___/=/_/_/_/
 :: Spring Boot ::        (v1.3.1.RELEASE)

2016-06-20 23:46:52.334  INFO 2012 --- [    Test worker] e.s.ws.api.GreetingControllerMocksTest   : Starting GreetingControllerMocksTest on SandeepRaikar with PID 2012 (D:\Mars_workspace\Springwebservices-gradle\build\classes\test started by Sandeep in D:\Mars_workspace\Springwebservices-gradle)
2016-06-20 23:46:52.338  INFO 2012 --- [    Test worker] e.s.ws.api.GreetingControllerMocksTest   : The following profiles are active: batch
2016-06-20 23:46:52.580  INFO 2012 --- [    Test worker] o.s.w.c.s.GenericWebApplicationContext   : Refreshing org.springframework.web.context.support.GenericWebApplicationContext@45058f: startup date [Mon Jun 20 23:46:52 CDT 2016]; root of context hierarchy
2016-06-20 23:46:56.321  INFO 2012 --- [    Test worker] o.s.b.f.s.DefaultListableBeanFactory     : Overriding bean definition for bean 'beanNameViewResolver' with a different definition: replacing [Root bean: class [null]; scope=; abstract=false; lazyInit=false; autowireMode=3; dependencyCheck=0; autowireCandidate=true; primary=false; factoryBeanName=org.springframework.boot.autoconfigure.web.ErrorMvcAutoConfiguration$WhitelabelErrorViewConfiguration; factoryMethodName=beanNameViewResolver; initMethodName=null; destroyMethodName=(inferred); defined in class path resource [org/springframework/boot/autoconfigure/web/ErrorMvcAutoConfiguration$WhitelabelErrorViewConfiguration.class]] with [Root bean: class [null]; scope=; abstract=false; lazyInit=false; autowireMode=3; dependencyCheck=0; autowireCandidate=true; primary=false; factoryBeanName=org.springframework.boot.autoconfigure.web.WebMvcAutoConfiguration$WebMvcAutoConfigurationAdapter; factoryMethodName=beanNameViewResolver; initMethodName=null; destroyMethodName=(inferred); defined in class path resource [org/springframework/boot/autoconfigure/web/WebMvcAutoConfiguration$WebMvcAutoConfigurationAdapter.class]]
2016-06-20 23:46:56.434  INFO 2012 --- [    Test worker] o.s.b.f.s.DefaultListableBeanFactory     : Overriding bean definition for bean 'ignoredPathsWebSecurityConfigurerAdapter' with a different definition: replacing [Root bean: class [null]; scope=; abstract=false; lazyInit=false; autowireMode=3; dependencyCheck=0; autowireCandidate=true; primary=false; factoryBeanName=org.springframework.boot.autoconfigure.security.SpringBootWebSecurityConfiguration; factoryMethodName=ignoredPathsWebSecurityConfigurerAdapter; initMethodName=null; destroyMethodName=(inferred); defined in class path resource [org/springframework/boot/autoconfigure/security/SpringBootWebSecurityConfiguration.class]] with [Root bean: class [null]; scope=; abstract=false; lazyInit=false; autowireMode=3; dependencyCheck=0; autowireCandidate=true; primary=false; factoryBeanName=org.springframework.boot.actuate.autoconfigure.ManagementWebSecurityAutoConfiguration; factoryMethodName=ignoredPathsWebSecurityConfigurerAdapter; initMethodName=null; destroyMethodName=(inferred); defined in class path resource [org/springframework/boot/actuate/autoconfigure/ManagementWebSecurityAutoConfiguration.class]]
2016-06-20 23:46:56.768  INFO 2012 --- [    Test worker] o.s.b.f.s.DefaultListableBeanFactory     : Overriding bean definition for bean 'managementServletContext' with a different definition: replacing [Root bean: class [null]; scope=; abstract=false; lazyInit=false; autowireMode=3; dependencyCheck=0; autowireCandidate=true; primary=false; factoryBeanName=org.springframework.boot.actuate.autoconfigure.EndpointWebMvcHypermediaManagementContextConfiguration; factoryMethodName=managementServletContext; initMethodName=null; destroyMethodName=(inferred); defined in class path resource [org/springframework/boot/actuate/autoconfigure/EndpointWebMvcHypermediaManagementContextConfiguration.class]] with [Root bean: class [null]; scope=; abstract=false; lazyInit=false; autowireMode=3; dependencyCheck=0; autowireCandidate=true; primary=false; factoryBeanName=org.springframework.boot.actuate.autoconfigure.EndpointWebMvcAutoConfiguration; factoryMethodName=managementServletContext; initMethodName=null; destroyMethodName=(inferred); defined in class path resource [org/springframework/boot/actuate/autoconfigure/EndpointWebMvcAutoConfiguration.class]]
2016-06-20 23:46:58.201  INFO 2012 --- [    Test worker] o.s.s.a.AsyncAnnotationBeanPostProcessor : No TaskExecutor bean found for async annotation processing.
2016-06-20 23:46:58.454  INFO 2012 --- [    Test worker] trationDelegate$BeanPostProcessorChecker : Bean 'org.springframework.cache.annotation.ProxyCachingConfiguration' of type [class org.springframework.cache.annotation.ProxyCachingConfiguration$$EnhancerBySpringCGLIB$$3d296ff9] is not eligible for getting processed by all BeanPostProcessors (for example: not eligible for auto-proxying)
2016-06-20 23:46:58.565  INFO 2012 --- [    Test worker] trationDelegate$BeanPostProcessorChecker : Bean 'org.springframework.transaction.annotation.ProxyTransactionManagementConfiguration' of type [class org.springframework.transaction.annotation.ProxyTransactionManagementConfiguration$$EnhancerBySpringCGLIB$$d5cba59b] is not eligible for getting processed by all BeanPostProcessors (for example: not eligible for auto-proxying)
2016-06-20 23:47:01.118  INFO 2012 --- [    Test worker] o.s.jdbc.datasource.init.ScriptUtils     : Executing SQL script from class path resource [data/hsqldb/schema.sql]
2016-06-20 23:47:01.134  INFO 2012 --- [    Test worker] o.s.jdbc.datasource.init.ScriptUtils     : Executed SQL script from class path resource [data/hsqldb/schema.sql] in 13 ms.
2016-06-20 23:47:01.151  INFO 2012 --- [    Test worker] o.s.jdbc.datasource.init.ScriptUtils     : Executing SQL script from class path resource [data/hsqldb/data.sql]
2016-06-20 23:47:01.155  INFO 2012 --- [    Test worker] o.s.jdbc.datasource.init.ScriptUtils     : Executed SQL script from class path resource [data/hsqldb/data.sql] in 3 ms.
2016-06-20 23:47:01.473  INFO 2012 --- [    Test worker] j.LocalContainerEntityManagerFactoryBean : Building JPA container EntityManagerFactory for persistence unit 'default'
2016-06-20 23:47:01.568  INFO 2012 --- [    Test worker] o.hibernate.jpa.internal.util.LogHelper  : HHH000204: Processing PersistenceUnitInfo [
	name: default
	...]
2016-06-20 23:47:02.194  INFO 2012 --- [    Test worker] org.hibernate.Version                    : HHH000412: Hibernate Core {4.3.11.Final}
2016-06-20 23:47:02.197  INFO 2012 --- [    Test worker] org.hibernate.cfg.Environment            : HHH000206: hibernate.properties not found
2016-06-20 23:47:02.202  INFO 2012 --- [    Test worker] org.hibernate.cfg.Environment            : HHH000021: Bytecode provider name : javassist
2016-06-20 23:47:02.865  INFO 2012 --- [    Test worker] o.hibernate.annotations.common.Version   : HCANN000001: Hibernate Commons Annotations {4.0.5.Final}
2016-06-20 23:47:03.060  INFO 2012 --- [    Test worker] org.hibernate.dialect.Dialect            : HHH000400: Using dialect: org.hibernate.dialect.HSQLDialect
2016-06-20 23:47:03.404  INFO 2012 --- [    Test worker] o.h.h.i.ast.ASTQueryTranslatorFactory    : HHH000397: Using ASTQueryTranslatorFactory
2016-06-20 23:47:04.310  INFO 2012 --- [    Test worker] o.h.tool.hbm2ddl.SchemaValidator         : HHH000229: Running schema validator
2016-06-20 23:47:04.311  INFO 2012 --- [    Test worker] o.h.tool.hbm2ddl.SchemaValidator         : HHH000102: Fetching database metadata
2016-06-20 23:47:04.404  INFO 2012 --- [    Test worker] o.hibernate.tool.hbm2ddl.TableMetadata   : HHH000261: Table found: PUBLIC.PUBLIC.GREETING
2016-06-20 23:47:04.406  INFO 2012 --- [    Test worker] o.hibernate.tool.hbm2ddl.TableMetadata   : HHH000037: Columns: [id, text]
2016-06-20 23:47:07.370  INFO 2012 --- [    Test worker] s.w.s.m.m.a.RequestMappingHandlerAdapter : Looking for @ControllerAdvice: org.springframework.web.context.support.GenericWebApplicationContext@45058f: startup date [Mon Jun 20 23:46:52 CDT 2016]; root of context hierarchy
2016-06-20 23:47:07.396  INFO 2012 --- [    Test worker] s.w.s.m.m.a.RequestMappingHandlerAdapter : Detected ResponseBodyAdvice bean in org.springframework.boot.actuate.autoconfigure.EndpointWebMvcHypermediaManagementContextConfiguration$ActuatorEndpointLinksAdvice
2016-06-20 23:47:07.607  INFO 2012 --- [    Test worker] s.w.s.m.m.a.RequestMappingHandlerMapping : Mapped "{[/api/greetings],methods=[GET],produces=[application/json]}" onto public org.springframework.http.ResponseEntity<java.util.Collection<edu.sraikar.ws.model.Greeting>> edu.sraikar.ws.web.api.GreetingController.getGreetings()
2016-06-20 23:47:07.610  INFO 2012 --- [    Test worker] s.w.s.m.m.a.RequestMappingHandlerMapping : Mapped "{[/api/greetings/{id}],methods=[DELETE]}" onto public org.springframework.http.ResponseEntity<edu.sraikar.ws.model.Greeting> edu.sraikar.ws.web.api.GreetingController.deleteGreeting(java.lang.Long)
2016-06-20 23:47:07.611  INFO 2012 --- [    Test worker] s.w.s.m.m.a.RequestMappingHandlerMapping : Mapped "{[/api/greetings],methods=[POST],consumes=[application/json],produces=[application/json]}" onto public org.springframework.http.ResponseEntity<edu.sraikar.ws.model.Greeting> edu.sraikar.ws.web.api.GreetingController.createGreeting(edu.sraikar.ws.model.Greeting)
2016-06-20 23:47:07.612  INFO 2012 --- [    Test worker] s.w.s.m.m.a.RequestMappingHandlerMapping : Mapped "{[/api/greetings/{id}],methods=[GET],produces=[application/json]}" onto public org.springframework.http.ResponseEntity<edu.sraikar.ws.model.Greeting> edu.sraikar.ws.web.api.GreetingController.getGreeting(java.lang.Long)
2016-06-20 23:47:07.612  INFO 2012 --- [    Test worker] s.w.s.m.m.a.RequestMappingHandlerMapping : Mapped "{[/api/greetings/{id}/send],methods=[POST],produces=[application/json]}" onto public org.springframework.http.ResponseEntity<edu.sraikar.ws.model.Greeting> edu.sraikar.ws.web.api.GreetingController.sendGreeting(java.lang.Long,boolean)
2016-06-20 23:47:07.613  INFO 2012 --- [    Test worker] s.w.s.m.m.a.RequestMappingHandlerMapping : Mapped "{[/api/greetings/{id}],methods=[PUT],consumes=[application/json],produces=[application/json]}" onto public org.springframework.http.ResponseEntity<edu.sraikar.ws.model.Greeting> edu.sraikar.ws.web.api.GreetingController.updateGreeting(edu.sraikar.ws.model.Greeting)
2016-06-20 23:47:07.625  INFO 2012 --- [    Test worker] s.w.s.m.m.a.RequestMappingHandlerMapping : Mapped "{[/error]}" onto public org.springframework.http.ResponseEntity<java.util.Map<java.lang.String, java.lang.Object>> org.springframework.boot.autoconfigure.web.BasicErrorController.error(javax.servlet.http.HttpServletRequest)
2016-06-20 23:47:07.625  INFO 2012 --- [    Test worker] s.w.s.m.m.a.RequestMappingHandlerMapping : Mapped "{[/error],produces=[text/html]}" onto public org.springframework.web.servlet.ModelAndView org.springframework.boot.autoconfigure.web.BasicErrorController.errorHtml(javax.servlet.http.HttpServletRequest,javax.servlet.http.HttpServletResponse)
2016-06-20 23:47:07.706  INFO 2012 --- [    Test worker] o.s.w.s.handler.SimpleUrlHandlerMapping  : Mapped URL path [/webjars/**] onto handler of type [class org.springframework.web.servlet.resource.ResourceHttpRequestHandler]
2016-06-20 23:47:07.706  INFO 2012 --- [    Test worker] o.s.w.s.handler.SimpleUrlHandlerMapping  : Mapped URL path [/**] onto handler of type [class org.springframework.web.servlet.resource.ResourceHttpRequestHandler]
2016-06-20 23:47:07.755  INFO 2012 --- [    Test worker] .m.m.a.ExceptionHandlerExceptionResolver : Detected ResponseBodyAdvice implementation in org.springframework.boot.actuate.autoconfigure.EndpointWebMvcHypermediaManagementContextConfiguration$ActuatorEndpointLinksAdvice
2016-06-20 23:47:07.819  INFO 2012 --- [    Test worker] o.s.w.s.handler.SimpleUrlHandlerMapping  : Mapped URL path [/**/favicon.ico] onto handler of type [class org.springframework.web.servlet.resource.ResourceHttpRequestHandler]
2016-06-20 23:47:08.601  INFO 2012 --- [    Test worker] o.s.s.web.DefaultSecurityFilterChain     : Creating filter chain: OrRequestMatcher [requestMatchers=[Ant [pattern='/css/**'], Ant [pattern='/js/**'], Ant [pattern='/images/**'], Ant [pattern='/**/favicon.ico'], Ant [pattern='/error']]], []
2016-06-20 23:47:08.749  INFO 2012 --- [    Test worker] o.s.s.web.DefaultSecurityFilterChain     : Creating filter chain: Ant [pattern='/actuators/**'], [org.springframework.security.web.context.request.async.WebAsyncManagerIntegrationFilter@1065255, org.springframework.security.web.context.SecurityContextPersistenceFilter@13475f6, org.springframework.security.web.header.HeaderWriterFilter@199ef9e, org.springframework.security.web.authentication.logout.LogoutFilter@1099f3e, org.springframework.security.web.authentication.www.BasicAuthenticationFilter@ef75a2, org.springframework.security.web.savedrequest.RequestCacheAwareFilter@60975a, org.springframework.security.web.servletapi.SecurityContextHolderAwareRequestFilter@314915, org.springframework.security.web.authentication.AnonymousAuthenticationFilter@2f67b2, org.springframework.security.web.session.SessionManagementFilter@87a168, org.springframework.security.web.access.ExceptionTranslationFilter@ed92a6, org.springframework.security.web.access.intercept.FilterSecurityInterceptor@10315bf]
2016-06-20 23:47:08.758  INFO 2012 --- [    Test worker] o.s.s.web.DefaultSecurityFilterChain     : Creating filter chain: OrRequestMatcher [requestMatchers=[Ant [pattern='/**']]], [org.springframework.security.web.context.request.async.WebAsyncManagerIntegrationFilter@15b006a, org.springframework.security.web.context.SecurityContextPersistenceFilter@26d7f2, org.springframework.security.web.header.HeaderWriterFilter@6416f8, org.springframework.security.web.authentication.logout.LogoutFilter@18452aa, org.springframework.security.web.authentication.www.BasicAuthenticationFilter@1c9872f, org.springframework.security.web.savedrequest.RequestCacheAwareFilter@130445a, org.springframework.security.web.servletapi.SecurityContextHolderAwareRequestFilter@1cb5092, org.springframework.security.web.authentication.AnonymousAuthenticationFilter@1e0d9e, org.springframework.security.web.session.SessionManagementFilter@a9766, org.springframework.security.web.access.ExceptionTranslationFilter@db3418, org.springframework.security.web.access.intercept.FilterSecurityInterceptor@13f9c05]
2016-06-20 23:47:09.838  INFO 2012 --- [    Test worker] o.s.b.a.e.mvc.EndpointHandlerMapping     : Mapped "{[/actuators/mappings || /actuators/mappings.json],methods=[GET],produces=[application/json]}" onto public java.lang.Object org.springframework.boot.actuate.endpoint.mvc.EndpointMvcAdapter.invoke()
2016-06-20 23:47:09.842  INFO 2012 --- [    Test worker] o.s.b.a.e.mvc.EndpointHandlerMapping     : Mapped "{[/actuators/],produces=[application/json]}" onto public java.lang.String org.springframework.boot.actuate.endpoint.mvc.HalJsonMvcEndpoint.forward()
2016-06-20 23:47:09.843  INFO 2012 --- [    Test worker] o.s.b.a.e.mvc.EndpointHandlerMapping     : Mapped "{[/actuators || /actuators.json],produces=[application/json]}" onto public org.springframework.hateoas.ResourceSupport org.springframework.boot.actuate.endpoint.mvc.HalJsonMvcEndpoint.links()
2016-06-20 23:47:09.846  INFO 2012 --- [    Test worker] o.s.b.a.e.mvc.EndpointHandlerMapping     : Mapped "{[/actuators/info || /actuators/info.json],methods=[GET],produces=[application/json]}" onto public java.lang.Object org.springframework.boot.actuate.endpoint.mvc.EndpointMvcAdapter.invoke()
2016-06-20 23:47:09.847  INFO 2012 --- [    Test worker] o.s.b.a.e.mvc.EndpointHandlerMapping     : Mapped "{[/actuators/trace || /actuators/trace.json],methods=[GET],produces=[application/json]}" onto public java.lang.Object org.springframework.boot.actuate.endpoint.mvc.EndpointMvcAdapter.invoke()
2016-06-20 23:47:09.848  INFO 2012 --- [    Test worker] o.s.b.a.e.mvc.EndpointHandlerMapping     : Mapped "{[/actuators/autoconfig || /actuators/autoconfig.json],methods=[GET],produces=[application/json]}" onto public java.lang.Object org.springframework.boot.actuate.endpoint.mvc.EndpointMvcAdapter.invoke()
2016-06-20 23:47:09.850  INFO 2012 --- [    Test worker] o.s.b.a.e.mvc.EndpointHandlerMapping     : Mapped "{[/actuators/status || /actuators/status.json],produces=[application/json]}" onto public java.lang.Object org.springframework.boot.actuate.endpoint.mvc.HealthMvcEndpoint.invoke(java.security.Principal)
2016-06-20 23:47:09.851  INFO 2012 --- [    Test worker] o.s.b.a.e.mvc.EndpointHandlerMapping     : Mapped "{[/actuators/env/{name:.*}],methods=[GET],produces=[application/json]}" onto public java.lang.Object org.springframework.boot.actuate.endpoint.mvc.EnvironmentMvcEndpoint.value(java.lang.String)
2016-06-20 23:47:09.852  INFO 2012 --- [    Test worker] o.s.b.a.e.mvc.EndpointHandlerMapping     : Mapped "{[/actuators/env || /actuators/env.json],methods=[GET],produces=[application/json]}" onto public java.lang.Object org.springframework.boot.actuate.endpoint.mvc.EndpointMvcAdapter.invoke()
2016-06-20 23:47:09.853  INFO 2012 --- [    Test worker] o.s.b.a.e.mvc.EndpointHandlerMapping     : Mapped "{[/actuators/metrics/{name:.*}],methods=[GET],produces=[application/json]}" onto public java.lang.Object org.springframework.boot.actuate.endpoint.mvc.MetricsMvcEndpoint.value(java.lang.String)
2016-06-20 23:47:09.854  INFO 2012 --- [    Test worker] o.s.b.a.e.mvc.EndpointHandlerMapping     : Mapped "{[/actuators/metrics || /actuators/metrics.json],methods=[GET],produces=[application/json]}" onto public java.lang.Object org.springframework.boot.actuate.endpoint.mvc.EndpointMvcAdapter.invoke()
2016-06-20 23:47:09.855  INFO 2012 --- [    Test worker] o.s.b.a.e.mvc.EndpointHandlerMapping     : Mapped "{[/actuators/shutdown || /actuators/shutdown.json],methods=[POST]}" onto public java.lang.Object org.springframework.boot.actuate.endpoint.mvc.ShutdownMvcEndpoint.invoke()
2016-06-20 23:47:09.856  INFO 2012 --- [    Test worker] o.s.b.a.e.mvc.EndpointHandlerMapping     : Mapped "{[/actuators/beans || /actuators/beans.json],methods=[GET],produces=[application/json]}" onto public java.lang.Object org.springframework.boot.actuate.endpoint.mvc.EndpointMvcAdapter.invoke()
2016-06-20 23:47:09.857  INFO 2012 --- [    Test worker] o.s.b.a.e.mvc.EndpointHandlerMapping     : Mapped "{[/actuators/dump || /actuators/dump.json],methods=[GET],produces=[application/json]}" onto public java.lang.Object org.springframework.boot.actuate.endpoint.mvc.EndpointMvcAdapter.invoke()
2016-06-20 23:47:09.858  INFO 2012 --- [    Test worker] o.s.b.a.e.mvc.EndpointHandlerMapping     : Mapped "{[/actuators/configprops || /actuators/configprops.json],methods=[GET],produces=[application/json]}" onto public java.lang.Object org.springframework.boot.actuate.endpoint.mvc.EndpointMvcAdapter.invoke()
2016-06-20 23:47:10.403  INFO 2012 --- [    Test worker] e.s.ws.api.GreetingControllerMocksTest   : Started GreetingControllerMocksTest in 18.873 seconds (JVM running for 22.102)
2016-06-20 23:47:10.567  INFO 2012 --- [    Test worker] o.s.t.c.transaction.TransactionContext   : Began transaction (1) for test context [DefaultTestContext@1f90dab testClass = GreetingControllerMocksTest, testInstance = edu.sraikar.ws.api.GreetingControllerMocksTest@830a0, testMethod = testGetGreetings@GreetingControllerMocksTest, testException = [null], mergedContextConfiguration = [WebMergedContextConfiguration@1a7046f testClass = GreetingControllerMocksTest, locations = '{}', classes = '{class edu.sraikar.Application}', contextInitializerClasses = '[]', activeProfiles = '{}', propertySourceLocations = '{}', propertySourceProperties = '{}', resourceBasePath = 'src/main/webapp', contextLoader = 'org.springframework.boot.test.SpringApplicationContextLoader', parent = [null]]]; transaction manager [org.springframework.orm.jpa.JpaTransactionManager@5e1182]; rollback [true]
2016-06-20 23:47:11.048  INFO 2012 --- [    Test worker] ilder$StaticRequestMappingHandlerMapping : Mapped "{[/api/greetings],methods=[GET],produces=[application/json]}" onto public org.springframework.http.ResponseEntity<java.util.Collection<edu.sraikar.ws.model.Greeting>> edu.sraikar.ws.web.api.GreetingController.getGreetings()
2016-06-20 23:47:11.049  INFO 2012 --- [    Test worker] ilder$StaticRequestMappingHandlerMapping : Mapped "{[/api/greetings/{id}],methods=[DELETE]}" onto public org.springframework.http.ResponseEntity<edu.sraikar.ws.model.Greeting> edu.sraikar.ws.web.api.GreetingController.deleteGreeting(java.lang.Long)
2016-06-20 23:47:11.051  INFO 2012 --- [    Test worker] ilder$StaticRequestMappingHandlerMapping : Mapped "{[/api/greetings],methods=[POST],consumes=[application/json],produces=[application/json]}" onto public org.springframework.http.ResponseEntity<edu.sraikar.ws.model.Greeting> edu.sraikar.ws.web.api.GreetingController.createGreeting(edu.sraikar.ws.model.Greeting)
2016-06-20 23:47:11.052  INFO 2012 --- [    Test worker] ilder$StaticRequestMappingHandlerMapping : Mapped "{[/api/greetings/{id}],methods=[GET],produces=[application/json]}" onto public org.springframework.http.ResponseEntity<edu.sraikar.ws.model.Greeting> edu.sraikar.ws.web.api.GreetingController.getGreeting(java.lang.Long)
2016-06-20 23:47:11.053  INFO 2012 --- [    Test worker] ilder$StaticRequestMappingHandlerMapping : Mapped "{[/api/greetings/{id}/send],methods=[POST],produces=[application/json]}" onto public org.springframework.http.ResponseEntity<edu.sraikar.ws.model.Greeting> edu.sraikar.ws.web.api.GreetingController.sendGreeting(java.lang.Long,boolean)
2016-06-20 23:47:11.054  INFO 2012 --- [    Test worker] ilder$StaticRequestMappingHandlerMapping : Mapped "{[/api/greetings/{id}],methods=[PUT],consumes=[application/json],produces=[application/json]}" onto public org.springframework.http.ResponseEntity<edu.sraikar.ws.model.Greeting> edu.sraikar.ws.web.api.GreetingController.updateGreeting(edu.sraikar.ws.model.Greeting)
2016-06-20 23:47:11.075  INFO 2012 --- [    Test worker] s.w.s.m.m.a.RequestMappingHandlerAdapter : Looking for @ControllerAdvice: org.springframework.test.web.servlet.setup.StubWebApplicationContext@1e60b9b
2016-06-20 23:47:11.097  INFO 2012 --- [    Test worker] o.s.mock.web.MockServletContext          : Initializing Spring FrameworkServlet ''
2016-06-20 23:47:11.097  INFO 2012 --- [    Test worker] o.s.t.web.servlet.TestDispatcherServlet  : FrameworkServlet '': initialization started
2016-06-20 23:47:11.098  INFO 2012 --- [    Test worker] o.s.t.web.servlet.TestDispatcherServlet  : FrameworkServlet '': initialization completed in 0 ms
2016-06-20 23:47:11.222  INFO 2012 --- [    Test worker] e.sraikar.ws.web.api.GreetingController  : getAllGreetings called!
2016-06-20 23:47:11.425  INFO 2012 --- [    Test worker] o.s.t.c.transaction.TransactionContext   : Rolled back transaction for test context [DefaultTestContext@1f90dab testClass = GreetingControllerMocksTest, testInstance = edu.sraikar.ws.api.GreetingControllerMocksTest@830a0, testMethod = testGetGreetings@GreetingControllerMocksTest, testException = [null], mergedContextConfiguration = [WebMergedContextConfiguration@1a7046f testClass = GreetingControllerMocksTest, locations = '{}', classes = '{class edu.sraikar.Application}', contextInitializerClasses = '[]', activeProfiles = '{}', propertySourceLocations = '{}', propertySourceProperties = '{}', resourceBasePath = 'src/main/webapp', contextLoader = 'org.springframework.boot.test.SpringApplicationContextLoader', parent = [null]]].
2016-06-20 23:47:11.430  INFO 2012 --- [    Test worker] o.s.t.c.transaction.TransactionContext   : Began transaction (1) for test context [DefaultTestContext@1f90dab testClass = GreetingControllerMocksTest, testInstance = edu.sraikar.ws.api.GreetingControllerMocksTest@eb8c59, testMethod = testGetGreetingNotFound@GreetingControllerMocksTest, testException = [null], mergedContextConfiguration = [WebMergedContextConfiguration@1a7046f testClass = GreetingControllerMocksTest, locations = '{}', classes = '{class edu.sraikar.Application}', contextInitializerClasses = '[]', activeProfiles = '{}', propertySourceLocations = '{}', propertySourceProperties = '{}', resourceBasePath = 'src/main/webapp', contextLoader = 'org.springframework.boot.test.SpringApplicationContextLoader', parent = [null]]]; transaction manager [org.springframework.orm.jpa.JpaTransactionManager@5e1182]; rollback [true]
2016-06-20 23:47:11.435  INFO 2012 --- [    Test worker] ilder$StaticRequestMappingHandlerMapping : Mapped "{[/api/greetings],methods=[GET],produces=[application/json]}" onto public org.springframework.http.ResponseEntity<java.util.Collection<edu.sraikar.ws.model.Greeting>> edu.sraikar.ws.web.api.GreetingController.getGreetings()
2016-06-20 23:47:11.436  INFO 2012 --- [    Test worker] ilder$StaticRequestMappingHandlerMapping : Mapped "{[/api/greetings/{id}],methods=[DELETE]}" onto public org.springframework.http.ResponseEntity<edu.sraikar.ws.model.Greeting> edu.sraikar.ws.web.api.GreetingController.deleteGreeting(java.lang.Long)
2016-06-20 23:47:11.437  INFO 2012 --- [    Test worker] ilder$StaticRequestMappingHandlerMapping : Mapped "{[/api/greetings],methods=[POST],consumes=[application/json],produces=[application/json]}" onto public org.springframework.http.ResponseEntity<edu.sraikar.ws.model.Greeting> edu.sraikar.ws.web.api.GreetingController.createGreeting(edu.sraikar.ws.model.Greeting)
2016-06-20 23:47:11.438  INFO 2012 --- [    Test worker] ilder$StaticRequestMappingHandlerMapping : Mapped "{[/api/greetings/{id}],methods=[GET],produces=[application/json]}" onto public org.springframework.http.ResponseEntity<edu.sraikar.ws.model.Greeting> edu.sraikar.ws.web.api.GreetingController.getGreeting(java.lang.Long)
2016-06-20 23:47:11.440  INFO 2012 --- [    Test worker] ilder$StaticRequestMappingHandlerMapping : Mapped "{[/api/greetings/{id}/send],methods=[POST],produces=[application/json]}" onto public org.springframework.http.ResponseEntity<edu.sraikar.ws.model.Greeting> edu.sraikar.ws.web.api.GreetingController.sendGreeting(java.lang.Long,boolean)
2016-06-20 23:47:11.442  INFO 2012 --- [    Test worker] ilder$StaticRequestMappingHandlerMapping : Mapped "{[/api/greetings/{id}],methods=[PUT],consumes=[application/json],produces=[application/json]}" onto public org.springframework.http.ResponseEntity<edu.sraikar.ws.model.Greeting> edu.sraikar.ws.web.api.GreetingController.updateGreeting(edu.sraikar.ws.model.Greeting)
2016-06-20 23:47:11.458  INFO 2012 --- [    Test worker] s.w.s.m.m.a.RequestMappingHandlerAdapter : Looking for @ControllerAdvice: org.springframework.test.web.servlet.setup.StubWebApplicationContext@13c2512
2016-06-20 23:47:11.464  INFO 2012 --- [    Test worker] o.s.mock.web.MockServletContext          : Initializing Spring FrameworkServlet ''
2016-06-20 23:47:11.464  INFO 2012 --- [    Test worker] o.s.t.web.servlet.TestDispatcherServlet  : FrameworkServlet '': initialization started
2016-06-20 23:47:11.464  INFO 2012 --- [    Test worker] o.s.t.web.servlet.TestDispatcherServlet  : FrameworkServlet '': initialization completed in 0 ms
2016-06-20 23:47:11.476  INFO 2012 --- [    Test worker] e.sraikar.ws.web.api.GreetingController  : getGreeting called!
2016-06-20 23:47:11.482  INFO 2012 --- [    Test worker] o.s.t.c.transaction.TransactionContext   : Rolled back transaction for test context [DefaultTestContext@1f90dab testClass = GreetingControllerMocksTest, testInstance = edu.sraikar.ws.api.GreetingControllerMocksTest@eb8c59, testMethod = testGetGreetingNotFound@GreetingControllerMocksTest, testException = [null], mergedContextConfiguration = [WebMergedContextConfiguration@1a7046f testClass = GreetingControllerMocksTest, locations = '{}', classes = '{class edu.sraikar.Application}', contextInitializerClasses = '[]', activeProfiles = '{}', propertySourceLocations = '{}', propertySourceProperties = '{}', resourceBasePath = 'src/main/webapp', contextLoader = 'org.springframework.boot.test.SpringApplicationContextLoader', parent = [null]]].
2016-06-20 23:47:11.486  INFO 2012 --- [    Test worker] o.s.t.c.transaction.TransactionContext   : Began transaction (1) for test context [DefaultTestContext@1f90dab testClass = GreetingControllerMocksTest, testInstance = edu.sraikar.ws.api.GreetingControllerMocksTest@df42e3, testMethod = testUpdateGreeting@GreetingControllerMocksTest, testException = [null], mergedContextConfiguration = [WebMergedContextConfiguration@1a7046f testClass = GreetingControllerMocksTest, locations = '{}', classes = '{class edu.sraikar.Application}', contextInitializerClasses = '[]', activeProfiles = '{}', propertySourceLocations = '{}', propertySourceProperties = '{}', resourceBasePath = 'src/main/webapp', contextLoader = 'org.springframework.boot.test.SpringApplicationContextLoader', parent = [null]]]; transaction manager [org.springframework.orm.jpa.JpaTransactionManager@5e1182]; rollback [true]
2016-06-20 23:47:11.492  INFO 2012 --- [    Test worker] ilder$StaticRequestMappingHandlerMapping : Mapped "{[/api/greetings],methods=[GET],produces=[application/json]}" onto public org.springframework.http.ResponseEntity<java.util.Collection<edu.sraikar.ws.model.Greeting>> edu.sraikar.ws.web.api.GreetingController.getGreetings()
2016-06-20 23:47:11.493  INFO 2012 --- [    Test worker] ilder$StaticRequestMappingHandlerMapping : Mapped "{[/api/greetings/{id}],methods=[DELETE]}" onto public org.springframework.http.ResponseEntity<edu.sraikar.ws.model.Greeting> edu.sraikar.ws.web.api.GreetingController.deleteGreeting(java.lang.Long)
2016-06-20 23:47:11.494  INFO 2012 --- [    Test worker] ilder$StaticRequestMappingHandlerMapping : Mapped "{[/api/greetings],methods=[POST],consumes=[application/json],produces=[application/json]}" onto public org.springframework.http.ResponseEntity<edu.sraikar.ws.model.Greeting> edu.sraikar.ws.web.api.GreetingController.createGreeting(edu.sraikar.ws.model.Greeting)
2016-06-20 23:47:11.494  INFO 2012 --- [    Test worker] ilder$StaticRequestMappingHandlerMapping : Mapped "{[/api/greetings/{id}],methods=[GET],produces=[application/json]}" onto public org.springframework.http.ResponseEntity<edu.sraikar.ws.model.Greeting> edu.sraikar.ws.web.api.GreetingController.getGreeting(java.lang.Long)
2016-06-20 23:47:11.494  INFO 2012 --- [    Test worker] ilder$StaticRequestMappingHandlerMapping : Mapped "{[/api/greetings/{id}/send],methods=[POST],produces=[application/json]}" onto public org.springframework.http.ResponseEntity<edu.sraikar.ws.model.Greeting> edu.sraikar.ws.web.api.GreetingController.sendGreeting(java.lang.Long,boolean)
2016-06-20 23:47:11.495  INFO 2012 --- [    Test worker] ilder$StaticRequestMappingHandlerMapping : Mapped "{[/api/greetings/{id}],methods=[PUT],consumes=[application/json],produces=[application/json]}" onto public org.springframework.http.ResponseEntity<edu.sraikar.ws.model.Greeting> edu.sraikar.ws.web.api.GreetingController.updateGreeting(edu.sraikar.ws.model.Greeting)
2016-06-20 23:47:11.517  INFO 2012 --- [    Test worker] s.w.s.m.m.a.RequestMappingHandlerAdapter : Looking for @ControllerAdvice: org.springframework.test.web.servlet.setup.StubWebApplicationContext@89e2ae
2016-06-20 23:47:11.527  INFO 2012 --- [    Test worker] o.s.mock.web.MockServletContext          : Initializing Spring FrameworkServlet ''
2016-06-20 23:47:11.528  INFO 2012 --- [    Test worker] o.s.t.web.servlet.TestDispatcherServlet  : FrameworkServlet '': initialization started
2016-06-20 23:47:11.528  INFO 2012 --- [    Test worker] o.s.t.web.servlet.TestDispatcherServlet  : FrameworkServlet '': initialization completed in 0 ms
2016-06-20 23:47:11.676  INFO 2012 --- [    Test worker] e.sraikar.ws.web.api.GreetingController  : updateGreeting called!
2016-06-20 23:47:11.685  INFO 2012 --- [    Test worker] o.s.t.c.transaction.TransactionContext   : Rolled back transaction for test context [DefaultTestContext@1f90dab testClass = GreetingControllerMocksTest, testInstance = edu.sraikar.ws.api.GreetingControllerMocksTest@df42e3, testMethod = testUpdateGreeting@GreetingControllerMocksTest, testException = [null], mergedContextConfiguration = [WebMergedContextConfiguration@1a7046f testClass = GreetingControllerMocksTest, locations = '{}', classes = '{class edu.sraikar.Application}', contextInitializerClasses = '[]', activeProfiles = '{}', propertySourceLocations = '{}', propertySourceProperties = '{}', resourceBasePath = 'src/main/webapp', contextLoader = 'org.springframework.boot.test.SpringApplicationContextLoader', parent = [null]]].
2016-06-20 23:47:11.690  INFO 2012 --- [    Test worker] o.s.t.c.transaction.TransactionContext   : Began transaction (1) for test context [DefaultTestContext@1f90dab testClass = GreetingControllerMocksTest, testInstance = edu.sraikar.ws.api.GreetingControllerMocksTest@2cbf68, testMethod = testCreateGreeting@GreetingControllerMocksTest, testException = [null], mergedContextConfiguration = [WebMergedContextConfiguration@1a7046f testClass = GreetingControllerMocksTest, locations = '{}', classes = '{class edu.sraikar.Application}', contextInitializerClasses = '[]', activeProfiles = '{}', propertySourceLocations = '{}', propertySourceProperties = '{}', resourceBasePath = 'src/main/webapp', contextLoader = 'org.springframework.boot.test.SpringApplicationContextLoader', parent = [null]]]; transaction manager [org.springframework.orm.jpa.JpaTransactionManager@5e1182]; rollback [true]
2016-06-20 23:47:11.695  INFO 2012 --- [    Test worker] ilder$StaticRequestMappingHandlerMapping : Mapped "{[/api/greetings],methods=[GET],produces=[application/json]}" onto public org.springframework.http.ResponseEntity<java.util.Collection<edu.sraikar.ws.model.Greeting>> edu.sraikar.ws.web.api.GreetingController.getGreetings()
2016-06-20 23:47:11.695  INFO 2012 --- [    Test worker] ilder$StaticRequestMappingHandlerMapping : Mapped "{[/api/greetings/{id}],methods=[DELETE]}" onto public org.springframework.http.ResponseEntity<edu.sraikar.ws.model.Greeting> edu.sraikar.ws.web.api.GreetingController.deleteGreeting(java.lang.Long)
2016-06-20 23:47:11.696  INFO 2012 --- [    Test worker] ilder$StaticRequestMappingHandlerMapping : Mapped "{[/api/greetings],methods=[POST],consumes=[application/json],produces=[application/json]}" onto public org.springframework.http.ResponseEntity<edu.sraikar.ws.model.Greeting> edu.sraikar.ws.web.api.GreetingController.createGreeting(edu.sraikar.ws.model.Greeting)
2016-06-20 23:47:11.696  INFO 2012 --- [    Test worker] ilder$StaticRequestMappingHandlerMapping : Mapped "{[/api/greetings/{id}],methods=[GET],produces=[application/json]}" onto public org.springframework.http.ResponseEntity<edu.sraikar.ws.model.Greeting> edu.sraikar.ws.web.api.GreetingController.getGreeting(java.lang.Long)
2016-06-20 23:47:11.696  INFO 2012 --- [    Test worker] ilder$StaticRequestMappingHandlerMapping : Mapped "{[/api/greetings/{id}/send],methods=[POST],produces=[application/json]}" onto public org.springframework.http.ResponseEntity<edu.sraikar.ws.model.Greeting> edu.sraikar.ws.web.api.GreetingController.sendGreeting(java.lang.Long,boolean)
2016-06-20 23:47:11.697  INFO 2012 --- [    Test worker] ilder$StaticRequestMappingHandlerMapping : Mapped "{[/api/greetings/{id}],methods=[PUT],consumes=[application/json],produces=[application/json]}" onto public org.springframework.http.ResponseEntity<edu.sraikar.ws.model.Greeting> edu.sraikar.ws.web.api.GreetingController.updateGreeting(edu.sraikar.ws.model.Greeting)
2016-06-20 23:47:11.716  INFO 2012 --- [    Test worker] s.w.s.m.m.a.RequestMappingHandlerAdapter : Looking for @ControllerAdvice: org.springframework.test.web.servlet.setup.StubWebApplicationContext@1a798e6
2016-06-20 23:47:11.723  INFO 2012 --- [    Test worker] o.s.mock.web.MockServletContext          : Initializing Spring FrameworkServlet ''
2016-06-20 23:47:11.724  INFO 2012 --- [    Test worker] o.s.t.web.servlet.TestDispatcherServlet  : FrameworkServlet '': initialization started
2016-06-20 23:47:11.724  INFO 2012 --- [    Test worker] o.s.t.web.servlet.TestDispatcherServlet  : FrameworkServlet '': initialization completed in 0 ms
2016-06-20 23:47:11.729  INFO 2012 --- [    Test worker] e.sraikar.ws.web.api.GreetingController  : createGreeting called!
2016-06-20 23:47:11.735  INFO 2012 --- [    Test worker] o.s.t.c.transaction.TransactionContext   : Rolled back transaction for test context [DefaultTestContext@1f90dab testClass = GreetingControllerMocksTest, testInstance = edu.sraikar.ws.api.GreetingControllerMocksTest@2cbf68, testMethod = testCreateGreeting@GreetingControllerMocksTest, testException = [null], mergedContextConfiguration = [WebMergedContextConfiguration@1a7046f testClass = GreetingControllerMocksTest, locations = '{}', classes = '{class edu.sraikar.Application}', contextInitializerClasses = '[]', activeProfiles = '{}', propertySourceLocations = '{}', propertySourceProperties = '{}', resourceBasePath = 'src/main/webapp', contextLoader = 'org.springframework.boot.test.SpringApplicationContextLoader', parent = [null]]].
2016-06-20 23:47:11.740  INFO 2012 --- [    Test worker] o.s.t.c.transaction.TransactionContext   : Began transaction (1) for test context [DefaultTestContext@1f90dab testClass = GreetingControllerMocksTest, testInstance = edu.sraikar.ws.api.GreetingControllerMocksTest@18bdc5e, testMethod = testDeleteGreeting@GreetingControllerMocksTest, testException = [null], mergedContextConfiguration = [WebMergedContextConfiguration@1a7046f testClass = GreetingControllerMocksTest, locations = '{}', classes = '{class edu.sraikar.Application}', contextInitializerClasses = '[]', activeProfiles = '{}', propertySourceLocations = '{}', propertySourceProperties = '{}', resourceBasePath = 'src/main/webapp', contextLoader = 'org.springframework.boot.test.SpringApplicationContextLoader', parent = [null]]]; transaction manager [org.springframework.orm.jpa.JpaTransactionManager@5e1182]; rollback [true]
2016-06-20 23:47:11.747  INFO 2012 --- [    Test worker] ilder$StaticRequestMappingHandlerMapping : Mapped "{[/api/greetings],methods=[GET],produces=[application/json]}" onto public org.springframework.http.ResponseEntity<java.util.Collection<edu.sraikar.ws.model.Greeting>> edu.sraikar.ws.web.api.GreetingController.getGreetings()
2016-06-20 23:47:11.749  INFO 2012 --- [    Test worker] ilder$StaticRequestMappingHandlerMapping : Mapped "{[/api/greetings/{id}],methods=[DELETE]}" onto public org.springframework.http.ResponseEntity<edu.sraikar.ws.model.Greeting> edu.sraikar.ws.web.api.GreetingController.deleteGreeting(java.lang.Long)
2016-06-20 23:47:11.749  INFO 2012 --- [    Test worker] ilder$StaticRequestMappingHandlerMapping : Mapped "{[/api/greetings],methods=[POST],consumes=[application/json],produces=[application/json]}" onto public org.springframework.http.ResponseEntity<edu.sraikar.ws.model.Greeting> edu.sraikar.ws.web.api.GreetingController.createGreeting(edu.sraikar.ws.model.Greeting)
2016-06-20 23:47:11.750  INFO 2012 --- [    Test worker] ilder$StaticRequestMappingHandlerMapping : Mapped "{[/api/greetings/{id}],methods=[GET],produces=[application/json]}" onto public org.springframework.http.ResponseEntity<edu.sraikar.ws.model.Greeting> edu.sraikar.ws.web.api.GreetingController.getGreeting(java.lang.Long)
2016-06-20 23:47:11.751  INFO 2012 --- [    Test worker] ilder$StaticRequestMappingHandlerMapping : Mapped "{[/api/greetings/{id}/send],methods=[POST],produces=[application/json]}" onto public org.springframework.http.ResponseEntity<edu.sraikar.ws.model.Greeting> edu.sraikar.ws.web.api.GreetingController.sendGreeting(java.lang.Long,boolean)
2016-06-20 23:47:11.751  INFO 2012 --- [    Test worker] ilder$StaticRequestMappingHandlerMapping : Mapped "{[/api/greetings/{id}],methods=[PUT],consumes=[application/json],produces=[application/json]}" onto public org.springframework.http.ResponseEntity<edu.sraikar.ws.model.Greeting> edu.sraikar.ws.web.api.GreetingController.updateGreeting(edu.sraikar.ws.model.Greeting)
2016-06-20 23:47:11.770  INFO 2012 --- [    Test worker] s.w.s.m.m.a.RequestMappingHandlerAdapter : Looking for @ControllerAdvice: org.springframework.test.web.servlet.setup.StubWebApplicationContext@1daf0af
2016-06-20 23:47:11.779  INFO 2012 --- [    Test worker] o.s.mock.web.MockServletContext          : Initializing Spring FrameworkServlet ''
2016-06-20 23:47:11.779  INFO 2012 --- [    Test worker] o.s.t.web.servlet.TestDispatcherServlet  : FrameworkServlet '': initialization started
2016-06-20 23:47:11.779  INFO 2012 --- [    Test worker] o.s.t.web.servlet.TestDispatcherServlet  : FrameworkServlet '': initialization completed in 0 ms
2016-06-20 23:47:11.781  INFO 2012 --- [    Test worker] e.sraikar.ws.web.api.GreetingController  : deleteGreeting called!
2016-06-20 23:47:11.785  INFO 2012 --- [    Test worker] o.s.t.c.transaction.TransactionContext   : Rolled back transaction for test context [DefaultTestContext@1f90dab testClass = GreetingControllerMocksTest, testInstance = edu.sraikar.ws.api.GreetingControllerMocksTest@18bdc5e, testMethod = testDeleteGreeting@GreetingControllerMocksTest, testException = [null], mergedContextConfiguration = [WebMergedContextConfiguration@1a7046f testClass = GreetingControllerMocksTest, locations = '{}', classes = '{class edu.sraikar.Application}', contextInitializerClasses = '[]', activeProfiles = '{}', propertySourceLocations = '{}', propertySourceProperties = '{}', resourceBasePath = 'src/main/webapp', contextLoader = 'org.springframework.boot.test.SpringApplicationContextLoader', parent = [null]]].
2016-06-20 23:47:11.789  INFO 2012 --- [    Test worker] o.s.t.c.transaction.TransactionContext   : Began transaction (1) for test context [DefaultTestContext@1f90dab testClass = GreetingControllerMocksTest, testInstance = edu.sraikar.ws.api.GreetingControllerMocksTest@1eefeb2, testMethod = testGetGreeting@GreetingControllerMocksTest, testException = [null], mergedContextConfiguration = [WebMergedContextConfiguration@1a7046f testClass = GreetingControllerMocksTest, locations = '{}', classes = '{class edu.sraikar.Application}', contextInitializerClasses = '[]', activeProfiles = '{}', propertySourceLocations = '{}', propertySourceProperties = '{}', resourceBasePath = 'src/main/webapp', contextLoader = 'org.springframework.boot.test.SpringApplicationContextLoader', parent = [null]]]; transaction manager [org.springframework.orm.jpa.JpaTransactionManager@5e1182]; rollback [true]
2016-06-20 23:47:11.794  INFO 2012 --- [    Test worker] ilder$StaticRequestMappingHandlerMapping : Mapped "{[/api/greetings],methods=[GET],produces=[application/json]}" onto public org.springframework.http.ResponseEntity<java.util.Collection<edu.sraikar.ws.model.Greeting>> edu.sraikar.ws.web.api.GreetingController.getGreetings()
2016-06-20 23:47:11.795  INFO 2012 --- [    Test worker] ilder$StaticRequestMappingHandlerMapping : Mapped "{[/api/greetings/{id}],methods=[DELETE]}" onto public org.springframework.http.ResponseEntity<edu.sraikar.ws.model.Greeting> edu.sraikar.ws.web.api.GreetingController.deleteGreeting(java.lang.Long)
2016-06-20 23:47:11.795  INFO 2012 --- [    Test worker] ilder$StaticRequestMappingHandlerMapping : Mapped "{[/api/greetings],methods=[POST],consumes=[application/json],produces=[application/json]}" onto public org.springframework.http.ResponseEntity<edu.sraikar.ws.model.Greeting> edu.sraikar.ws.web.api.GreetingController.createGreeting(edu.sraikar.ws.model.Greeting)
2016-06-20 23:47:11.795  INFO 2012 --- [    Test worker] ilder$StaticRequestMappingHandlerMapping : Mapped "{[/api/greetings/{id}],methods=[GET],produces=[application/json]}" onto public org.springframework.http.ResponseEntity<edu.sraikar.ws.model.Greeting> edu.sraikar.ws.web.api.GreetingController.getGreeting(java.lang.Long)
2016-06-20 23:47:11.795  INFO 2012 --- [    Test worker] ilder$StaticRequestMappingHandlerMapping : Mapped "{[/api/greetings/{id}/send],methods=[POST],produces=[application/json]}" onto public org.springframework.http.ResponseEntity<edu.sraikar.ws.model.Greeting> edu.sraikar.ws.web.api.GreetingController.sendGreeting(java.lang.Long,boolean)
2016-06-20 23:47:11.796  INFO 2012 --- [    Test worker] ilder$StaticRequestMappingHandlerMapping : Mapped "{[/api/greetings/{id}],methods=[PUT],consumes=[application/json],produces=[application/json]}" onto public org.springframework.http.ResponseEntity<edu.sraikar.ws.model.Greeting> edu.sraikar.ws.web.api.GreetingController.updateGreeting(edu.sraikar.ws.model.Greeting)
2016-06-20 23:47:11.814  INFO 2012 --- [    Test worker] s.w.s.m.m.a.RequestMappingHandlerAdapter : Looking for @ControllerAdvice: org.springframework.test.web.servlet.setup.StubWebApplicationContext@14ab30e
2016-06-20 23:47:11.821  INFO 2012 --- [    Test worker] o.s.mock.web.MockServletContext          : Initializing Spring FrameworkServlet ''
2016-06-20 23:47:11.822  INFO 2012 --- [    Test worker] o.s.t.web.servlet.TestDispatcherServlet  : FrameworkServlet '': initialization started
2016-06-20 23:47:11.822  INFO 2012 --- [    Test worker] o.s.t.web.servlet.TestDispatcherServlet  : FrameworkServlet '': initialization completed in 0 ms
2016-06-20 23:47:11.826  INFO 2012 --- [    Test worker] e.sraikar.ws.web.api.GreetingController  : getGreeting called!
2016-06-20 23:47:11.829  INFO 2012 --- [    Test worker] o.s.t.c.transaction.TransactionContext   : Rolled back transaction for test context [DefaultTestContext@1f90dab testClass = GreetingControllerMocksTest, testInstance = edu.sraikar.ws.api.GreetingControllerMocksTest@1eefeb2, testMethod = testGetGreeting@GreetingControllerMocksTest, testException = [null], mergedContextConfiguration = [WebMergedContextConfiguration@1a7046f testClass = GreetingControllerMocksTest, locations = '{}', classes = '{class edu.sraikar.Application}', contextInitializerClasses = '[]', activeProfiles = '{}', propertySourceLocations = '{}', propertySourceProperties = '{}', resourceBasePath = 'src/main/webapp', contextLoader = 'org.springframework.boot.test.SpringApplicationContextLoader', parent = [null]]].
]]></system-out>
  <system-err><![CDATA[]]></system-err>
</testsuite>
